2026-03-15 11:33:56 [INFO]: 🚀 Server running on port 3000 
2026-03-15 11:33:56 [INFO]: ✅ Connected to MongoDB 
2026-03-15 11:33:56 [INFO]: ✅ Forced seeding of Exam Database disabled. Skipping... 
2026-03-15 11:33:56 [INFO]: ✅ Forced seeding of UserRoles Database disabled. Skipping... 
2026-03-15 11:34:04 [INFO]: GET / ::1 
2026-03-15 11:34:04 [INFO]: GET /css/desktopStyle.css ::1 
2026-03-15 11:34:05 [INFO]: GET /images/biobrain-logo1.png ::1 
2026-03-15 11:34:05 [INFO]: GET /js/navibar.js ::1 
2026-03-15 11:34:05 [INFO]: GET /images/dna-pattern.png ::1 
2026-03-15 11:34:05 [INFO]: GET /images/molucule-structure.png ::1 
2026-03-15 11:34:06 [INFO]: GET /quiz/prepare/E4/S1 ::1 
2026-03-15 11:34:06 [INFO]: GET /css/desktopStyle.css ::1 
2026-03-15 11:34:06 [INFO]: GET /images/biobrain-logo1.png ::1 
2026-03-15 11:34:06 [INFO]: GET /js/navibar.js ::1 
2026-03-15 11:34:07 [INFO]: GET /units/E4/S1 ::1 
2026-03-15 11:34:10 [INFO]: GET /logout ::1 
2026-03-15 11:34:10 [INFO]: GET / ::1 
2026-03-15 11:34:10 [INFO]: GET /css/desktopStyle.css ::1 
2026-03-15 11:34:10 [INFO]: GET /images/biobrain-logo1.png ::1 
2026-03-15 11:34:10 [INFO]: GET /js/navibar.js ::1 
2026-03-15 11:34:10 [INFO]: GET /images/dna-pattern.png ::1 
2026-03-15 11:34:10 [INFO]: GET /images/molucule-structure.png ::1 
2026-03-15 11:34:11 [INFO]: GET /quiz/prepare/E4/S1 ::1 
2026-03-15 11:34:11 [INFO]: GET /login ::1 
2026-03-15 11:34:12 [INFO]: GET /css/desktopStyle.css ::1 
2026-03-15 11:34:12 [INFO]: GET /images/biobrain-logo1.png ::1 
2026-03-15 11:34:12 [INFO]: GET /js/navibar.js ::1 
2026-03-15 11:34:26 [INFO]: POST /login ::1 
2026-03-15 11:34:36 [INFO]: POST /login ::1 
2026-03-15 11:34:36 [INFO]: GET /quiz/prepare/E4/S1 ::1 
2026-03-15 11:34:36 [INFO]: GET /css/desktopStyle.css ::1 
2026-03-15 11:34:36 [INFO]: GET /images/biobrain-logo1.png ::1 
2026-03-15 11:34:36 [INFO]: GET /js/navibar.js ::1 
2026-03-15 11:34:36 [INFO]: GET /units/E4/S1 ::1 
2026-03-15 11:38:36 [INFO]: 🚀 Server running on port 3000 
2026-03-15 11:38:36 [INFO]: ✅ Connected to MongoDB 
2026-03-15 11:38:36 [INFO]: ✅ Forced seeding of Exam Database disabled. Skipping... 
2026-03-15 11:38:36 [INFO]: ✅ Forced seeding of UserRoles Database disabled. Skipping... 
2026-03-15 11:38:38 [INFO]: GET / ::1 
2026-03-15 11:38:38 [INFO]: GET /css/desktopStyle.css ::1 
2026-03-15 11:38:38 [INFO]: GET /images/biobrain-logo1.png ::1 
2026-03-15 11:38:38 [INFO]: GET /js/navibar.js ::1 
2026-03-15 11:38:38 [INFO]: GET /images/dna-pattern.png ::1 
2026-03-15 11:38:38 [INFO]: GET /images/molucule-structure.png ::1 
2026-03-15 11:38:42 [INFO]: GET /admin ::1 
2026-03-15 11:38:42 [INFO]: GET /css/adminStyle.css ::1 
2026-03-15 11:38:42 [INFO]: GET /js/admin.js ::1 
2026-03-15 11:38:44 [INFO]: GET /admin/questions ::1 
2026-03-15 11:38:44 [INFO]: GET /css/adminStyle.css ::1 
2026-03-15 11:38:45 [INFO]: GET /admin/exams ::1 
2026-03-15 11:38:45 [INFO]: GET /css/adminStyle.css ::1 
2026-03-15 11:38:45 [INFO]: GET /admin/units ::1 
2026-03-15 11:38:45 [INFO]: GET /css/adminStyle.css ::1 
2026-03-15 11:38:46 [INFO]: GET /admin/topics ::1 
2026-03-15 11:38:46 [INFO]: GET /css/adminStyle.css ::1 
2026-03-15 11:38:46 [INFO]: GET /admin/questions ::1 
2026-03-15 11:38:47 [INFO]: GET /css/adminStyle.css ::1 
2026-03-15 11:54:19 [INFO]: 🚀 Server running on port 3000 
2026-03-15 11:54:20 [INFO]: ✅ Connected to MongoDB 
2026-03-15 11:54:20 [INFO]: ✅ Forced seeding of Exam Database disabled. Skipping... 
2026-03-15 11:54:20 [INFO]: ✅ Forced seeding of UserRoles Database disabled. Skipping... 
2026-03-15 11:54:23 [INFO]: GET / ::1 
2026-03-15 11:54:23 [INFO]: GET /css/desktopStyle.css ::1 
2026-03-15 11:54:23 [INFO]: GET /images/biobrain-logo1.png ::1 
2026-03-15 11:54:23 [INFO]: GET /js/navibar.js ::1 
2026-03-15 11:54:23 [INFO]: GET /images/dna-pattern.png ::1 
2026-03-15 11:54:23 [INFO]: GET /images/molucule-structure.png ::1 
2026-03-15 11:54:25 [INFO]: GET /mocktest/init/E4/S1 ::1 
2026-03-15 11:54:25 [ERROR]: ReferenceError: D:\Projects\BioBrainMdb\views\pages\desktop\startquiz.ejs:264
    262|                 <h4>📊 Your Last 50 Quiz Performances</h4>
    263| 
 >> 264|                 <% if (quizResults && quizResults.length> 0) { %>
    265|                     <div class="table-container">
    266|                         <table>
    267|                             <thead>

quizResults is not defined
    at eval ("D:\\Projects\\BioBrainMdb\\views\\pages\\desktop\\startquiz.ejs":15:8)
    at startquiz (D:\Projects\BioBrainMdb\node_modules\ejs\lib\ejs.js:703:17)
    at tryHandleCache (D:\Projects\BioBrainMdb\node_modules\ejs\lib\ejs.js:274:36)
    at exports.renderFile [as engine] (D:\Projects\BioBrainMdb\node_modules\ejs\lib\ejs.js:491:10)
    at View.render (D:\Projects\BioBrainMdb\node_modules\express\lib\view.js:139:8)
    at tryRender (D:\Projects\BioBrainMdb\node_modules\express\lib\application.js:627:10)
    at app.render (D:\Projects\BioBrainMdb\node_modules\express\lib\application.js:574:3)
    at ServerResponse.render (D:\Projects\BioBrainMdb\node_modules\express\lib\response.js:923:7)
    at exports.init (D:\Projects\BioBrainMdb\controllers\mocktestController.js:11:9)
    at process.processTicksAndRejections (node:internal/process/task_queues:103:5) {"error":"D:\\Projects\\BioBrainMdb\\views\\pages\\desktop\\startquiz.ejs:264\n    262|                 <h4>📊 Your Last 50 Quiz Performances</h4>\r\n    263| \r\n >> 264|                 <% if (quizResults && quizResults.length> 0) { %>\r\n    265|                     <div class=\"table-container\">\r\n    266|                         <table>\r\n    267|                             <thead>\r\n\nquizResults is not defined"}
2026-03-15 11:55:29 [INFO]: 🚀 Server running on port 3000 
2026-03-15 11:55:29 [INFO]: ✅ Connected to MongoDB 
2026-03-15 11:55:29 [INFO]: ✅ Forced seeding of Exam Database disabled. Skipping... 
2026-03-15 11:55:29 [INFO]: ✅ Forced seeding of UserRoles Database disabled. Skipping... 
2026-03-15 11:55:31 [INFO]: GET / ::1 
2026-03-15 11:55:31 [INFO]: GET /css/desktopStyle.css ::1 
2026-03-15 11:55:31 [INFO]: GET /images/biobrain-logo1.png ::1 
2026-03-15 11:55:31 [INFO]: GET /js/navibar.js ::1 
2026-03-15 11:55:31 [INFO]: GET /images/dna-pattern.png ::1 
2026-03-15 11:55:31 [INFO]: GET /images/molucule-structure.png ::1 
2026-03-15 11:55:33 [INFO]: GET /mocktest/init/E4/S1 ::1 
2026-03-15 11:55:33 [INFO]: GET /css/desktopStyle.css ::1 
2026-03-15 11:55:33 [INFO]: GET /images/biobrain-logo1.png ::1 
2026-03-15 11:55:33 [INFO]: GET /js/navibar.js ::1 
2026-03-15 11:55:33 [INFO]: GET /images/molucule-structure.png ::1 
2026-03-15 11:55:33 [INFO]: GET /units/E4/S1 ::1 
2026-03-15 11:55:38 [INFO]: GET /logout ::1 
2026-03-15 11:55:38 [INFO]: GET / ::1 
2026-03-15 11:55:38 [INFO]: GET /css/desktopStyle.css ::1 
2026-03-15 11:55:38 [INFO]: GET /images/biobrain-logo1.png ::1 
2026-03-15 11:55:38 [INFO]: GET /js/navibar.js ::1 
2026-03-15 11:55:38 [INFO]: GET /images/dna-pattern.png ::1 
2026-03-15 11:55:38 [INFO]: GET /images/molucule-structure.png ::1 
2026-03-15 11:55:39 [INFO]: GET /mocktest/init/E4/S1 ::1 
2026-03-15 11:55:39 [INFO]: GET /login ::1 
2026-03-15 11:55:40 [INFO]: GET /css/desktopStyle.css ::1 
2026-03-15 11:55:40 [INFO]: GET /images/biobrain-logo1.png ::1 
2026-03-15 11:55:40 [INFO]: GET /js/navibar.js ::1 
2026-03-15 11:55:56 [INFO]: POST /login ::1 
2026-03-15 11:55:56 [INFO]: GET /mocktest/init/E4/S1 ::1 
2026-03-15 11:55:56 [INFO]: GET /css/desktopStyle.css ::1 
2026-03-15 11:55:56 [INFO]: GET /images/biobrain-logo1.png ::1 
2026-03-15 11:55:56 [INFO]: GET /js/navibar.js ::1 
2026-03-15 11:55:56 [INFO]: GET /units/E4/S1 ::1 
2026-03-15 11:55:58 [INFO]: GET /topics/E4/S1/U1 ::1 
2026-03-15 11:56:04 [INFO]: POST /quiz/createorder ::1 
2026-03-15 11:56:04 [INFO]: GET /css/desktopStyle.css ::1 
2026-03-15 11:56:05 [INFO]: POST /quiz/submit ::1 
2026-03-15 11:56:06 [INFO]: GET / ::1 
2026-03-15 11:56:06 [INFO]: GET /css/desktopStyle.css ::1 
2026-03-15 11:56:06 [INFO]: GET /images/biobrain-logo1.png ::1 
2026-03-15 11:56:06 [INFO]: GET /js/navibar.js ::1 
2026-03-15 11:56:10 [INFO]: GET /mocktest/init/E4/S1 ::1 
2026-03-15 11:56:10 [INFO]: GET /css/desktopStyle.css ::1 
2026-03-15 11:56:10 [INFO]: GET /images/biobrain-logo1.png ::1 
2026-03-15 11:56:10 [INFO]: GET /js/navibar.js ::1 
2026-03-15 11:56:10 [INFO]: GET /units/E4/S1 ::1 
2026-03-15 11:56:13 [INFO]: GET /topics/E4/S1/U1 ::1 
2026-03-15 11:56:17 [INFO]: GET /logout ::1 
2026-03-15 11:56:17 [INFO]: GET / ::1 
2026-03-15 11:56:17 [INFO]: GET /css/desktopStyle.css ::1 
2026-03-15 11:56:17 [INFO]: GET /images/biobrain-logo1.png ::1 
2026-03-15 11:56:17 [INFO]: GET /js/navibar.js ::1 
2026-03-15 11:56:18 [INFO]: GET /mocktest/init/E4/S1 ::1 
2026-03-15 11:56:18 [INFO]: GET /login ::1 
2026-03-15 11:56:18 [INFO]: GET /css/desktopStyle.css ::1 
2026-03-15 11:56:18 [INFO]: GET /images/biobrain-logo1.png ::1 
2026-03-15 11:56:18 [INFO]: GET /js/navibar.js ::1 
2026-03-15 11:56:31 [INFO]: POST /login ::1 
2026-03-15 11:56:31 [INFO]: GET /mocktest/init/E4/S1 ::1 
2026-03-15 11:56:31 [INFO]: GET /css/desktopStyle.css ::1 
2026-03-15 11:56:31 [INFO]: GET /images/biobrain-logo1.png ::1 
2026-03-15 11:56:31 [INFO]: GET /js/navibar.js ::1 
2026-03-15 11:56:31 [INFO]: GET /units/E4/S1 ::1 
2026-03-15 11:56:36 [INFO]: GET /logout ::1 
2026-03-15 11:56:36 [INFO]: GET / ::1 
2026-03-15 11:56:36 [INFO]: GET /css/desktopStyle.css ::1 
2026-03-15 11:56:36 [INFO]: GET /images/biobrain-logo1.png ::1 
2026-03-15 11:56:36 [INFO]: GET /js/navibar.js ::1 
2026-03-15 11:58:57 [INFO]: 🚀 Server running on port 3000 
2026-03-15 11:58:57 [INFO]: ✅ Connected to MongoDB 
2026-03-15 11:58:57 [INFO]: ✅ Forced seeding of Exam Database disabled. Skipping... 
2026-03-15 11:58:57 [INFO]: ✅ Forced seeding of UserRoles Database disabled. Skipping... 
2026-03-15 12:01:36 [INFO]: GET /keep-session-alive ::1 
2026-03-15 12:06:36 [INFO]: GET /keep-session-alive ::1 
2026-03-15 12:11:36 [INFO]: GET /keep-session-alive ::1 
2026-03-15 12:16:36 [INFO]: GET /keep-session-alive ::1 
2026-03-15 12:21:48 [INFO]: 🚀 Server running on port 3000 
2026-03-15 12:21:48 [INFO]: ✅ Connected to MongoDB 
2026-03-15 12:21:48 [INFO]: ✅ Forced seeding of Exam Database disabled. Skipping... 
2026-03-15 12:21:48 [INFO]: ✅ Forced seeding of UserRoles Database disabled. Skipping... 
2026-03-15 12:24:02 [INFO]: 🚀 Server running on port 3000 
2026-03-15 12:24:02 [INFO]: ✅ Connected to MongoDB 
2026-03-15 12:24:02 [INFO]: ✅ Forced seeding of Exam Database disabled. Skipping... 
2026-03-15 12:24:02 [INFO]: ✅ Forced seeding of UserRoles Database disabled. Skipping... 
2026-03-15 12:24:05 [INFO]: GET /login ::1 
2026-03-15 12:24:05 [INFO]: GET /css/desktopStyle.css ::1 
2026-03-15 12:24:05 [INFO]: GET /images/biobrain-logo1.png ::1 
2026-03-15 12:24:05 [INFO]: GET /js/navibar.js ::1 
2026-03-15 12:24:20 [INFO]: POST /login ::1 
2026-03-15 12:24:21 [INFO]: GET / ::1 
2026-03-15 12:24:21 [INFO]: GET /css/desktopStyle.css ::1 
2026-03-15 12:24:21 [INFO]: GET /images/biobrain-logo1.png ::1 
2026-03-15 12:24:21 [INFO]: GET /js/navibar.js ::1 
2026-03-15 12:24:21 [INFO]: GET /images/dna-pattern.png ::1 
2026-03-15 12:24:21 [INFO]: GET /images/molucule-structure.png ::1 
2026-03-15 12:24:22 [INFO]: GET /mocktest/init/E4/S1 ::1 
2026-03-15 12:24:22 [INFO]: GET /css/desktopStyle.css ::1 
2026-03-15 12:24:22 [INFO]: GET /images/biobrain-logo1.png ::1 
2026-03-15 12:24:22 [INFO]: GET /js/navibar.js ::1 
2026-03-15 12:24:22 [INFO]: GET /units/E4/S1 ::1 
2026-03-15 12:24:24 [INFO]: GET /topics/E4/S1/U1 ::1 
2026-03-15 12:24:26 [INFO]: POST /mocktest/createorder ::1 
2026-03-15 12:26:53 [INFO]: 🚀 Server running on port 3000 
2026-03-15 12:26:53 [INFO]: ✅ Connected to MongoDB 
2026-03-15 12:26:53 [INFO]: ✅ Forced seeding of Exam Database disabled. Skipping... 
2026-03-15 12:26:53 [INFO]: ✅ Forced seeding of UserRoles Database disabled. Skipping... 
2026-03-15 12:26:56 [INFO]: GET / ::1 
2026-03-15 12:26:56 [INFO]: GET /css/desktopStyle.css ::1 
2026-03-15 12:26:56 [INFO]: GET /images/biobrain-logo1.png ::1 
2026-03-15 12:26:56 [INFO]: GET /js/navibar.js ::1 
2026-03-15 12:26:56 [INFO]: GET /images/dna-pattern.png ::1 
2026-03-15 12:26:56 [INFO]: GET /images/molucule-structure.png ::1 
2026-03-15 12:26:58 [INFO]: GET / ::1 
2026-03-15 12:26:58 [INFO]: GET /css/desktopStyle.css ::1 
2026-03-15 12:26:58 [INFO]: GET /images/biobrain-logo1.png ::1 
2026-03-15 12:26:58 [INFO]: GET /js/navibar.js ::1 
2026-03-15 12:26:59 [INFO]: GET /images/dna-pattern.png ::1 
2026-03-15 12:26:59 [INFO]: GET /images/molucule-structure.png ::1 
2026-03-15 12:27:00 [INFO]: GET /mocktest/init/E4/S1 ::1 
2026-03-15 12:27:00 [INFO]: GET /css/desktopStyle.css ::1 
2026-03-15 12:27:00 [INFO]: GET /images/biobrain-logo1.png ::1 
2026-03-15 12:27:00 [INFO]: GET /js/navibar.js ::1 
2026-03-15 12:27:01 [INFO]: GET /units/E4/S1 ::1 
2026-03-15 12:27:03 [INFO]: GET /topics/E4/S1/U1 ::1 
2026-03-15 12:27:05 [INFO]: POST /mocktest/createorder ::1 
2026-03-15 12:27:05 [INFO]: GET /css/desktopStyle.css ::1 
2026-03-15 12:27:10 [INFO]: POST /quiz/submit ::1 
2026-03-15 12:27:11 [INFO]: GET / ::1 
2026-03-15 12:27:11 [INFO]: GET /css/desktopStyle.css ::1 
2026-03-15 12:27:11 [INFO]: GET /images/biobrain-logo1.png ::1 
2026-03-15 12:27:11 [INFO]: GET /js/navibar.js ::1 
2026-03-15 12:27:16 [INFO]: GET /logout ::1 
2026-03-15 12:27:16 [INFO]: GET / ::1 
2026-03-15 12:27:16 [INFO]: GET /css/desktopStyle.css ::1 
2026-03-15 12:27:16 [INFO]: GET /images/biobrain-logo1.png ::1 
2026-03-15 12:27:16 [INFO]: GET /js/navibar.js ::1 
2026-03-15 12:27:18 [INFO]: GET /mocktest/init/E4/S1 ::1 
2026-03-15 12:27:18 [INFO]: GET /login ::1 
2026-03-15 12:27:18 [INFO]: GET /css/desktopStyle.css ::1 
2026-03-15 12:27:18 [INFO]: GET /images/biobrain-logo1.png ::1 
2026-03-15 12:27:18 [INFO]: GET /js/navibar.js ::1 
2026-03-15 12:27:32 [INFO]: POST /login ::1 
2026-03-15 12:27:32 [INFO]: GET /mocktest/init/E4/S1 ::1 
2026-03-15 12:27:33 [INFO]: GET /css/desktopStyle.css ::1 
2026-03-15 12:27:33 [INFO]: GET /images/biobrain-logo1.png ::1 
2026-03-15 12:27:33 [INFO]: GET /js/navibar.js ::1 
2026-03-15 12:27:33 [INFO]: GET /units/E4/S1 ::1 
2026-03-15 12:27:35 [INFO]: GET /topics/E4/S1/U1 ::1 
2026-03-15 12:27:37 [INFO]: POST /mocktest/createorder ::1 
2026-03-15 12:27:37 [INFO]: GET /css/desktopStyle.css ::1 
2026-03-15 12:27:38 [INFO]: POST /quiz/submit ::1 
2026-03-15 12:32:37 [INFO]: GET /keep-session-alive ::1 
2026-03-15 12:35:45 [INFO]: 🚀 Server running on port 3000 
2026-03-15 12:35:45 [INFO]: ✅ Connected to MongoDB 
2026-03-15 12:35:45 [INFO]: ✅ Forced seeding of Exam Database disabled. Skipping... 
2026-03-15 12:35:45 [INFO]: ✅ Forced seeding of UserRoles Database disabled. Skipping... 
2026-03-15 12:35:47 [INFO]: GET / ::1 
2026-03-15 12:35:47 [INFO]: GET /css/desktopStyle.css ::1 
2026-03-15 12:35:47 [INFO]: GET /images/biobrain-logo1.png ::1 
2026-03-15 12:35:47 [INFO]: GET /js/navibar.js ::1 
2026-03-15 12:35:47 [INFO]: GET /images/dna-pattern.png ::1 
2026-03-15 12:35:47 [INFO]: GET /images/molucule-structure.png ::1 
2026-03-15 12:35:49 [INFO]: GET /mocktest/init/E4/S1 ::1 
2026-03-15 12:35:49 [INFO]: GET /css/desktopStyle.css ::1 
2026-03-15 12:35:49 [INFO]: GET /images/biobrain-logo1.png ::1 
2026-03-15 12:35:49 [INFO]: GET /js/navibar.js ::1 
2026-03-15 12:35:49 [INFO]: GET /images/molucule-structure.png ::1 
2026-03-15 12:35:49 [INFO]: GET /units/E4/S1 ::1 
2026-03-15 12:35:51 [INFO]: GET /topics/E4/S1/U1 ::1 
2026-03-15 12:35:53 [INFO]: POST /mocktest/createorder ::1 
2026-03-15 12:35:53 [INFO]: GET /css/desktopStyle.css ::1 
2026-03-15 12:35:58 [INFO]: POST /mocktest/submit ::1 
2026-03-15 12:35:58 [INFO]: POST /mocktest/submit ::1 
2026-03-15 12:36:02 [INFO]: POST /mocktest/submit ::1 
2026-03-15 12:36:02 [INFO]: POST /mocktest/submit ::1 
2026-03-15 12:36:02 [INFO]: POST /mocktest/submit ::1 
2026-03-15 12:36:06 [INFO]: GET /css/desktopStyle.css ::1 
2026-03-15 12:36:06 [INFO]: GET /.well-known/appspecific/com.chrome.devtools.json ::1 
2026-03-15 12:36:12 [INFO]: POST /mocktest/submit ::1 
2026-03-15 12:41:45 [INFO]: 🚀 Server running on port 3000 
2026-03-15 12:41:46 [INFO]: ✅ Connected to MongoDB 
2026-03-15 12:41:46 [INFO]: ✅ Forced seeding of Exam Database disabled. Skipping... 
2026-03-15 12:41:46 [INFO]: ✅ Forced seeding of UserRoles Database disabled. Skipping... 
2026-03-15 12:41:51 [INFO]: 🚀 Server running on port 3000 
2026-03-15 12:41:51 [INFO]: ✅ Connected to MongoDB 
2026-03-15 12:41:51 [INFO]: ✅ Forced seeding of Exam Database disabled. Skipping... 
2026-03-15 12:41:51 [INFO]: ✅ Forced seeding of UserRoles Database disabled. Skipping... 
2026-03-15 12:42:00 [INFO]: GET / ::1 
2026-03-15 12:42:00 [INFO]: GET /css/desktopStyle.css ::1 
2026-03-15 12:42:00 [INFO]: GET /images/biobrain-logo1.png ::1 
2026-03-15 12:42:00 [INFO]: GET /js/navibar.js ::1 
2026-03-15 12:42:00 [INFO]: GET /images/dna-pattern.png ::1 
2026-03-15 12:42:00 [INFO]: GET /images/molucule-structure.png ::1 
2026-03-15 12:42:02 [INFO]: GET /mocktest/init/E4/S1 ::1 
2026-03-15 12:42:02 [INFO]: GET /css/desktopStyle.css ::1 
2026-03-15 12:42:02 [INFO]: GET /images/biobrain-logo1.png ::1 
2026-03-15 12:42:02 [INFO]: GET /js/navibar.js ::1 
2026-03-15 12:42:02 [INFO]: GET /units/E4/S1 ::1 
2026-03-15 12:42:05 [INFO]: GET /topics/E4/S1/U1 ::1 
2026-03-15 12:42:09 [INFO]: POST /mocktest/createorder ::1 
2026-03-15 12:42:09 [INFO]: GET /css/desktopStyle.css ::1 
2026-03-15 12:42:15 [INFO]: POST /mocktest/submit ::1 
2026-03-15 12:42:21 [INFO]: GET / ::1 
2026-03-15 12:42:21 [INFO]: GET /css/desktopStyle.css ::1 
2026-03-15 12:42:21 [INFO]: GET /images/biobrain-logo1.png ::1 
2026-03-15 12:42:21 [INFO]: GET /js/navibar.js ::1 
2026-03-15 12:43:34 [INFO]: 🚀 Server running on port 3000 
2026-03-15 12:43:34 [INFO]: ✅ Connected to MongoDB 
2026-03-15 12:43:34 [INFO]: ✅ Forced seeding of Exam Database disabled. Skipping... 
2026-03-15 12:43:34 [INFO]: ✅ Forced seeding of UserRoles Database disabled. Skipping... 
2026-03-15 12:43:38 [INFO]: GET / ::1 
2026-03-15 12:43:38 [INFO]: GET /css/desktopStyle.css ::1 
2026-03-15 12:43:38 [INFO]: GET /images/biobrain-logo1.png ::1 
2026-03-15 12:43:38 [INFO]: GET /js/navibar.js ::1 
2026-03-15 12:43:41 [INFO]: GET /mocktest/init/E4/S1 ::1 
2026-03-15 12:43:41 [INFO]: GET /css/desktopStyle.css ::1 
2026-03-15 12:43:41 [INFO]: GET /images/biobrain-logo1.png ::1 
2026-03-15 12:43:41 [INFO]: GET /js/navibar.js ::1 
2026-03-15 12:43:41 [INFO]: GET /images/molucule-structure.png ::1 
2026-03-15 12:43:41 [INFO]: GET /units/E4/S1 ::1 
2026-03-15 12:43:44 [INFO]: GET /logout ::1 
2026-03-15 12:43:44 [INFO]: GET / ::1 
2026-03-15 12:43:44 [INFO]: GET /css/desktopStyle.css ::1 
2026-03-15 12:43:44 [INFO]: GET /images/biobrain-logo1.png ::1 
2026-03-15 12:43:44 [INFO]: GET /js/navibar.js ::1 
2026-03-15 12:43:44 [INFO]: GET /images/dna-pattern.png ::1 
2026-03-15 12:43:44 [INFO]: GET /images/molucule-structure.png ::1 
2026-03-15 12:43:46 [INFO]: GET /mocktest/init/E4/S1 ::1 
2026-03-15 12:43:46 [INFO]: GET /login ::1 
2026-03-15 12:43:46 [INFO]: GET /css/desktopStyle.css ::1 
2026-03-15 12:43:46 [INFO]: GET /images/biobrain-logo1.png ::1 
2026-03-15 12:43:46 [INFO]: GET /js/navibar.js ::1 
2026-03-15 12:44:00 [INFO]: POST /login ::1 
2026-03-15 12:44:00 [INFO]: GET /mocktest/init/E4/S1 ::1 
2026-03-15 12:44:00 [INFO]: GET /css/desktopStyle.css ::1 
2026-03-15 12:44:00 [INFO]: GET /images/biobrain-logo1.png ::1 
2026-03-15 12:44:00 [INFO]: GET /js/navibar.js ::1 
2026-03-15 12:44:00 [INFO]: GET /units/E4/S1 ::1 
2026-03-15 12:44:03 [INFO]: GET /topics/E4/S1/U1 ::1 
2026-03-15 12:44:05 [INFO]: POST /mocktest/createorder ::1 
2026-03-15 12:44:05 [INFO]: GET /css/desktopStyle.css ::1 
2026-03-15 12:44:06 [INFO]: POST /mocktest/submit ::1 
2026-03-15 12:49:05 [INFO]: GET /keep-session-alive ::1 
2026-03-15 12:54:05 [INFO]: GET /keep-session-alive ::1 
2026-03-15 12:59:05 [INFO]: GET /keep-session-alive ::1 
2026-03-15 13:04:05 [INFO]: GET /keep-session-alive ::1 
2026-03-15 13:09:05 [INFO]: GET /keep-session-alive ::1 
2026-03-15 13:38:56 [INFO]: 🚀 Server running on port 3000 
2026-03-15 13:38:56 [INFO]: ✅ Connected to MongoDB 
2026-03-15 13:38:56 [INFO]: ✅ Forced seeding of Exam Database disabled. Skipping... 
2026-03-15 13:38:56 [INFO]: ✅ Forced seeding of UserRoles Database disabled. Skipping... 
2026-03-15 13:39:01 [INFO]: GET / ::1 
2026-03-15 13:39:02 [INFO]: GET /css/desktopStyle.css ::1 
2026-03-15 13:39:02 [INFO]: GET /images/biobrain-logo1.png ::1 
2026-03-15 13:39:02 [INFO]: GET /js/navibar.js ::1 
2026-03-15 13:39:02 [INFO]: GET /images/dna-pattern.png ::1 
2026-03-15 13:39:02 [INFO]: GET /images/molucule-structure.png ::1 
2026-03-15 13:39:04 [INFO]: GET /mocktest/init/E4/S1 ::1 
2026-03-15 13:39:04 [INFO]: GET /css/desktopStyle.css ::1 
2026-03-15 13:39:04 [INFO]: GET /images/biobrain-logo1.png ::1 
2026-03-15 13:39:04 [INFO]: GET /js/navibar.js ::1 
2026-03-15 13:39:04 [INFO]: GET /units/E4/S1 ::1 
2026-03-15 13:39:07 [INFO]: GET /topics/E4/S1/U1 ::1 
2026-03-15 13:39:09 [INFO]: POST /mocktest/createorder ::1 
2026-03-15 13:39:09 [INFO]: GET /css/desktopStyle.css ::1 
2026-03-15 13:39:18 [INFO]: POST /mocktest/submit ::1 
2026-03-15 13:40:25 [INFO]: 🚀 Server running on port 3000 
2026-03-15 13:40:25 [INFO]: ✅ Connected to MongoDB 
2026-03-15 13:40:25 [INFO]: ✅ Forced seeding of Exam Database disabled. Skipping... 
2026-03-15 13:40:25 [INFO]: ✅ Forced seeding of UserRoles Database disabled. Skipping... 
2026-03-15 13:40:28 [INFO]: GET / ::1 
2026-03-15 13:40:28 [INFO]: GET /css/desktopStyle.css ::1 
2026-03-15 13:40:28 [INFO]: GET /images/biobrain-logo1.png ::1 
2026-03-15 13:40:28 [INFO]: GET /js/navibar.js ::1 
2026-03-15 13:40:30 [INFO]: GET /mocktest/init/E4/S1 ::1 
2026-03-15 13:40:30 [INFO]: GET /css/desktopStyle.css ::1 
2026-03-15 13:40:30 [INFO]: GET /images/biobrain-logo1.png ::1 
2026-03-15 13:40:30 [INFO]: GET /js/navibar.js ::1 
2026-03-15 13:40:30 [INFO]: GET /units/E4/S1 ::1 
2026-03-15 13:40:32 [INFO]: GET /topics/E4/S1/U1 ::1 
2026-03-15 13:40:34 [INFO]: POST /mocktest/createorder ::1 
2026-03-15 13:40:34 [INFO]: GET /css/desktopStyle.css ::1 
2026-03-15 13:40:38 [INFO]: POST /mocktest/submit ::1 
2026-03-15 13:41:02 [INFO]: 🚀 Server running on port 3000 
2026-03-15 13:41:02 [INFO]: ✅ Connected to MongoDB 
2026-03-15 13:41:02 [INFO]: ✅ Forced seeding of Exam Database disabled. Skipping... 
2026-03-15 13:41:02 [INFO]: ✅ Forced seeding of UserRoles Database disabled. Skipping... 
2026-03-15 13:41:05 [INFO]: GET / ::1 
2026-03-15 13:41:05 [INFO]: GET /css/desktopStyle.css ::1 
2026-03-15 13:41:05 [INFO]: GET /images/biobrain-logo1.png ::1 
2026-03-15 13:41:05 [INFO]: GET /js/navibar.js ::1 
2026-03-15 13:41:07 [INFO]: GET /mocktest/init/E4/S1 ::1 
2026-03-15 13:41:07 [INFO]: GET /css/desktopStyle.css ::1 
2026-03-15 13:41:07 [INFO]: GET /images/biobrain-logo1.png ::1 
2026-03-15 13:41:07 [INFO]: GET /js/navibar.js ::1 
2026-03-15 13:41:07 [INFO]: GET /units/E4/S1 ::1 
2026-03-15 13:41:09 [INFO]: GET /topics/E4/S1/U1 ::1 
2026-03-15 13:41:11 [INFO]: POST /mocktest/createorder ::1 
2026-03-15 13:41:11 [INFO]: GET /css/desktopStyle.css ::1 
2026-03-15 13:41:12 [INFO]: POST /mocktest/submit ::1 
2026-03-15 13:42:47 [INFO]: 🚀 Server running on port 3000 
2026-03-15 13:42:47 [INFO]: ✅ Connected to MongoDB 
2026-03-15 13:42:47 [INFO]: ✅ Forced seeding of Exam Database disabled. Skipping... 
2026-03-15 13:42:47 [INFO]: ✅ Forced seeding of UserRoles Database disabled. Skipping... 
2026-03-15 13:42:50 [INFO]: GET / ::1 
2026-03-15 13:42:50 [INFO]: GET /css/desktopStyle.css ::1 
2026-03-15 13:42:50 [INFO]: GET /images/biobrain-logo1.png ::1 
2026-03-15 13:42:50 [INFO]: GET /js/navibar.js ::1 
2026-03-15 13:42:52 [INFO]: GET /mocktest/init/E4/S1 ::1 
2026-03-15 13:42:52 [INFO]: GET /css/desktopStyle.css ::1 
2026-03-15 13:42:52 [INFO]: GET /images/biobrain-logo1.png ::1 
2026-03-15 13:42:52 [INFO]: GET /js/navibar.js ::1 
2026-03-15 13:42:52 [INFO]: GET /units/E4/S1 ::1 
2026-03-15 13:42:55 [INFO]: GET /topics/E4/S1/U1 ::1 
2026-03-15 13:42:57 [INFO]: POST /mocktest/createorder ::1 
2026-03-15 13:42:57 [INFO]: GET /css/desktopStyle.css ::1 
2026-03-15 13:42:58 [INFO]: POST /mocktest/submit ::1 
2026-03-15 13:47:07 [INFO]: 🚀 Server running on port 3000 
2026-03-15 13:47:07 [INFO]: ✅ Connected to MongoDB 
2026-03-15 13:47:07 [INFO]: ✅ Forced seeding of Exam Database disabled. Skipping... 
2026-03-15 13:47:07 [INFO]: ✅ Forced seeding of UserRoles Database disabled. Skipping... 
2026-03-15 13:47:11 [INFO]: GET / ::1 
2026-03-15 13:47:11 [INFO]: GET /css/desktopStyle.css ::1 
2026-03-15 13:47:11 [INFO]: GET /images/biobrain-logo1.png ::1 
2026-03-15 13:47:11 [INFO]: GET /js/navibar.js ::1 
2026-03-15 13:47:13 [INFO]: GET /mocktest/init/E4/S1 ::1 
2026-03-15 13:47:13 [INFO]: GET /login ::1 
2026-03-15 13:47:13 [INFO]: GET /css/desktopStyle.css ::1 
2026-03-15 13:47:13 [INFO]: GET /images/biobrain-logo1.png ::1 
2026-03-15 13:47:13 [INFO]: GET /js/navibar.js ::1 
2026-03-15 13:47:27 [INFO]: POST /login ::1 
2026-03-15 13:47:27 [INFO]: GET /mocktest/init/E4/S1 ::1 
2026-03-15 13:47:27 [INFO]: GET /css/desktopStyle.css ::1 
2026-03-15 13:47:27 [INFO]: GET /images/biobrain-logo1.png ::1 
2026-03-15 13:47:27 [INFO]: GET /js/navibar.js ::1 
2026-03-15 13:47:27 [INFO]: GET /units/E4/S1 ::1 
2026-03-15 13:47:30 [INFO]: GET /topics/E4/S1/U1 ::1 
2026-03-15 13:47:31 [INFO]: POST /mocktest/createorder ::1 
2026-03-15 13:47:32 [INFO]: GET /css/desktopStyle.css ::1 
2026-03-15 13:47:37 [INFO]: POST /mocktest/submit ::1 
2026-03-15 13:48:31 [INFO]: 🚀 Server running on port 3000 
2026-03-15 13:48:31 [INFO]: ✅ Connected to MongoDB 
2026-03-15 13:48:31 [INFO]: ✅ Forced seeding of Exam Database disabled. Skipping... 
2026-03-15 13:48:31 [INFO]: ✅ Forced seeding of UserRoles Database disabled. Skipping... 
2026-03-15 13:48:32 [INFO]: GET / ::1 
2026-03-15 13:48:32 [INFO]: GET /css/desktopStyle.css ::1 
2026-03-15 13:48:32 [INFO]: GET /images/biobrain-logo1.png ::1 
2026-03-15 13:48:32 [INFO]: GET /js/navibar.js ::1 
2026-03-15 13:48:34 [INFO]: GET /mocktest/init/E4/S1 ::1 
2026-03-15 13:48:34 [INFO]: GET /css/desktopStyle.css ::1 
2026-03-15 13:48:34 [INFO]: GET /images/biobrain-logo1.png ::1 
2026-03-15 13:48:34 [INFO]: GET /js/navibar.js ::1 
2026-03-15 13:48:34 [INFO]: GET /units/E4/S1 ::1 
2026-03-15 13:48:36 [INFO]: GET /topics/E4/S1/U1 ::1 
2026-03-15 13:48:38 [INFO]: POST /mocktest/createorder ::1 
2026-03-15 13:48:38 [INFO]: GET /css/desktopStyle.css ::1 
2026-03-15 13:48:39 [INFO]: POST /mocktest/submit ::1 
2026-03-15 13:53:08 [INFO]: 🚀 Server running on port 3000 
2026-03-15 13:53:08 [INFO]: ✅ Connected to MongoDB 
2026-03-15 13:53:08 [INFO]: ✅ Forced seeding of Exam Database disabled. Skipping... 
2026-03-15 13:53:08 [INFO]: ✅ Forced seeding of UserRoles Database disabled. Skipping... 
2026-03-15 13:53:11 [INFO]: GET / ::1 
2026-03-15 13:53:11 [INFO]: GET /css/desktopStyle.css ::1 
2026-03-15 13:53:11 [INFO]: GET /images/biobrain-logo1.png ::1 
2026-03-15 13:53:11 [INFO]: GET /js/navibar.js ::1 
2026-03-15 13:53:13 [INFO]: GET /mocktest/init/E4/S1 ::1 
2026-03-15 13:53:14 [INFO]: GET /css/desktopStyle.css ::1 
2026-03-15 13:53:14 [INFO]: GET /images/biobrain-logo1.png ::1 
2026-03-15 13:53:14 [INFO]: GET /js/navibar.js ::1 
2026-03-15 13:53:14 [INFO]: GET /units/E4/S1 ::1 
2026-03-15 13:53:16 [INFO]: GET /topics/E4/S1/U1 ::1 
2026-03-15 13:53:19 [INFO]: POST /mocktest/createorder ::1 
2026-03-15 13:53:19 [INFO]: GET /css/desktopStyle.css ::1 
2026-03-15 13:53:27 [INFO]: POST /mocktest/submit ::1 
2026-03-15 13:55:21 [INFO]: 🚀 Server running on port 3000 
2026-03-15 13:55:21 [INFO]: ✅ Connected to MongoDB 
2026-03-15 13:55:21 [INFO]: ✅ Forced seeding of Exam Database disabled. Skipping... 
2026-03-15 13:55:21 [INFO]: ✅ Forced seeding of UserRoles Database disabled. Skipping... 
2026-03-15 13:55:23 [INFO]: GET / ::1 
2026-03-15 13:55:23 [INFO]: GET /css/desktopStyle.css ::1 
2026-03-15 13:55:23 [INFO]: GET /images/biobrain-logo1.png ::1 
2026-03-15 13:55:23 [INFO]: GET /js/navibar.js ::1 
2026-03-15 13:55:26 [INFO]: GET /mocktest/init/E4/S1 ::1 
2026-03-15 13:55:26 [INFO]: GET /css/desktopStyle.css ::1 
2026-03-15 13:55:26 [INFO]: GET /images/biobrain-logo1.png ::1 
2026-03-15 13:55:26 [INFO]: GET /js/navibar.js ::1 
2026-03-15 13:55:26 [INFO]: GET /units/E4/S1 ::1 
2026-03-15 13:55:28 [INFO]: GET /topics/E4/S1/U1 ::1 
2026-03-15 13:55:30 [INFO]: POST /mocktest/createorder ::1 
2026-03-15 13:55:30 [INFO]: GET /css/desktopStyle.css ::1 
2026-03-15 13:56:20 [INFO]: POST /mocktest/submit ::1 
2026-03-15 14:00:30 [INFO]: GET /keep-session-alive ::1 
2026-03-15 14:05:30 [INFO]: GET /keep-session-alive ::1 
2026-03-15 14:10:01 [INFO]: 🚀 Server running on port 3000 
2026-03-15 14:10:01 [INFO]: ✅ Connected to MongoDB 
2026-03-15 14:10:01 [INFO]: ✅ Forced seeding of Exam Database disabled. Skipping... 
2026-03-15 14:10:01 [INFO]: ✅ Forced seeding of UserRoles Database disabled. Skipping... 
2026-03-15 14:11:40 [INFO]: 🚀 Server running on port 3000 
2026-03-15 14:11:40 [INFO]: ✅ Connected to MongoDB 
2026-03-15 14:11:40 [INFO]: ✅ Forced seeding of Exam Database disabled. Skipping... 
2026-03-15 14:11:40 [INFO]: ✅ Forced seeding of UserRoles Database disabled. Skipping... 
2026-03-15 14:11:47 [INFO]: 🚀 Server running on port 3000 
2026-03-15 14:11:47 [INFO]: ✅ Connected to MongoDB 
2026-03-15 14:11:47 [INFO]: ✅ Forced seeding of Exam Database disabled. Skipping... 
2026-03-15 14:11:47 [INFO]: ✅ Forced seeding of UserRoles Database disabled. Skipping... 
2026-03-15 14:11:49 [INFO]: GET / ::1 
2026-03-15 14:11:49 [INFO]: GET /css/desktopStyle.css ::1 
2026-03-15 14:11:49 [INFO]: GET /images/biobrain-logo1.png ::1 
2026-03-15 14:11:49 [INFO]: GET /js/navibar.js ::1 
2026-03-15 14:11:49 [INFO]: GET /images/dna-pattern.png ::1 
2026-03-15 14:11:49 [INFO]: GET /images/molucule-structure.png ::1 
2026-03-15 14:11:51 [INFO]: GET /mocktest/init/E4/S1 ::1 
2026-03-15 14:11:51 [INFO]: GET /css/desktopStyle.css ::1 
2026-03-15 14:11:51 [INFO]: GET /images/biobrain-logo1.png ::1 
2026-03-15 14:11:51 [INFO]: GET /js/navibar.js ::1 
2026-03-15 14:11:51 [INFO]: GET /images/molucule-structure.png ::1 
2026-03-15 14:11:51 [INFO]: GET /units/E4/S1 ::1 
2026-03-15 14:11:52 [INFO]: GET /topics/E4/S1/U1 ::1 
2026-03-15 14:11:55 [INFO]: POST /mocktest/createorder ::1 
2026-03-15 14:11:55 [INFO]: GET /css/desktopStyle.css ::1 
2026-03-15 14:12:01 [INFO]: POST /mocktest/submit ::1 
2026-03-15 14:12:41 [INFO]: 🚀 Server running on port 3000 
2026-03-15 14:12:41 [INFO]: ✅ Connected to MongoDB 
2026-03-15 14:12:41 [INFO]: ✅ Forced seeding of Exam Database disabled. Skipping... 
2026-03-15 14:12:41 [INFO]: ✅ Forced seeding of UserRoles Database disabled. Skipping... 
2026-03-15 14:12:44 [INFO]: GET / ::1 
2026-03-15 14:12:44 [INFO]: GET /css/desktopStyle.css ::1 
2026-03-15 14:12:44 [INFO]: GET /images/biobrain-logo1.png ::1 
2026-03-15 14:12:44 [INFO]: GET /js/navibar.js ::1 
2026-03-15 14:12:44 [INFO]: GET /images/dna-pattern.png ::1 
2026-03-15 14:12:44 [INFO]: GET /images/molucule-structure.png ::1 
2026-03-15 14:12:45 [INFO]: GET /mocktest/init/E4/S1 ::1 
2026-03-15 14:12:46 [INFO]: GET /css/desktopStyle.css ::1 
2026-03-15 14:12:46 [INFO]: GET /images/biobrain-logo1.png ::1 
2026-03-15 14:12:46 [INFO]: GET /js/navibar.js ::1 
2026-03-15 14:12:46 [INFO]: GET /images/molucule-structure.png ::1 
2026-03-15 14:12:46 [INFO]: GET /units/E4/S1 ::1 
2026-03-15 14:12:48 [INFO]: GET /topics/E4/S1/U1 ::1 
2026-03-15 14:12:50 [INFO]: POST /mocktest/createorder ::1 
2026-03-15 14:12:50 [INFO]: GET /css/desktopStyle.css ::1 
2026-03-15 14:12:59 [INFO]: POST /mocktest/submit ::1 
2026-03-15 14:15:30 [INFO]: GET /keep-session-alive ::1 
2026-03-15 14:16:48 [INFO]: 🚀 Server running on port 3000 
2026-03-15 14:16:48 [INFO]: ✅ Connected to MongoDB 
2026-03-15 14:16:48 [INFO]: ✅ Forced seeding of Exam Database disabled. Skipping... 
2026-03-15 14:16:48 [INFO]: ✅ Forced seeding of UserRoles Database disabled. Skipping... 
2026-03-15 14:16:50 [INFO]: GET / ::1 
2026-03-15 14:16:50 [INFO]: GET /css/desktopStyle.css ::1 
2026-03-15 14:16:50 [INFO]: GET /images/biobrain-logo1.png ::1 
2026-03-15 14:16:50 [INFO]: GET /js/navibar.js ::1 
2026-03-15 14:16:50 [INFO]: GET /images/dna-pattern.png ::1 
2026-03-15 14:16:50 [INFO]: GET /images/molucule-structure.png ::1 
2026-03-15 14:16:51 [INFO]: GET /mocktest/init/E4/S1 ::1 
2026-03-15 14:16:51 [INFO]: GET /css/desktopStyle.css ::1 
2026-03-15 14:16:51 [INFO]: GET /images/biobrain-logo1.png ::1 
2026-03-15 14:16:51 [INFO]: GET /js/navibar.js ::1 
2026-03-15 14:16:51 [INFO]: GET /images/molucule-structure.png ::1 
2026-03-15 14:16:51 [INFO]: GET /units/E4/S1 ::1 
2026-03-15 14:16:53 [INFO]: GET /topics/E4/S1/U1 ::1 
2026-03-15 14:16:55 [INFO]: POST /mocktest/createorder ::1 
2026-03-15 14:16:55 [INFO]: GET /css/desktopStyle.css ::1 
2026-03-15 14:16:55 [INFO]: GET /keep-session-alive ::1 
2026-03-15 14:16:56 [INFO]: POST /mocktest/submit ::1 
2026-03-15 14:20:30 [INFO]: GET /keep-session-alive ::1 
2026-03-15 14:20:53 [INFO]: GET /mocktest/init/E4/S1 ::1 
2026-03-15 14:20:53 [INFO]: GET /units/E4/S1 ::1 
2026-03-15 14:20:55 [INFO]: GET /topics/E4/S1/U1 ::1 
2026-03-15 14:20:57 [INFO]: POST /mocktest/createorder ::1 
2026-03-15 14:20:57 [INFO]: GET /css/desktopStyle.css ::1 
2026-03-15 14:21:02 [INFO]: POST /mocktest/submit ::1 
2026-03-15 14:21:55 [INFO]: GET /keep-session-alive ::1 
