2026-03-16 07:42:12 [INFO]: 🚀 Server running on port 3000 
2026-03-16 07:42:12 [INFO]: ✅ Connected to MongoDB 
2026-03-16 07:42:12 [INFO]: ✅ Forced seeding of Exam Database disabled. Skipping... 
2026-03-16 07:42:12 [INFO]: ✅ Forced seeding of UserRoles Database disabled. Skipping... 
2026-03-16 07:42:13 [INFO]: GET / ::1 
2026-03-16 07:42:13 [INFO]: GET /css/desktopStyle.css ::1 
2026-03-16 07:42:13 [INFO]: GET /images/biobrain-logo1.png ::1 
2026-03-16 07:42:13 [INFO]: GET /js/navibar.js ::1 
2026-03-16 07:42:13 [INFO]: GET /images/dna-pattern.png ::1 
2026-03-16 07:42:13 [INFO]: GET /images/molucule-structure.png ::1 
2026-03-16 07:42:14 [INFO]: GET /favicon.ico ::1 
2026-03-16 07:42:15 [INFO]: GET /mocktest/init/E4/S1 ::1 
2026-03-16 07:42:15 [INFO]: GET /login ::1 
2026-03-16 07:42:15 [INFO]: GET /css/desktopStyle.css ::1 
2026-03-16 07:42:15 [INFO]: GET /images/biobrain-logo1.png ::1 
2026-03-16 07:42:15 [INFO]: GET /js/navibar.js ::1 
2026-03-16 07:42:28 [INFO]: POST /login ::1 
2026-03-16 07:42:28 [INFO]: GET /mocktest/init/E4/S1 ::1 
2026-03-16 07:42:28 [INFO]: GET /css/desktopStyle.css ::1 
2026-03-16 07:42:28 [INFO]: GET /images/biobrain-logo1.png ::1 
2026-03-16 07:42:28 [INFO]: GET /js/navibar.js ::1 
2026-03-16 07:42:29 [INFO]: GET /units/E4/S1 ::1 
2026-03-16 07:42:31 [INFO]: GET /mocktest/result/pdf/69b6cee9228eedfa77b19491 ::1 
2026-03-16 07:43:02 [INFO]: GET /mocktest/result/pdf/69b6cf2e228eedfa77b194b1 ::1 
2026-03-16 07:47:29 [INFO]: GET /keep-session-alive ::1 
2026-03-16 07:47:54 [INFO]: 🚀 Server running on port 3000 
2026-03-16 07:47:54 [INFO]: ✅ Connected to MongoDB 
2026-03-16 07:47:54 [INFO]: ✅ Forced seeding of Exam Database disabled. Skipping... 
2026-03-16 07:47:54 [INFO]: ✅ Forced seeding of UserRoles Database disabled. Skipping... 
2026-03-16 07:47:58 [INFO]: GET / ::1 
2026-03-16 07:47:58 [INFO]: GET /css/desktopStyle.css ::1 
2026-03-16 07:47:58 [INFO]: GET /images/biobrain-logo1.png ::1 
2026-03-16 07:47:58 [INFO]: GET /js/navibar.js ::1 
2026-03-16 07:47:58 [INFO]: GET /images/dna-pattern.png ::1 
2026-03-16 07:47:58 [INFO]: GET /images/molucule-structure.png ::1 
2026-03-16 07:48:01 [INFO]: GET / ::1 
2026-03-16 07:48:01 [INFO]: GET /css/desktopStyle.css ::1 
2026-03-16 07:48:01 [INFO]: GET /images/biobrain-logo1.png ::1 
2026-03-16 07:48:01 [INFO]: GET /js/navibar.js ::1 
2026-03-16 07:48:01 [INFO]: GET /images/dna-pattern.png ::1 
2026-03-16 07:48:01 [INFO]: GET /images/molucule-structure.png ::1 
2026-03-16 07:48:03 [INFO]: GET /mocktest/init/E4/S1 ::1 
2026-03-16 07:48:03 [INFO]: GET /css/desktopStyle.css ::1 
2026-03-16 07:48:03 [INFO]: GET /images/biobrain-logo1.png ::1 
2026-03-16 07:48:03 [INFO]: GET /js/navibar.js ::1 
2026-03-16 07:48:04 [INFO]: GET /units/E4/S1 ::1 
2026-03-16 07:48:05 [INFO]: GET /mocktest/result/pdf/69b6cf2e228eedfa77b194b1 ::1 
2026-03-16 07:51:33 [INFO]: 🚀 Server running on port 3000 
2026-03-16 07:51:33 [INFO]: ✅ Connected to MongoDB 
2026-03-16 07:51:33 [INFO]: ✅ Forced seeding of Exam Database disabled. Skipping... 
2026-03-16 07:51:33 [INFO]: ✅ Forced seeding of UserRoles Database disabled. Skipping... 
2026-03-16 07:51:35 [INFO]: GET / ::1 
2026-03-16 07:51:35 [INFO]: GET /css/desktopStyle.css ::1 
2026-03-16 07:51:35 [INFO]: GET /images/biobrain-logo1.png ::1 
2026-03-16 07:51:35 [INFO]: GET /js/navibar.js ::1 
2026-03-16 07:51:35 [INFO]: GET /images/dna-pattern.png ::1 
2026-03-16 07:51:35 [INFO]: GET /images/molucule-structure.png ::1 
2026-03-16 07:51:37 [INFO]: GET /mocktest/init/E4/S1 ::1 
2026-03-16 07:51:37 [INFO]: GET /css/desktopStyle.css ::1 
2026-03-16 07:51:37 [INFO]: GET /images/biobrain-logo1.png ::1 
2026-03-16 07:51:37 [INFO]: GET /js/navibar.js ::1 
2026-03-16 07:51:37 [INFO]: GET /units/E4/S1 ::1 
2026-03-16 07:51:39 [INFO]: GET /mocktest/result/pdf/69b6cf2e228eedfa77b194b1 ::1 
2026-03-16 07:52:29 [INFO]: GET /keep-session-alive ::1 
2026-03-16 07:53:04 [INFO]: GET /keep-session-alive ::1 
2026-03-16 07:56:37 [INFO]: GET /keep-session-alive ::1 
2026-03-16 07:57:29 [INFO]: GET /keep-session-alive ::1 
2026-03-16 07:58:04 [INFO]: GET /keep-session-alive ::1 
2026-03-16 08:01:23 [INFO]: 🚀 Server running on port 3000 
2026-03-16 08:01:23 [INFO]: ✅ Connected to MongoDB 
2026-03-16 08:01:23 [INFO]: ✅ Forced seeding of Exam Database disabled. Skipping... 
2026-03-16 08:01:23 [INFO]: ✅ Forced seeding of UserRoles Database disabled. Skipping... 
2026-03-16 08:01:25 [INFO]: GET / ::1 
2026-03-16 08:01:25 [INFO]: GET /css/desktopStyle.css ::1 
2026-03-16 08:01:25 [INFO]: GET /images/biobrain-logo1.png ::1 
2026-03-16 08:01:25 [INFO]: GET /js/navibar.js ::1 
2026-03-16 08:01:25 [INFO]: GET /images/dna-pattern.png ::1 
2026-03-16 08:01:25 [INFO]: GET /images/molucule-structure.png ::1 
2026-03-16 08:01:27 [INFO]: GET /mocktest/init/E4/S1 ::1 
2026-03-16 08:01:27 [INFO]: GET /css/desktopStyle.css ::1 
2026-03-16 08:01:27 [INFO]: GET /images/biobrain-logo1.png ::1 
2026-03-16 08:01:27 [INFO]: GET /js/navibar.js ::1 
2026-03-16 08:01:27 [INFO]: GET /units/E4/S1 ::1 
2026-03-16 08:01:29 [INFO]: GET /mocktest/result/pdf/69b6cf2e228eedfa77b194b1 ::1 
2026-03-16 08:01:37 [INFO]: GET /keep-session-alive ::1 
2026-03-16 08:02:29 [INFO]: GET /keep-session-alive ::1 
2026-03-16 08:03:04 [INFO]: GET /keep-session-alive ::1 
2026-03-16 08:05:20 [INFO]: 🚀 Server running on port 3000 
2026-03-16 08:05:20 [INFO]: ✅ Connected to MongoDB 
2026-03-16 08:05:20 [INFO]: ✅ Forced seeding of Exam Database disabled. Skipping... 
2026-03-16 08:05:20 [INFO]: ✅ Forced seeding of UserRoles Database disabled. Skipping... 
2026-03-16 08:05:24 [INFO]: GET / ::1 
2026-03-16 08:05:24 [INFO]: GET /css/desktopStyle.css ::1 
2026-03-16 08:05:24 [INFO]: GET /images/biobrain-logo1.png ::1 
2026-03-16 08:05:24 [INFO]: GET /js/navibar.js ::1 
2026-03-16 08:05:24 [INFO]: GET /images/dna-pattern.png ::1 
2026-03-16 08:05:24 [INFO]: GET /images/molucule-structure.png ::1 
2026-03-16 08:05:26 [INFO]: GET /mocktest/init/E4/S1 ::1 
2026-03-16 08:05:26 [INFO]: GET /css/desktopStyle.css ::1 
2026-03-16 08:05:26 [INFO]: GET /images/biobrain-logo1.png ::1 
2026-03-16 08:05:26 [INFO]: GET /js/navibar.js ::1 
2026-03-16 08:05:26 [INFO]: GET /units/E4/S1 ::1 
2026-03-16 08:05:28 [INFO]: GET /mocktest/result/pdf/69b6cf2e228eedfa77b194b1 ::1 
2026-03-16 08:06:28 [INFO]: GET /keep-session-alive ::1 
2026-03-16 08:06:37 [INFO]: GET /keep-session-alive ::1 
2026-03-16 08:07:18 [INFO]: 🚀 Server running on port 3000 
2026-03-16 08:07:18 [INFO]: ✅ Connected to MongoDB 
2026-03-16 08:07:18 [INFO]: ✅ Forced seeding of Exam Database disabled. Skipping... 
2026-03-16 08:07:18 [INFO]: ✅ Forced seeding of UserRoles Database disabled. Skipping... 
2026-03-16 08:07:22 [INFO]: GET / ::1 
2026-03-16 08:07:22 [INFO]: GET /css/desktopStyle.css ::1 
2026-03-16 08:07:22 [INFO]: GET /images/biobrain-logo1.png ::1 
2026-03-16 08:07:22 [INFO]: GET /js/navibar.js ::1 
2026-03-16 08:07:22 [INFO]: GET /images/dna-pattern.png ::1 
2026-03-16 08:07:22 [INFO]: GET /images/molucule-structure.png ::1 
2026-03-16 08:07:24 [INFO]: GET /mocktest/init/E4/S1 ::1 
2026-03-16 08:07:24 [INFO]: GET /css/desktopStyle.css ::1 
2026-03-16 08:07:24 [INFO]: GET /images/biobrain-logo1.png ::1 
2026-03-16 08:07:24 [INFO]: GET /js/navibar.js ::1 
2026-03-16 08:07:24 [INFO]: GET /units/E4/S1 ::1 
2026-03-16 08:07:26 [INFO]: GET /mocktest/result/pdf/69b6cf2e228eedfa77b194b1 ::1 
2026-03-16 08:07:29 [INFO]: GET /keep-session-alive ::1 
2026-03-16 08:08:04 [INFO]: GET /keep-session-alive ::1 
2026-03-16 08:08:47 [INFO]: 🚀 Server running on port 3000 
2026-03-16 08:08:48 [INFO]: ✅ Connected to MongoDB 
2026-03-16 08:08:48 [INFO]: ✅ Forced seeding of Exam Database disabled. Skipping... 
2026-03-16 08:08:48 [INFO]: ✅ Forced seeding of UserRoles Database disabled. Skipping... 
2026-03-16 08:08:51 [INFO]: GET / ::1 
2026-03-16 08:08:51 [INFO]: GET /css/desktopStyle.css ::1 
2026-03-16 08:08:51 [INFO]: GET /images/biobrain-logo1.png ::1 
2026-03-16 08:08:51 [INFO]: GET /js/navibar.js ::1 
2026-03-16 08:08:52 [INFO]: GET /images/dna-pattern.png ::1 
2026-03-16 08:08:52 [INFO]: GET /images/molucule-structure.png ::1 
2026-03-16 08:08:53 [INFO]: GET /mocktest/init/E4/S1 ::1 
2026-03-16 08:08:53 [INFO]: GET /css/desktopStyle.css ::1 
2026-03-16 08:08:53 [INFO]: GET /images/biobrain-logo1.png ::1 
2026-03-16 08:08:53 [INFO]: GET /js/navibar.js ::1 
2026-03-16 08:08:53 [INFO]: GET /images/molucule-structure.png ::1 
2026-03-16 08:08:53 [INFO]: GET /units/E4/S1 ::1 
2026-03-16 08:08:54 [INFO]: GET /mocktest/result/pdf/69b6cf2e228eedfa77b194b1 ::1 
2026-03-16 08:09:59 [INFO]: 🚀 Server running on port 3000 
2026-03-16 08:09:59 [INFO]: ✅ Connected to MongoDB 
2026-03-16 08:09:59 [INFO]: ✅ Forced seeding of Exam Database disabled. Skipping... 
2026-03-16 08:09:59 [INFO]: ✅ Forced seeding of UserRoles Database disabled. Skipping... 
2026-03-16 08:12:29 [INFO]: GET /keep-session-alive ::1 
2026-03-16 08:15:22 [INFO]: 🚀 Server running on port 3000 
2026-03-16 08:15:23 [INFO]: ✅ Connected to MongoDB 
2026-03-16 08:15:23 [INFO]: ✅ Forced seeding of Exam Database disabled. Skipping... 
2026-03-16 08:15:23 [INFO]: ✅ Forced seeding of UserRoles Database disabled. Skipping... 
2026-03-16 08:15:30 [INFO]: GET / ::1 
2026-03-16 08:15:30 [INFO]: GET /css/desktopStyle.css ::1 
2026-03-16 08:15:30 [INFO]: GET /images/biobrain-logo1.png ::1 
2026-03-16 08:15:30 [INFO]: GET /js/navibar.js ::1 
2026-03-16 08:15:30 [INFO]: GET /images/dna-pattern.png ::1 
2026-03-16 08:15:30 [INFO]: GET /images/molucule-structure.png ::1 
2026-03-16 08:15:33 [INFO]: GET /mocktest/init/E4/S1 ::1 
2026-03-16 08:15:33 [INFO]: GET /css/desktopStyle.css ::1 
2026-03-16 08:15:33 [INFO]: GET /images/biobrain-logo1.png ::1 
2026-03-16 08:15:33 [INFO]: GET /js/navibar.js ::1 
2026-03-16 08:15:33 [INFO]: GET /units/E4/S1 ::1 
2026-03-16 08:15:35 [INFO]: GET /mocktest/result/pdf/69b6cf2e228eedfa77b194b1 ::1 
2026-03-16 08:17:58 [INFO]: 🚀 Server running on port 3000 
2026-03-16 08:17:58 [INFO]: ✅ Connected to MongoDB 
2026-03-16 08:17:58 [INFO]: ✅ Forced seeding of Exam Database disabled. Skipping... 
2026-03-16 08:17:58 [INFO]: ✅ Forced seeding of UserRoles Database disabled. Skipping... 
2026-03-16 08:18:01 [INFO]: GET / ::1 
2026-03-16 08:18:01 [INFO]: GET /css/desktopStyle.css ::1 
2026-03-16 08:18:01 [INFO]: GET /images/biobrain-logo1.png ::1 
2026-03-16 08:18:01 [INFO]: GET /js/navibar.js ::1 
2026-03-16 08:18:01 [INFO]: GET /images/dna-pattern.png ::1 
2026-03-16 08:18:01 [INFO]: GET /images/molucule-structure.png ::1 
2026-03-16 08:18:03 [INFO]: GET /mocktest/init/E4/S1 ::1 
2026-03-16 08:18:03 [INFO]: GET /css/desktopStyle.css ::1 
2026-03-16 08:18:03 [INFO]: GET /images/biobrain-logo1.png ::1 
2026-03-16 08:18:03 [INFO]: GET /js/navibar.js ::1 
2026-03-16 08:18:03 [INFO]: GET /images/molucule-structure.png ::1 
2026-03-16 08:18:03 [INFO]: GET /units/E4/S1 ::1 
2026-03-16 08:18:05 [INFO]: GET /mocktest/result/pdf/69b6cf2e228eedfa77b194b1 ::1 
2026-03-16 08:18:15 [INFO]: GET /keep-session-alive ::1 
2026-03-16 08:18:57 [INFO]: 🚀 Server running on port 3000 
2026-03-16 08:18:57 [INFO]: ✅ Connected to MongoDB 
2026-03-16 08:18:57 [INFO]: ✅ Forced seeding of Exam Database disabled. Skipping... 
2026-03-16 08:18:57 [INFO]: ✅ Forced seeding of UserRoles Database disabled. Skipping... 
2026-03-16 08:18:59 [INFO]: GET / ::1 
2026-03-16 08:18:59 [INFO]: GET /css/desktopStyle.css ::1 
2026-03-16 08:18:59 [INFO]: GET /images/biobrain-logo1.png ::1 
2026-03-16 08:18:59 [INFO]: GET /js/navibar.js ::1 
2026-03-16 08:18:59 [INFO]: GET /images/dna-pattern.png ::1 
2026-03-16 08:18:59 [INFO]: GET /images/molucule-structure.png ::1 
2026-03-16 08:19:00 [INFO]: GET / ::1 
2026-03-16 08:19:00 [INFO]: GET /css/desktopStyle.css ::1 
2026-03-16 08:19:00 [INFO]: GET /images/biobrain-logo1.png ::1 
2026-03-16 08:19:00 [INFO]: GET /js/navibar.js ::1 
2026-03-16 08:19:00 [INFO]: GET /images/dna-pattern.png ::1 
2026-03-16 08:19:00 [INFO]: GET /images/molucule-structure.png ::1 
2026-03-16 08:19:02 [INFO]: GET / ::1 
2026-03-16 08:19:02 [INFO]: GET /css/desktopStyle.css ::1 
2026-03-16 08:19:02 [INFO]: GET /images/biobrain-logo1.png ::1 
2026-03-16 08:19:02 [INFO]: GET /js/navibar.js ::1 
2026-03-16 08:19:04 [INFO]: GET /mocktest/init/E4/S1 ::1 
2026-03-16 08:19:04 [INFO]: GET /css/desktopStyle.css ::1 
2026-03-16 08:19:04 [INFO]: GET /images/biobrain-logo1.png ::1 
2026-03-16 08:19:04 [INFO]: GET /js/navibar.js ::1 
2026-03-16 08:19:05 [INFO]: GET /units/E4/S1 ::1 
2026-03-16 08:19:07 [INFO]: GET /mocktest/result/pdf/69b6cf2e228eedfa77b194b1 ::1 
2026-03-16 08:20:33 [INFO]: GET /keep-session-alive ::1 
2026-03-16 08:20:56 [INFO]: 🚀 Server running on port 3000 
2026-03-16 08:20:56 [INFO]: ✅ Connected to MongoDB 
2026-03-16 08:20:56 [INFO]: ✅ Forced seeding of Exam Database disabled. Skipping... 
2026-03-16 08:20:56 [INFO]: ✅ Forced seeding of UserRoles Database disabled. Skipping... 
2026-03-16 08:20:58 [INFO]: GET / ::1 
2026-03-16 08:20:58 [INFO]: GET /css/desktopStyle.css ::1 
2026-03-16 08:20:58 [INFO]: GET /images/biobrain-logo1.png ::1 
2026-03-16 08:20:58 [INFO]: GET /js/navibar.js ::1 
2026-03-16 08:20:58 [INFO]: GET /images/dna-pattern.png ::1 
2026-03-16 08:20:58 [INFO]: GET /images/molucule-structure.png ::1 
2026-03-16 08:20:59 [INFO]: GET /mocktest/init/E4/S1 ::1 
2026-03-16 08:21:00 [INFO]: GET /css/desktopStyle.css ::1 
2026-03-16 08:21:00 [INFO]: GET /images/biobrain-logo1.png ::1 
2026-03-16 08:21:00 [INFO]: GET /js/navibar.js ::1 
2026-03-16 08:21:00 [INFO]: GET /units/E4/S1 ::1 
2026-03-16 08:21:01 [INFO]: GET /mocktest/result/pdf/69b6cf2e228eedfa77b194b1 ::1 
2026-03-16 08:23:03 [INFO]: GET /keep-session-alive ::1 
2026-03-16 08:23:15 [INFO]: GET /keep-session-alive ::1 
2026-03-16 08:23:27 [INFO]: 🚀 Server running on port 3000 
2026-03-16 08:23:27 [INFO]: ✅ Connected to MongoDB 
2026-03-16 08:23:27 [INFO]: ✅ Forced seeding of Exam Database disabled. Skipping... 
2026-03-16 08:23:27 [INFO]: ✅ Forced seeding of UserRoles Database disabled. Skipping... 
2026-03-16 08:23:30 [INFO]: GET / ::1 
2026-03-16 08:23:30 [INFO]: GET /css/desktopStyle.css ::1 
2026-03-16 08:23:30 [INFO]: GET /images/biobrain-logo1.png ::1 
2026-03-16 08:23:30 [INFO]: GET /js/navibar.js ::1 
2026-03-16 08:23:30 [INFO]: GET /images/dna-pattern.png ::1 
2026-03-16 08:23:30 [INFO]: GET /images/molucule-structure.png ::1 
2026-03-16 08:23:32 [INFO]: GET /mocktest/init/E4/S1 ::1 
2026-03-16 08:23:32 [INFO]: GET /css/desktopStyle.css ::1 
2026-03-16 08:23:32 [INFO]: GET /images/biobrain-logo1.png ::1 
2026-03-16 08:23:32 [INFO]: GET /js/navibar.js ::1 
2026-03-16 08:23:32 [INFO]: GET /units/E4/S1 ::1 
2026-03-16 08:23:33 [INFO]: GET /mocktest/result/pdf/69b6cf2e228eedfa77b194b1 ::1 
2026-03-16 08:24:05 [INFO]: GET /keep-session-alive ::1 
2026-03-16 08:25:33 [INFO]: GET /keep-session-alive ::1 
2026-03-16 08:25:42 [INFO]: 🚀 Server running on port 3000 
2026-03-16 08:25:42 [INFO]: ✅ Connected to MongoDB 
2026-03-16 08:25:42 [INFO]: ✅ Forced seeding of Exam Database disabled. Skipping... 
2026-03-16 08:25:42 [INFO]: ✅ Forced seeding of UserRoles Database disabled. Skipping... 
2026-03-16 08:25:45 [INFO]: GET / ::1 
2026-03-16 08:25:45 [INFO]: GET /css/desktopStyle.css ::1 
2026-03-16 08:25:45 [INFO]: GET /images/biobrain-logo1.png ::1 
2026-03-16 08:25:45 [INFO]: GET /js/navibar.js ::1 
2026-03-16 08:25:45 [INFO]: GET /images/dna-pattern.png ::1 
2026-03-16 08:25:45 [INFO]: GET /images/molucule-structure.png ::1 
2026-03-16 08:25:46 [INFO]: GET /mocktest/init/E4/S1 ::1 
2026-03-16 08:25:46 [INFO]: GET /css/desktopStyle.css ::1 
2026-03-16 08:25:46 [INFO]: GET /images/biobrain-logo1.png ::1 
2026-03-16 08:25:46 [INFO]: GET /js/navibar.js ::1 
2026-03-16 08:25:47 [INFO]: GET /units/E4/S1 ::1 
2026-03-16 08:25:48 [INFO]: GET /mocktest/result/pdf/69b6cf2e228eedfa77b194b1 ::1 
2026-03-16 08:26:00 [INFO]: GET /keep-session-alive ::1 
2026-03-16 08:27:04 [INFO]: 🚀 Server running on port 3000 
2026-03-16 08:27:04 [INFO]: ✅ Connected to MongoDB 
2026-03-16 08:27:04 [INFO]: ✅ Forced seeding of Exam Database disabled. Skipping... 
2026-03-16 08:27:04 [INFO]: ✅ Forced seeding of UserRoles Database disabled. Skipping... 
2026-03-16 08:27:08 [INFO]: GET / ::1 
2026-03-16 08:27:08 [INFO]: GET /css/desktopStyle.css ::1 
2026-03-16 08:27:08 [INFO]: GET /images/biobrain-logo1.png ::1 
2026-03-16 08:27:08 [INFO]: GET /js/navibar.js ::1 
2026-03-16 08:27:08 [INFO]: GET /images/dna-pattern.png ::1 
2026-03-16 08:27:08 [INFO]: GET /images/molucule-structure.png ::1 
2026-03-16 08:27:10 [INFO]: GET /mocktest/init/E4/S1 ::1 
2026-03-16 08:27:10 [INFO]: GET /css/desktopStyle.css ::1 
2026-03-16 08:27:10 [INFO]: GET /images/biobrain-logo1.png ::1 
2026-03-16 08:27:10 [INFO]: GET /js/navibar.js ::1 
2026-03-16 08:27:10 [INFO]: GET /images/molucule-structure.png ::1 
2026-03-16 08:27:10 [INFO]: GET /units/E4/S1 ::1 
2026-03-16 08:27:11 [INFO]: GET /mocktest/result/pdf/69b6cf2e228eedfa77b194b1 ::1 
2026-03-16 08:28:03 [INFO]: GET /keep-session-alive ::1 
2026-03-16 08:28:15 [INFO]: GET /keep-session-alive ::1 
2026-03-16 08:28:32 [INFO]: GET /keep-session-alive ::1 
2026-03-16 08:29:05 [INFO]: GET /keep-session-alive ::1 
2026-03-16 08:30:02 [INFO]: 🚀 Server running on port 3000 
2026-03-16 08:30:02 [INFO]: ✅ Connected to MongoDB 
2026-03-16 08:30:02 [INFO]: ✅ Forced seeding of Exam Database disabled. Skipping... 
2026-03-16 08:30:02 [INFO]: ✅ Forced seeding of UserRoles Database disabled. Skipping... 
2026-03-16 08:30:05 [INFO]: GET / ::1 
2026-03-16 08:30:05 [INFO]: GET /css/desktopStyle.css ::1 
2026-03-16 08:30:05 [INFO]: GET /images/biobrain-logo1.png ::1 
2026-03-16 08:30:05 [INFO]: GET /js/navibar.js ::1 
2026-03-16 08:30:05 [INFO]: GET /images/dna-pattern.png ::1 
2026-03-16 08:30:05 [INFO]: GET /images/molucule-structure.png ::1 
2026-03-16 08:30:06 [INFO]: GET /mocktest/init/E4/S1 ::1 
2026-03-16 08:30:06 [INFO]: GET /css/desktopStyle.css ::1 
2026-03-16 08:30:06 [INFO]: GET /images/biobrain-logo1.png ::1 
2026-03-16 08:30:06 [INFO]: GET /js/navibar.js ::1 
2026-03-16 08:30:06 [INFO]: GET /units/E4/S1 ::1 
2026-03-16 08:30:10 [INFO]: GET /mocktest/result/pdf/69b6cf2e228eedfa77b194b1 ::1 
