2026-03-09 17:40:17 [INFO]: 🚀 Server running on port 3000 
2026-03-09 17:40:17 [INFO]: ✅ Connected to MongoDB 
2026-03-09 17:40:17 [INFO]: 🔥  Forced seeding enabled. 
2026-03-09 17:40:17 [INFO]: ⚠ Clearing old Questions... 
2026-03-09 17:40:17 [INFO]: ⚠ Clearing old Topics... 
2026-03-09 17:40:17 [INFO]: ⚠ Clearing old Units... 
2026-03-09 17:40:17 [INFO]: ⚠ Clearing old Subjects... 
2026-03-09 17:40:17 [INFO]: ⚠ Clearing old Exams... 
2026-03-09 17:40:17 [INFO]: ⚠ Clearing old Payments... 
2026-03-09 17:40:17 [INFO]: ⚡ Seeding database... 
2026-03-09 17:40:17 [INFO]: 🔥 Exam seeded: 4 successfully! 
2026-03-09 17:40:17 [INFO]: 🔥 Subject seeded: 4 successfully! 
2026-03-09 17:40:17 [INFO]: 🔥 Unit seeded: 11 successfully! 
2026-03-09 17:40:17 [INFO]: 🔥 Topics seeded: 49 successfully! 
2026-03-09 17:40:18 [INFO]: 🔥 Questions seeded: 460 successfully! 
2026-03-09 17:40:18 [INFO]: ✅ All data seeded successfully! 
2026-03-09 17:40:32 [INFO]: GET / ::1 
2026-03-09 17:40:33 [INFO]: GET /css/desktopStyle.css ::1 
2026-03-09 17:40:33 [INFO]: GET /images/biobrain-logo1.png ::1 
2026-03-09 17:40:33 [INFO]: GET /js/navibar.js ::1 
2026-03-09 17:40:33 [INFO]: GET /images/dna-pattern.png ::1 
2026-03-09 17:40:34 [INFO]: GET /images/molucule-structure.png ::1 
2026-03-09 17:40:34 [INFO]: GET /favicon.ico ::1 
2026-03-09 17:40:35 [INFO]: GET /admin ::1 
2026-03-09 17:40:35 [INFO]: GET /login ::1 
2026-03-09 17:40:35 [INFO]: GET /css/desktopStyle.css ::1 
2026-03-09 17:40:35 [INFO]: GET /images/biobrain-logo1.png ::1 
2026-03-09 17:40:35 [INFO]: GET /js/navibar.js ::1 
2026-03-09 17:40:44 [INFO]: POST /login ::1 
2026-03-09 17:40:45 [INFO]: GET /admin ::1 
2026-03-09 17:40:45 [INFO]: GET /css/adminStyle.css ::1 
2026-03-09 17:40:45 [INFO]: GET /js/admin.js ::1 
2026-03-09 17:40:46 [INFO]: GET /admin/topics ::1 
2026-03-09 17:40:46 [INFO]: GET /css/adminStyle.css ::1 
2026-03-09 17:41:16 [INFO]: GET /admin/topics ::1 
2026-03-09 17:41:16 [INFO]: GET /css/adminStyle.css ::1 
2026-03-09 18:06:17 [INFO]: 🚀 Server running on port 3000 
2026-03-09 18:06:18 [INFO]: ✅ Connected to MongoDB 
2026-03-09 18:06:18 [INFO]: 🔥  Forced seeding enabled. 
2026-03-09 18:06:18 [INFO]: ⚠ Clearing old Questions... 
2026-03-09 18:06:18 [INFO]: ⚠ Clearing old Topics... 
2026-03-09 18:06:18 [INFO]: ⚠ Clearing old Units... 
2026-03-09 18:06:18 [INFO]: ⚠ Clearing old Subjects... 
2026-03-09 18:06:18 [INFO]: ⚠ Clearing old Exams... 
2026-03-09 18:06:18 [INFO]: ⚠ Clearing old Payments... 
2026-03-09 18:06:18 [INFO]: ⚡ Seeding database... 
2026-03-09 18:06:18 [INFO]: 🔥 Exam seeded: 4 successfully! 
2026-03-09 18:06:18 [INFO]: 🔥 Subject seeded: 4 successfully! 
2026-03-09 18:06:18 [INFO]: 🔥 Unit seeded: 11 successfully! 
2026-03-09 18:06:18 [INFO]: 🔥 Topics seeded: 49 successfully! 
2026-03-09 18:06:18 [INFO]: 🔥 Questions seeded: 460 successfully! 
2026-03-09 18:06:18 [INFO]: ✅ All data seeded successfully! 
2026-03-09 18:06:25 [INFO]: GET / ::1 
2026-03-09 18:06:25 [INFO]: GET /css/desktopStyle.css ::1 
2026-03-09 18:06:25 [INFO]: GET /images/biobrain-logo1.png ::1 
2026-03-09 18:06:25 [INFO]: GET /js/navibar.js ::1 
2026-03-09 18:06:25 [INFO]: GET /images/dna-pattern.png ::1 
2026-03-09 18:06:25 [INFO]: GET /images/molucule-structure.png ::1 
2026-03-09 18:06:26 [INFO]: GET /admin ::1 
2026-03-09 18:06:26 [INFO]: GET /css/adminStyle.css ::1 
2026-03-09 18:06:26 [INFO]: GET /js/admin.js ::1 
2026-03-09 18:06:28 [INFO]: GET /admin/questions ::1 
2026-03-09 18:06:28 [ERROR]: Error: Failed to lookup view "admin/question" in views directory "D:\Projects\BioBrainMdb\views"
    at app.render (D:\Projects\BioBrainMdb\node_modules\express\lib\application.js:562:17)
    at ServerResponse.render (D:\Projects\BioBrainMdb\node_modules\express\lib\response.js:923:7)
    at exports.list (D:\Projects\BioBrainMdb\controllers\admin\questionController.js:35:5)
    at process.processTicksAndRejections (node:internal/process/task_queues:103:5) {"error":"Failed to lookup view \"admin/question\" in views directory \"D:\\Projects\\BioBrainMdb\\views\""}
2026-03-09 18:07:43 [INFO]: 🚀 Server running on port 3000 
2026-03-09 18:07:43 [INFO]: ✅ Connected to MongoDB 
2026-03-09 18:07:43 [INFO]: 🔥  Forced seeding enabled. 
2026-03-09 18:07:43 [INFO]: ⚠ Clearing old Questions... 
2026-03-09 18:07:43 [INFO]: ⚠ Clearing old Topics... 
2026-03-09 18:07:43 [INFO]: ⚠ Clearing old Units... 
2026-03-09 18:07:43 [INFO]: ⚠ Clearing old Subjects... 
2026-03-09 18:07:43 [INFO]: ⚠ Clearing old Exams... 
2026-03-09 18:07:43 [INFO]: ⚠ Clearing old Payments... 
2026-03-09 18:07:43 [INFO]: ⚡ Seeding database... 
2026-03-09 18:07:43 [INFO]: 🔥 Exam seeded: 4 successfully! 
2026-03-09 18:07:43 [INFO]: 🔥 Subject seeded: 4 successfully! 
2026-03-09 18:07:43 [INFO]: 🔥 Unit seeded: 11 successfully! 
2026-03-09 18:07:44 [INFO]: 🔥 Topics seeded: 49 successfully! 
2026-03-09 18:07:44 [INFO]: 🔥 Questions seeded: 460 successfully! 
2026-03-09 18:07:44 [INFO]: ✅ All data seeded successfully! 
2026-03-09 18:07:45 [INFO]: GET / ::1 
2026-03-09 18:07:45 [INFO]: GET /css/desktopStyle.css ::1 
2026-03-09 18:07:45 [INFO]: GET /images/biobrain-logo1.png ::1 
2026-03-09 18:07:45 [INFO]: GET /js/navibar.js ::1 
2026-03-09 18:07:46 [INFO]: GET /admin ::1 
2026-03-09 18:07:47 [INFO]: GET /css/adminStyle.css ::1 
2026-03-09 18:07:47 [INFO]: GET /js/admin.js ::1 
2026-03-09 18:07:48 [INFO]: GET /admin/questions ::1 
2026-03-09 18:07:48 [INFO]: GET /css/adminStyle.css ::1 
2026-03-09 18:08:56 [INFO]: GET /admin/questions?page=2 ::1 
2026-03-09 18:08:56 [INFO]: GET /css/adminStyle.css ::1 
2026-03-09 18:13:27 [INFO]: 🚀 Server running on port 3000 
2026-03-09 18:13:28 [INFO]: ✅ Connected to MongoDB 
2026-03-09 18:13:28 [INFO]: 🔥  Forced seeding enabled. 
2026-03-09 18:13:28 [INFO]: ⚠ Clearing old Questions... 
2026-03-09 18:13:28 [INFO]: ⚠ Clearing old Topics... 
2026-03-09 18:13:28 [INFO]: ⚠ Clearing old Units... 
2026-03-09 18:13:28 [INFO]: ⚠ Clearing old Subjects... 
2026-03-09 18:13:28 [INFO]: ⚠ Clearing old Exams... 
2026-03-09 18:13:28 [INFO]: ⚠ Clearing old Payments... 
2026-03-09 18:13:28 [INFO]: ⚡ Seeding database... 
2026-03-09 18:13:28 [INFO]: 🔥 Exam seeded: 4 successfully! 
2026-03-09 18:13:28 [INFO]: 🔥 Subject seeded: 4 successfully! 
2026-03-09 18:13:28 [INFO]: 🔥 Unit seeded: 11 successfully! 
2026-03-09 18:13:28 [INFO]: 🔥 Topics seeded: 49 successfully! 
2026-03-09 18:13:28 [INFO]: 🔥 Questions seeded: 460 successfully! 
2026-03-09 18:13:28 [INFO]: ✅ All data seeded successfully! 
2026-03-09 18:13:32 [INFO]: GET / ::1 
2026-03-09 18:13:32 [INFO]: GET /css/desktopStyle.css ::1 
2026-03-09 18:13:32 [INFO]: GET /images/biobrain-logo1.png ::1 
2026-03-09 18:13:32 [INFO]: GET /js/navibar.js ::1 
2026-03-09 18:13:32 [INFO]: GET /images/dna-pattern.png ::1 
2026-03-09 18:13:32 [INFO]: GET /images/molucule-structure.png ::1 
2026-03-09 18:13:33 [INFO]: GET /admin ::1 
2026-03-09 18:13:33 [INFO]: GET /css/adminStyle.css ::1 
2026-03-09 18:13:33 [INFO]: GET /js/admin.js ::1 
2026-03-09 18:13:34 [INFO]: GET /admin/questions ::1 
2026-03-09 18:13:34 [INFO]: GET /css/adminStyle.css ::1 
2026-03-09 18:20:48 [INFO]: 🚀 Server running on port 3000 
2026-03-09 18:20:48 [INFO]: ✅ Connected to MongoDB 
2026-03-09 18:20:48 [INFO]: 🔥  Forced seeding enabled. 
2026-03-09 18:20:48 [INFO]: ⚠ Clearing old Questions... 
2026-03-09 18:20:48 [INFO]: ⚠ Clearing old Topics... 
2026-03-09 18:20:48 [INFO]: ⚠ Clearing old Units... 
2026-03-09 18:20:48 [INFO]: ⚠ Clearing old Subjects... 
2026-03-09 18:20:48 [INFO]: ⚠ Clearing old Exams... 
2026-03-09 18:20:48 [INFO]: ⚠ Clearing old Payments... 
2026-03-09 18:20:48 [INFO]: ⚡ Seeding database... 
2026-03-09 18:20:48 [INFO]: 🔥 Exam seeded: 4 successfully! 
2026-03-09 18:20:48 [INFO]: 🔥 Subject seeded: 4 successfully! 
2026-03-09 18:20:48 [INFO]: 🔥 Unit seeded: 11 successfully! 
2026-03-09 18:20:48 [INFO]: 🔥 Topics seeded: 49 successfully! 
2026-03-09 18:20:48 [INFO]: 🔥 Questions seeded: 460 successfully! 
2026-03-09 18:20:48 [INFO]: ✅ All data seeded successfully! 
2026-03-09 18:20:51 [INFO]: GET / ::1 
2026-03-09 18:20:51 [INFO]: GET /css/desktopStyle.css ::1 
2026-03-09 18:20:51 [INFO]: GET /images/biobrain-logo1.png ::1 
2026-03-09 18:20:51 [INFO]: GET /js/navibar.js ::1 
2026-03-09 18:20:51 [INFO]: GET /images/dna-pattern.png ::1 
2026-03-09 18:20:51 [INFO]: GET /images/molucule-structure.png ::1 
2026-03-09 18:20:52 [INFO]: GET /admin ::1 
2026-03-09 18:20:52 [INFO]: GET /css/adminStyle.css ::1 
2026-03-09 18:20:52 [INFO]: GET /js/admin.js ::1 
2026-03-09 18:20:53 [INFO]: GET /admin/questions ::1 
2026-03-09 18:20:53 [INFO]: GET /css/adminStyle.css ::1 
2026-03-09 18:22:50 [INFO]: GET /admin/units ::1 
2026-03-09 18:22:50 [INFO]: GET /css/adminStyle.css ::1 
2026-03-09 18:22:52 [INFO]: GET /admin/topics ::1 
2026-03-09 18:22:52 [INFO]: GET /css/adminStyle.css ::1 
2026-03-09 18:22:54 [INFO]: GET /admin/questions ::1 
2026-03-09 18:22:54 [INFO]: GET /css/adminStyle.css ::1 
2026-03-09 18:22:55 [INFO]: GET /admin/units ::1 
2026-03-09 18:22:55 [INFO]: GET /css/adminStyle.css ::1 
2026-03-09 18:22:56 [INFO]: GET /admin/units ::1 
2026-03-09 18:22:56 [INFO]: GET /css/adminStyle.css ::1 
2026-03-09 18:22:58 [INFO]: GET /admin/subjects ::1 
2026-03-09 18:22:58 [INFO]: GET /css/adminStyle.css ::1 
2026-03-09 18:22:59 [INFO]: GET /admin/exams ::1 
2026-03-09 18:22:59 [INFO]: GET /css/adminStyle.css ::1 
2026-03-09 18:23:00 [INFO]: GET /admin/topics ::1 
2026-03-09 18:23:00 [INFO]: GET /css/adminStyle.css ::1 
2026-03-09 18:23:37 [INFO]: GET /admin/questions ::1 
2026-03-09 18:23:37 [INFO]: GET /css/adminStyle.css ::1 
2026-03-09 18:32:57 [INFO]: 🚀 Server running on port 3000 
2026-03-09 18:32:57 [INFO]: ✅ Connected to MongoDB 
2026-03-09 18:32:57 [INFO]: 🔥  Forced seeding enabled. 
2026-03-09 18:32:57 [INFO]: ⚠ Clearing old Questions... 
2026-03-09 18:32:57 [INFO]: ⚠ Clearing old Topics... 
2026-03-09 18:32:57 [INFO]: ⚠ Clearing old Units... 
2026-03-09 18:32:57 [INFO]: ⚠ Clearing old Subjects... 
2026-03-09 18:32:57 [INFO]: ⚠ Clearing old Exams... 
2026-03-09 18:32:57 [INFO]: ⚠ Clearing old Payments... 
2026-03-09 18:32:57 [INFO]: ⚡ Seeding database... 
2026-03-09 18:32:57 [INFO]: 🔥 Exam seeded: 4 successfully! 
2026-03-09 18:32:57 [INFO]: 🔥 Subject seeded: 4 successfully! 
2026-03-09 18:32:57 [INFO]: 🔥 Unit seeded: 11 successfully! 
2026-03-09 18:32:57 [INFO]: 🔥 Topics seeded: 49 successfully! 
2026-03-09 18:32:57 [INFO]: 🔥 Questions seeded: 460 successfully! 
2026-03-09 18:32:57 [INFO]: ✅ All data seeded successfully! 
2026-03-09 18:32:59 [INFO]: GET / ::1 
2026-03-09 18:32:59 [INFO]: GET /css/desktopStyle.css ::1 
2026-03-09 18:32:59 [INFO]: GET /images/biobrain-logo1.png ::1 
2026-03-09 18:32:59 [INFO]: GET /js/navibar.js ::1 
2026-03-09 18:33:00 [INFO]: GET /images/dna-pattern.png ::1 
2026-03-09 18:33:00 [INFO]: GET /images/molucule-structure.png ::1 
2026-03-09 18:33:01 [INFO]: GET /admin ::1 
2026-03-09 18:33:01 [INFO]: GET /css/adminStyle.css ::1 
2026-03-09 18:33:01 [INFO]: GET /js/admin.js ::1 
2026-03-09 18:33:02 [INFO]: GET /admin/questions ::1 
2026-03-09 18:33:02 [ERROR]: ReferenceError: D:\Projects\BioBrainMdb\views\pages\desktop\admin\questions\question.ejs:320
    318| <select id="unitSelect">
    319| <option value="">Unit</option>
 >> 320| <% units.forEach(u=>{ %>
    321| <option value="<%= u.unitname %>"><%= u.unitname %></option>
    322| <% }) %>
    323| </select>

units is not defined
    at eval ("D:\\Projects\\BioBrainMdb\\views\\pages\\desktop\\admin\\questions\\question.ejs":106:8)
    at question (D:\Projects\BioBrainMdb\node_modules\ejs\lib\ejs.js:703:17)
    at tryHandleCache (D:\Projects\BioBrainMdb\node_modules\ejs\lib\ejs.js:274:36)
    at exports.renderFile [as engine] (D:\Projects\BioBrainMdb\node_modules\ejs\lib\ejs.js:491:10)
    at View.render (D:\Projects\BioBrainMdb\node_modules\express\lib\view.js:139:8)
    at tryRender (D:\Projects\BioBrainMdb\node_modules\express\lib\application.js:627:10)
    at app.render (D:\Projects\BioBrainMdb\node_modules\express\lib\application.js:574:3)
    at ServerResponse.render (D:\Projects\BioBrainMdb\node_modules\express\lib\response.js:923:7)
    at exports.list (D:\Projects\BioBrainMdb\controllers\admin\questionController.js:48:9)
    at process.processTicksAndRejections (node:internal/process/task_queues:103:5) {"error":"D:\\Projects\\BioBrainMdb\\views\\pages\\desktop\\admin\\questions\\question.ejs:320\n    318| <select id=\"unitSelect\">\r\n    319| <option value=\"\">Unit</option>\r\n >> 320| <% units.forEach(u=>{ %>\r\n    321| <option value=\"<%= u.unitname %>\"><%= u.unitname %></option>\r\n    322| <% }) %>\r\n    323| </select>\r\n\nunits is not defined"}
2026-03-09 18:37:52 [INFO]: 🚀 Server running on port 3000 
2026-03-09 18:37:52 [INFO]: ✅ Connected to MongoDB 
2026-03-09 18:37:52 [INFO]: 🔥  Forced seeding enabled. 
2026-03-09 18:37:52 [INFO]: ⚠ Clearing old Questions... 
2026-03-09 18:37:52 [INFO]: ⚠ Clearing old Topics... 
2026-03-09 18:37:52 [INFO]: ⚠ Clearing old Units... 
2026-03-09 18:37:52 [INFO]: ⚠ Clearing old Subjects... 
2026-03-09 18:37:52 [INFO]: ⚠ Clearing old Exams... 
2026-03-09 18:37:52 [INFO]: ⚠ Clearing old Payments... 
2026-03-09 18:37:52 [INFO]: ⚡ Seeding database... 
2026-03-09 18:37:52 [INFO]: 🔥 Exam seeded: 4 successfully! 
2026-03-09 18:37:52 [INFO]: 🔥 Subject seeded: 4 successfully! 
2026-03-09 18:37:52 [INFO]: 🔥 Unit seeded: 11 successfully! 
2026-03-09 18:37:52 [INFO]: 🔥 Topics seeded: 49 successfully! 
2026-03-09 18:37:52 [INFO]: 🔥 Questions seeded: 460 successfully! 
2026-03-09 18:37:52 [INFO]: ✅ All data seeded successfully! 
2026-03-09 18:37:54 [INFO]: GET / ::1 
2026-03-09 18:37:54 [INFO]: GET /css/desktopStyle.css ::1 
2026-03-09 18:37:54 [INFO]: GET /images/biobrain-logo1.png ::1 
2026-03-09 18:37:54 [INFO]: GET /js/navibar.js ::1 
2026-03-09 18:37:54 [INFO]: GET /images/dna-pattern.png ::1 
2026-03-09 18:37:54 [INFO]: GET /images/molucule-structure.png ::1 
2026-03-09 18:37:55 [INFO]: GET /admin ::1 
2026-03-09 18:37:55 [INFO]: GET /css/adminStyle.css ::1 
2026-03-09 18:37:55 [INFO]: GET /js/admin.js ::1 
2026-03-09 18:37:56 [INFO]: GET /admin/questions ::1 
2026-03-09 18:37:56 [INFO]: GET /css/adminStyle.css ::1 
2026-03-09 18:38:52 [INFO]: 🚀 Server running on port 3000 
2026-03-09 18:38:52 [INFO]: ✅ Connected to MongoDB 
2026-03-09 18:38:52 [INFO]: 🔥  Forced seeding enabled. 
2026-03-09 18:38:52 [INFO]: ⚠ Clearing old Questions... 
2026-03-09 18:38:52 [INFO]: ⚠ Clearing old Topics... 
2026-03-09 18:38:52 [INFO]: ⚠ Clearing old Units... 
2026-03-09 18:38:52 [INFO]: ⚠ Clearing old Subjects... 
2026-03-09 18:38:52 [INFO]: ⚠ Clearing old Exams... 
2026-03-09 18:38:52 [INFO]: ⚠ Clearing old Payments... 
2026-03-09 18:38:52 [INFO]: ⚡ Seeding database... 
2026-03-09 18:38:53 [INFO]: 🔥 Exam seeded: 4 successfully! 
2026-03-09 18:38:53 [INFO]: 🔥 Subject seeded: 4 successfully! 
2026-03-09 18:38:53 [INFO]: 🔥 Unit seeded: 11 successfully! 
2026-03-09 18:38:53 [INFO]: 🔥 Topics seeded: 49 successfully! 
2026-03-09 18:38:53 [INFO]: 🔥 Questions seeded: 460 successfully! 
2026-03-09 18:38:53 [INFO]: ✅ All data seeded successfully! 
2026-03-09 18:38:54 [INFO]: GET / ::1 
2026-03-09 18:38:54 [INFO]: GET /css/desktopStyle.css ::1 
2026-03-09 18:38:54 [INFO]: GET /images/biobrain-logo1.png ::1 
2026-03-09 18:38:54 [INFO]: GET /js/navibar.js ::1 
2026-03-09 18:38:54 [INFO]: GET /images/dna-pattern.png ::1 
2026-03-09 18:38:54 [INFO]: GET /images/molucule-structure.png ::1 
2026-03-09 18:38:55 [INFO]: GET /admin ::1 
2026-03-09 18:38:55 [INFO]: GET /css/adminStyle.css ::1 
2026-03-09 18:38:55 [INFO]: GET /js/admin.js ::1 
2026-03-09 18:38:56 [INFO]: GET /admin/questions ::1 
2026-03-09 18:38:56 [INFO]: GET /css/adminStyle.css ::1 
2026-03-09 18:39:31 [INFO]: 🚀 Server running on port 3000 
2026-03-09 18:39:32 [INFO]: ✅ Connected to MongoDB 
2026-03-09 18:39:32 [INFO]: 🔥  Forced seeding enabled. 
2026-03-09 18:39:32 [INFO]: ⚠ Clearing old Questions... 
2026-03-09 18:39:32 [INFO]: ⚠ Clearing old Topics... 
2026-03-09 18:39:32 [INFO]: ⚠ Clearing old Units... 
2026-03-09 18:39:32 [INFO]: ⚠ Clearing old Subjects... 
2026-03-09 18:39:32 [INFO]: ⚠ Clearing old Exams... 
2026-03-09 18:39:32 [INFO]: ⚠ Clearing old Payments... 
2026-03-09 18:39:32 [INFO]: ⚡ Seeding database... 
2026-03-09 18:39:32 [INFO]: 🔥 Exam seeded: 4 successfully! 
2026-03-09 18:39:32 [INFO]: 🔥 Subject seeded: 4 successfully! 
2026-03-09 18:39:32 [INFO]: 🔥 Unit seeded: 11 successfully! 
2026-03-09 18:39:32 [INFO]: 🔥 Topics seeded: 49 successfully! 
2026-03-09 18:39:32 [INFO]: 🔥 Questions seeded: 460 successfully! 
2026-03-09 18:39:32 [INFO]: ✅ All data seeded successfully! 
2026-03-09 18:39:35 [INFO]: GET / ::1 
2026-03-09 18:39:35 [INFO]: GET /css/desktopStyle.css ::1 
2026-03-09 18:39:35 [INFO]: GET /images/biobrain-logo1.png ::1 
2026-03-09 18:39:35 [INFO]: GET /js/navibar.js ::1 
2026-03-09 18:39:35 [INFO]: GET /images/dna-pattern.png ::1 
2026-03-09 18:39:35 [INFO]: GET /images/molucule-structure.png ::1 
2026-03-09 18:39:36 [INFO]: GET /admin ::1 
2026-03-09 18:39:36 [INFO]: GET /css/adminStyle.css ::1 
2026-03-09 18:39:36 [INFO]: GET /js/admin.js ::1 
2026-03-09 18:39:37 [INFO]: GET /admin/questions ::1 
2026-03-09 18:39:37 [INFO]: GET /css/adminStyle.css ::1 
2026-03-09 18:42:12 [INFO]: 🚀 Server running on port 3000 
2026-03-09 18:42:12 [INFO]: ✅ Connected to MongoDB 
2026-03-09 18:42:12 [INFO]: 🔥  Forced seeding enabled. 
2026-03-09 18:42:12 [INFO]: ⚠ Clearing old Questions... 
2026-03-09 18:42:12 [INFO]: ⚠ Clearing old Topics... 
2026-03-09 18:42:12 [INFO]: ⚠ Clearing old Units... 
2026-03-09 18:42:12 [INFO]: ⚠ Clearing old Subjects... 
2026-03-09 18:42:12 [INFO]: ⚠ Clearing old Exams... 
2026-03-09 18:42:12 [INFO]: ⚠ Clearing old Payments... 
2026-03-09 18:42:12 [INFO]: ⚡ Seeding database... 
2026-03-09 18:42:12 [INFO]: 🔥 Exam seeded: 4 successfully! 
2026-03-09 18:42:12 [INFO]: 🔥 Subject seeded: 4 successfully! 
2026-03-09 18:42:12 [INFO]: 🔥 Unit seeded: 11 successfully! 
2026-03-09 18:42:13 [INFO]: 🔥 Topics seeded: 49 successfully! 
2026-03-09 18:42:13 [INFO]: 🔥 Questions seeded: 460 successfully! 
2026-03-09 18:42:13 [INFO]: ✅ All data seeded successfully! 
2026-03-09 18:42:15 [INFO]: GET / ::1 
2026-03-09 18:42:15 [INFO]: GET /css/desktopStyle.css ::1 
2026-03-09 18:42:15 [INFO]: GET /images/biobrain-logo1.png ::1 
2026-03-09 18:42:15 [INFO]: GET /js/navibar.js ::1 
2026-03-09 18:42:15 [INFO]: GET /images/dna-pattern.png ::1 
2026-03-09 18:42:15 [INFO]: GET /images/molucule-structure.png ::1 
2026-03-09 18:42:16 [INFO]: GET /admin ::1 
2026-03-09 18:42:16 [INFO]: GET /login ::1 
2026-03-09 18:42:16 [INFO]: GET /css/desktopStyle.css ::1 
2026-03-09 18:42:16 [INFO]: GET /images/biobrain-logo1.png ::1 
2026-03-09 18:42:16 [INFO]: GET /js/navibar.js ::1 
2026-03-09 18:42:30 [INFO]: POST /login ::1 
2026-03-09 18:42:30 [INFO]: GET /admin ::1 
2026-03-09 18:42:30 [INFO]: GET /css/adminStyle.css ::1 
2026-03-09 18:42:30 [INFO]: GET /js/admin.js ::1 
2026-03-09 18:42:31 [INFO]: GET /admin/questions ::1 
2026-03-09 18:42:31 [INFO]: GET /css/adminStyle.css ::1 
2026-03-09 18:47:09 [INFO]: 🚀 Server running on port 3000 
2026-03-09 18:47:09 [INFO]: ✅ Connected to MongoDB 
2026-03-09 18:47:09 [INFO]: 🔥  Forced seeding enabled. 
2026-03-09 18:47:09 [INFO]: ⚠ Clearing old Questions... 
2026-03-09 18:47:09 [INFO]: ⚠ Clearing old Topics... 
2026-03-09 18:47:09 [INFO]: ⚠ Clearing old Units... 
2026-03-09 18:47:09 [INFO]: ⚠ Clearing old Subjects... 
2026-03-09 18:47:09 [INFO]: ⚠ Clearing old Exams... 
2026-03-09 18:47:09 [INFO]: ⚠ Clearing old Payments... 
2026-03-09 18:47:09 [INFO]: ⚡ Seeding database... 
2026-03-09 18:47:09 [INFO]: 🔥 Exam seeded: 4 successfully! 
2026-03-09 18:47:09 [INFO]: 🔥 Subject seeded: 4 successfully! 
2026-03-09 18:47:09 [INFO]: 🔥 Unit seeded: 11 successfully! 
2026-03-09 18:47:09 [INFO]: 🔥 Topics seeded: 49 successfully! 
2026-03-09 18:47:09 [INFO]: 🔥 Questions seeded: 460 successfully! 
2026-03-09 18:47:09 [INFO]: ✅ All data seeded successfully! 
2026-03-09 18:47:12 [INFO]: GET / ::1 
2026-03-09 18:47:12 [INFO]: GET /css/desktopStyle.css ::1 
2026-03-09 18:47:12 [INFO]: GET /images/biobrain-logo1.png ::1 
2026-03-09 18:47:12 [INFO]: GET /js/navibar.js ::1 
2026-03-09 18:47:12 [INFO]: GET /images/dna-pattern.png ::1 
2026-03-09 18:47:12 [INFO]: GET /images/molucule-structure.png ::1 
2026-03-09 18:47:13 [INFO]: GET /admin ::1 
2026-03-09 18:47:13 [INFO]: GET /css/adminStyle.css ::1 
2026-03-09 18:47:13 [INFO]: GET /js/admin.js ::1 
2026-03-09 18:47:15 [INFO]: GET /admin/exams ::1 
2026-03-09 18:47:15 [INFO]: GET /css/adminStyle.css ::1 
2026-03-09 18:47:21 [INFO]: GET /admin/subjects ::1 
2026-03-09 18:47:21 [INFO]: GET /css/adminStyle.css ::1 
2026-03-09 18:47:24 [INFO]: GET /admin/units ::1 
2026-03-09 18:47:24 [INFO]: GET /css/adminStyle.css ::1 
2026-03-09 18:47:28 [INFO]: GET /admin/exams ::1 
2026-03-09 18:47:28 [INFO]: GET /css/adminStyle.css ::1 
2026-03-09 18:47:44 [INFO]: GET /admin/units ::1 
2026-03-09 18:47:44 [INFO]: GET /css/adminStyle.css ::1 
2026-03-09 18:47:49 [INFO]: GET /admin/topics ::1 
2026-03-09 18:47:49 [INFO]: GET /css/adminStyle.css ::1 
2026-03-09 18:47:53 [INFO]: GET /admin/subjects ::1 
2026-03-09 18:47:53 [INFO]: GET /css/adminStyle.css ::1 
2026-03-09 18:47:53 [INFO]: GET /admin/units ::1 
2026-03-09 18:47:53 [INFO]: GET /css/adminStyle.css ::1 
2026-03-09 18:47:59 [INFO]: GET /admin/topics ::1 
2026-03-09 18:47:59 [INFO]: GET /css/adminStyle.css ::1 
2026-03-09 18:48:02 [INFO]: GET /admin/questions ::1 
2026-03-09 18:48:02 [INFO]: GET /css/adminStyle.css ::1 
2026-03-09 18:55:33 [INFO]: GET /admin/topics ::1 
2026-03-09 18:55:33 [INFO]: GET /css/adminStyle.css ::1 
2026-03-09 19:08:32 [INFO]: 🚀 Server running on port 3000 
2026-03-09 19:08:32 [INFO]: ✅ Connected to MongoDB 
2026-03-09 19:08:32 [INFO]: 🔥  Forced seeding enabled. 
2026-03-09 19:08:32 [INFO]: ⚠ Clearing old Questions... 
2026-03-09 19:08:32 [INFO]: ⚠ Clearing old Topics... 
2026-03-09 19:08:32 [INFO]: ⚠ Clearing old Units... 
2026-03-09 19:08:32 [INFO]: ⚠ Clearing old Subjects... 
2026-03-09 19:08:32 [INFO]: ⚠ Clearing old Exams... 
2026-03-09 19:08:32 [INFO]: ⚠ Clearing old Payments... 
2026-03-09 19:08:32 [INFO]: ⚡ Seeding database... 
2026-03-09 19:08:32 [INFO]: 🔥 Exam seeded: 4 successfully! 
2026-03-09 19:08:32 [INFO]: 🔥 Subject seeded: 4 successfully! 
2026-03-09 19:08:32 [INFO]: 🔥 Unit seeded: 11 successfully! 
2026-03-09 19:08:32 [INFO]: 🔥 Topics seeded: 49 successfully! 
2026-03-09 19:08:32 [INFO]: 🔥 Questions seeded: 460 successfully! 
2026-03-09 19:08:32 [INFO]: ✅ All data seeded successfully! 
2026-03-09 19:08:35 [INFO]: GET / ::1 
2026-03-09 19:08:35 [INFO]: GET /css/desktopStyle.css ::1 
2026-03-09 19:08:35 [INFO]: GET /images/biobrain-logo1.png ::1 
2026-03-09 19:08:35 [INFO]: GET /js/navibar.js ::1 
2026-03-09 19:08:35 [INFO]: GET /images/dna-pattern.png ::1 
2026-03-09 19:08:35 [INFO]: GET /images/molucule-structure.png ::1 
2026-03-09 19:08:36 [INFO]: GET /admin ::1 
2026-03-09 19:08:37 [INFO]: GET /css/adminStyle.css ::1 
2026-03-09 19:08:37 [INFO]: GET /js/admin.js ::1 
2026-03-09 19:08:38 [INFO]: GET /admin/questions ::1 
2026-03-09 19:08:38 [INFO]: GET /css/adminStyle.css ::1 
2026-03-09 19:08:46 [INFO]: GET /admin/subjects/by-exam/E3 ::1 
2026-03-09 19:09:02 [INFO]: GET /css/adminStyle.css ::1 
2026-03-09 19:09:02 [INFO]: GET /.well-known/appspecific/com.chrome.devtools.json ::1 
2026-03-09 19:09:44 [INFO]: 🚀 Server running on port 3000 
2026-03-09 19:09:44 [INFO]: ✅ Connected to MongoDB 
2026-03-09 19:09:44 [INFO]: 🔥  Forced seeding enabled. 
2026-03-09 19:09:44 [INFO]: ⚠ Clearing old Questions... 
2026-03-09 19:09:44 [INFO]: ⚠ Clearing old Topics... 
2026-03-09 19:09:44 [INFO]: ⚠ Clearing old Units... 
2026-03-09 19:09:44 [INFO]: ⚠ Clearing old Subjects... 
2026-03-09 19:09:44 [INFO]: ⚠ Clearing old Exams... 
2026-03-09 19:09:44 [INFO]: ⚠ Clearing old Payments... 
2026-03-09 19:09:44 [INFO]: ⚡ Seeding database... 
2026-03-09 19:09:44 [INFO]: 🔥 Exam seeded: 4 successfully! 
2026-03-09 19:09:44 [INFO]: 🔥 Subject seeded: 4 successfully! 
2026-03-09 19:09:44 [INFO]: 🔥 Unit seeded: 11 successfully! 
2026-03-09 19:09:44 [INFO]: 🔥 Topics seeded: 49 successfully! 
2026-03-09 19:09:44 [INFO]: 🔥 Questions seeded: 460 successfully! 
2026-03-09 19:09:44 [INFO]: ✅ All data seeded successfully! 
2026-03-09 19:09:46 [INFO]: GET / ::1 
2026-03-09 19:09:46 [INFO]: GET /css/desktopStyle.css ::1 
2026-03-09 19:09:46 [INFO]: GET /images/biobrain-logo1.png ::1 
2026-03-09 19:09:46 [INFO]: GET /js/navibar.js ::1 
2026-03-09 19:09:48 [INFO]: GET /admin ::1 
2026-03-09 19:09:48 [INFO]: GET /css/adminStyle.css ::1 
2026-03-09 19:09:48 [INFO]: GET /js/admin.js ::1 
2026-03-09 19:09:50 [INFO]: GET /admin/questions ::1 
2026-03-09 19:09:50 [INFO]: GET /css/adminStyle.css ::1 
2026-03-09 19:14:24 [INFO]: GET /admin/topics ::1 
2026-03-09 19:14:24 [INFO]: GET /css/adminStyle.css ::1 
2026-03-09 19:18:01 [INFO]: GET /admin/questions ::1 
2026-03-09 19:18:01 [INFO]: GET /css/adminStyle.css ::1 
2026-03-09 20:27:18 [INFO]: 🚀 Server running on port 3000 
2026-03-09 20:27:18 [INFO]: ✅ Connected to MongoDB 
2026-03-09 20:27:18 [INFO]: 🔥  Forced seeding enabled. 
2026-03-09 20:27:18 [INFO]: ⚠ Clearing old Questions... 
2026-03-09 20:27:18 [INFO]: ⚠ Clearing old Topics... 
2026-03-09 20:27:18 [INFO]: ⚠ Clearing old Units... 
2026-03-09 20:27:18 [INFO]: ⚠ Clearing old Subjects... 
2026-03-09 20:27:18 [INFO]: ⚠ Clearing old Exams... 
2026-03-09 20:27:18 [INFO]: ⚠ Clearing old Payments... 
2026-03-09 20:27:18 [INFO]: ⚡ Seeding database... 
2026-03-09 20:27:18 [INFO]: 🔥 Exam seeded: 4 successfully! 
2026-03-09 20:27:18 [INFO]: 🔥 Subject seeded: 4 successfully! 
2026-03-09 20:27:18 [INFO]: 🔥 Unit seeded: 11 successfully! 
2026-03-09 20:27:18 [INFO]: 🔥 Topics seeded: 49 successfully! 
2026-03-09 20:27:19 [INFO]: 🔥 Questions seeded: 460 successfully! 
2026-03-09 20:27:19 [INFO]: ✅ All data seeded successfully! 
2026-03-09 20:27:22 [INFO]: GET / ::1 
2026-03-09 20:27:22 [INFO]: GET /css/desktopStyle.css ::1 
2026-03-09 20:27:22 [INFO]: GET /images/biobrain-logo1.png ::1 
2026-03-09 20:27:22 [INFO]: GET /js/navibar.js ::1 
2026-03-09 20:27:22 [INFO]: GET /images/dna-pattern.png ::1 
2026-03-09 20:27:22 [INFO]: GET /images/molucule-structure.png ::1 
2026-03-09 20:27:23 [INFO]: GET /admin ::1 
2026-03-09 20:27:23 [INFO]: GET /login ::1 
2026-03-09 20:27:23 [INFO]: GET /css/desktopStyle.css ::1 
2026-03-09 20:27:23 [INFO]: GET /images/biobrain-logo1.png ::1 
2026-03-09 20:27:23 [INFO]: GET /js/navibar.js ::1 
2026-03-09 20:27:34 [INFO]: POST /login ::1 
2026-03-09 20:27:34 [INFO]: GET /admin ::1 
2026-03-09 20:27:34 [INFO]: GET /css/adminStyle.css ::1 
2026-03-09 20:27:34 [INFO]: GET /js/admin.js ::1 
2026-03-09 20:27:35 [INFO]: GET /admin/questions ::1 
2026-03-09 20:27:36 [INFO]: GET /css/adminStyle.css ::1 
2026-03-09 20:29:46 [INFO]: 🚀 Server running on port 3000 
2026-03-09 20:29:46 [INFO]: ✅ Connected to MongoDB 
2026-03-09 20:29:46 [INFO]: 🔥  Forced seeding enabled. 
2026-03-09 20:29:46 [INFO]: ⚠ Clearing old Questions... 
2026-03-09 20:29:46 [INFO]: ⚠ Clearing old Topics... 
2026-03-09 20:29:46 [INFO]: ⚠ Clearing old Units... 
2026-03-09 20:29:46 [INFO]: ⚠ Clearing old Subjects... 
2026-03-09 20:29:46 [INFO]: ⚠ Clearing old Exams... 
2026-03-09 20:29:46 [INFO]: ⚠ Clearing old Payments... 
2026-03-09 20:29:46 [INFO]: ⚡ Seeding database... 
2026-03-09 20:29:46 [INFO]: 🔥 Exam seeded: 4 successfully! 
2026-03-09 20:29:46 [INFO]: 🔥 Subject seeded: 4 successfully! 
2026-03-09 20:29:46 [INFO]: 🔥 Unit seeded: 11 successfully! 
2026-03-09 20:29:46 [INFO]: 🔥 Topics seeded: 49 successfully! 
2026-03-09 20:29:46 [INFO]: 🔥 Questions seeded: 460 successfully! 
2026-03-09 20:29:46 [INFO]: ✅ All data seeded successfully! 
2026-03-09 20:29:49 [INFO]: GET / ::1 
2026-03-09 20:29:49 [INFO]: GET /css/desktopStyle.css ::1 
2026-03-09 20:29:49 [INFO]: GET /images/biobrain-logo1.png ::1 
2026-03-09 20:29:49 [INFO]: GET /js/navibar.js ::1 
2026-03-09 20:29:50 [INFO]: GET /admin ::1 
2026-03-09 20:29:50 [INFO]: GET /css/adminStyle.css ::1 
2026-03-09 20:29:50 [INFO]: GET /js/admin.js ::1 
2026-03-09 20:29:53 [INFO]: GET /admin/questions ::1 
2026-03-09 20:29:53 [INFO]: GET /css/adminStyle.css ::1 
2026-03-09 20:32:46 [INFO]: GET /css/adminStyle.css ::1 
2026-03-09 20:32:46 [INFO]: GET /.well-known/appspecific/com.chrome.devtools.json ::1 
2026-03-09 20:33:44 [INFO]: GET /.well-known/appspecific/com.chrome.devtools.json ::1 
2026-03-09 20:34:01 [INFO]: GET /.well-known/appspecific/com.chrome.devtools.json ::1 
2026-03-09 20:34:57 [INFO]: 🚀 Server running on port 3000 
2026-03-09 20:34:57 [INFO]: ✅ Connected to MongoDB 
2026-03-09 20:34:57 [INFO]: 🔥  Forced seeding enabled. 
2026-03-09 20:34:57 [INFO]: ⚠ Clearing old Questions... 
2026-03-09 20:34:57 [INFO]: ⚠ Clearing old Topics... 
2026-03-09 20:34:57 [INFO]: ⚠ Clearing old Units... 
2026-03-09 20:34:57 [INFO]: ⚠ Clearing old Subjects... 
2026-03-09 20:34:57 [INFO]: ⚠ Clearing old Exams... 
2026-03-09 20:34:57 [INFO]: ⚠ Clearing old Payments... 
2026-03-09 20:34:57 [INFO]: ⚡ Seeding database... 
2026-03-09 20:34:57 [INFO]: 🔥 Exam seeded: 4 successfully! 
2026-03-09 20:34:57 [INFO]: 🔥 Subject seeded: 4 successfully! 
2026-03-09 20:34:57 [INFO]: 🔥 Unit seeded: 11 successfully! 
2026-03-09 20:34:57 [INFO]: 🔥 Topics seeded: 49 successfully! 
2026-03-09 20:34:58 [INFO]: 🔥 Questions seeded: 460 successfully! 
2026-03-09 20:34:58 [INFO]: ✅ All data seeded successfully! 
2026-03-09 20:35:00 [INFO]: GET / ::1 
2026-03-09 20:35:00 [INFO]: GET /.well-known/appspecific/com.chrome.devtools.json ::1 
2026-03-09 20:35:01 [INFO]: GET /css/desktopStyle.css ::1 
2026-03-09 20:35:01 [INFO]: GET /images/biobrain-logo1.png ::1 
2026-03-09 20:35:01 [INFO]: GET /js/navibar.js ::1 
2026-03-09 20:35:01 [INFO]: GET /images/dna-pattern.png ::1 
2026-03-09 20:35:01 [INFO]: GET /images/molucule-structure.png ::1 
2026-03-09 20:35:04 [INFO]: GET /admin ::1 
2026-03-09 20:35:04 [INFO]: GET /css/adminStyle.css ::1 
2026-03-09 20:35:04 [INFO]: GET /js/admin.js ::1 
2026-03-09 20:35:05 [INFO]: GET /admin/questions ::1 
2026-03-09 20:35:05 [INFO]: GET /css/adminStyle.css ::1 
2026-03-09 20:35:11 [INFO]: GET /css/adminStyle.css ::1 
2026-03-09 20:35:11 [INFO]: GET /.well-known/appspecific/com.chrome.devtools.json ::1 
2026-03-09 20:36:31 [INFO]: 🚀 Server running on port 3000 
2026-03-09 20:36:31 [INFO]: ✅ Connected to MongoDB 
2026-03-09 20:36:31 [INFO]: 🔥  Forced seeding enabled. 
2026-03-09 20:36:31 [INFO]: ⚠ Clearing old Questions... 
2026-03-09 20:36:31 [INFO]: ⚠ Clearing old Topics... 
2026-03-09 20:36:31 [INFO]: ⚠ Clearing old Units... 
2026-03-09 20:36:31 [INFO]: ⚠ Clearing old Subjects... 
2026-03-09 20:36:31 [INFO]: ⚠ Clearing old Exams... 
2026-03-09 20:36:31 [INFO]: ⚠ Clearing old Payments... 
2026-03-09 20:36:31 [INFO]: ⚡ Seeding database... 
2026-03-09 20:36:31 [INFO]: 🔥 Exam seeded: 4 successfully! 
2026-03-09 20:36:31 [INFO]: 🔥 Subject seeded: 4 successfully! 
2026-03-09 20:36:31 [INFO]: 🔥 Unit seeded: 11 successfully! 
2026-03-09 20:36:31 [INFO]: 🔥 Topics seeded: 49 successfully! 
2026-03-09 20:36:31 [INFO]: 🔥 Questions seeded: 460 successfully! 
2026-03-09 20:36:31 [INFO]: ✅ All data seeded successfully! 
2026-03-09 20:36:33 [INFO]: GET / ::1 
2026-03-09 20:36:33 [INFO]: GET /css/desktopStyle.css ::1 
2026-03-09 20:36:33 [INFO]: GET /images/biobrain-logo1.png ::1 
2026-03-09 20:36:33 [INFO]: GET /js/navibar.js ::1 
2026-03-09 20:36:34 [INFO]: GET /admin ::1 
2026-03-09 20:36:35 [INFO]: GET /css/adminStyle.css ::1 
2026-03-09 20:36:35 [INFO]: GET /js/admin.js ::1 
2026-03-09 20:36:38 [INFO]: GET /admin/questions ::1 
2026-03-09 20:36:38 [INFO]: GET /css/adminStyle.css ::1 
2026-03-09 20:37:01 [INFO]: GET /.well-known/appspecific/com.chrome.devtools.json ::1 
2026-03-09 20:37:01 [INFO]: GET /css/adminStyle.css ::1 
2026-03-09 20:41:09 [INFO]: 🚀 Server running on port 3000 
2026-03-09 20:41:09 [INFO]: ✅ Connected to MongoDB 
2026-03-09 20:41:09 [INFO]: 🔥  Forced seeding enabled. 
2026-03-09 20:41:09 [INFO]: ⚠ Clearing old Questions... 
2026-03-09 20:41:09 [INFO]: ⚠ Clearing old Topics... 
2026-03-09 20:41:09 [INFO]: ⚠ Clearing old Units... 
2026-03-09 20:41:09 [INFO]: ⚠ Clearing old Subjects... 
2026-03-09 20:41:09 [INFO]: ⚠ Clearing old Exams... 
2026-03-09 20:41:09 [INFO]: ⚠ Clearing old Payments... 
2026-03-09 20:41:09 [INFO]: ⚡ Seeding database... 
2026-03-09 20:41:09 [INFO]: 🔥 Exam seeded: 4 successfully! 
2026-03-09 20:41:09 [INFO]: 🔥 Subject seeded: 4 successfully! 
2026-03-09 20:41:09 [INFO]: 🔥 Unit seeded: 11 successfully! 
2026-03-09 20:41:09 [INFO]: 🔥 Topics seeded: 49 successfully! 
2026-03-09 20:41:10 [INFO]: 🔥 Questions seeded: 460 successfully! 
2026-03-09 20:41:10 [INFO]: ✅ All data seeded successfully! 
2026-03-09 20:41:12 [INFO]: GET / ::1 
2026-03-09 20:41:12 [INFO]: GET /css/desktopStyle.css ::1 
2026-03-09 20:41:12 [INFO]: GET /images/biobrain-logo1.png ::1 
2026-03-09 20:41:12 [INFO]: GET /js/navibar.js ::1 
2026-03-09 20:41:12 [INFO]: GET /images/dna-pattern.png ::1 
2026-03-09 20:41:12 [INFO]: GET /images/molucule-structure.png ::1 
2026-03-09 20:41:13 [INFO]: GET /admin ::1 
2026-03-09 20:41:13 [INFO]: GET /css/adminStyle.css ::1 
2026-03-09 20:41:13 [INFO]: GET /js/admin.js ::1 
2026-03-09 20:41:15 [INFO]: GET /admin/questions ::1 
2026-03-09 20:41:15 [INFO]: GET /css/adminStyle.css ::1 
2026-03-09 20:47:25 [INFO]: 🚀 Server running on port 3000 
2026-03-09 20:47:25 [INFO]: ✅ Connected to MongoDB 
2026-03-09 20:47:25 [INFO]: 🔥  Forced seeding enabled. 
2026-03-09 20:47:25 [INFO]: ⚠ Clearing old Questions... 
2026-03-09 20:47:25 [INFO]: ⚠ Clearing old Topics... 
2026-03-09 20:47:25 [INFO]: ⚠ Clearing old Units... 
2026-03-09 20:47:25 [INFO]: ⚠ Clearing old Subjects... 
2026-03-09 20:47:25 [INFO]: ⚠ Clearing old Exams... 
2026-03-09 20:47:25 [INFO]: ⚠ Clearing old Payments... 
2026-03-09 20:47:25 [INFO]: ⚡ Seeding database... 
2026-03-09 20:47:25 [INFO]: 🔥 Exam seeded: 4 successfully! 
2026-03-09 20:47:25 [INFO]: 🔥 Subject seeded: 4 successfully! 
2026-03-09 20:47:25 [INFO]: 🔥 Unit seeded: 11 successfully! 
2026-03-09 20:47:25 [INFO]: 🔥 Topics seeded: 49 successfully! 
2026-03-09 20:47:26 [INFO]: 🔥 Questions seeded: 460 successfully! 
2026-03-09 20:47:26 [INFO]: ✅ All data seeded successfully! 
2026-03-09 20:47:27 [INFO]: GET / ::1 
2026-03-09 20:47:27 [INFO]: GET /css/desktopStyle.css ::1 
2026-03-09 20:47:27 [INFO]: GET /images/biobrain-logo1.png ::1 
2026-03-09 20:47:27 [INFO]: GET /js/navibar.js ::1 
2026-03-09 20:47:28 [INFO]: GET /images/dna-pattern.png ::1 
2026-03-09 20:47:28 [INFO]: GET /images/molucule-structure.png ::1 
2026-03-09 20:47:29 [INFO]: GET /admin ::1 
2026-03-09 20:47:29 [INFO]: GET /css/adminStyle.css ::1 
2026-03-09 20:47:29 [INFO]: GET /js/admin.js ::1 
2026-03-09 20:47:30 [INFO]: GET /admin/questions ::1 
2026-03-09 20:47:30 [INFO]: GET /css/adminStyle.css ::1 
2026-03-09 20:49:38 [INFO]: 🚀 Server running on port 3000 
2026-03-09 20:49:38 [INFO]: ✅ Connected to MongoDB 
2026-03-09 20:49:38 [INFO]: 🔥  Forced seeding enabled. 
2026-03-09 20:49:38 [INFO]: ⚠ Clearing old Questions... 
2026-03-09 20:49:38 [INFO]: ⚠ Clearing old Topics... 
2026-03-09 20:49:38 [INFO]: ⚠ Clearing old Units... 
2026-03-09 20:49:38 [INFO]: ⚠ Clearing old Subjects... 
2026-03-09 20:49:38 [INFO]: ⚠ Clearing old Exams... 
2026-03-09 20:49:38 [INFO]: ⚠ Clearing old Payments... 
2026-03-09 20:49:38 [INFO]: ⚡ Seeding database... 
2026-03-09 20:49:38 [INFO]: 🔥 Exam seeded: 4 successfully! 
2026-03-09 20:49:38 [INFO]: 🔥 Subject seeded: 4 successfully! 
2026-03-09 20:49:38 [INFO]: 🔥 Unit seeded: 11 successfully! 
2026-03-09 20:49:38 [INFO]: 🔥 Topics seeded: 49 successfully! 
2026-03-09 20:49:38 [INFO]: 🔥 Questions seeded: 460 successfully! 
2026-03-09 20:49:38 [INFO]: ✅ All data seeded successfully! 
2026-03-09 20:49:40 [INFO]: GET / ::1 
2026-03-09 20:49:40 [INFO]: GET /css/desktopStyle.css ::1 
2026-03-09 20:49:40 [INFO]: GET /images/biobrain-logo1.png ::1 
2026-03-09 20:49:40 [INFO]: GET /js/navibar.js ::1 
2026-03-09 20:49:40 [INFO]: GET /images/dna-pattern.png ::1 
2026-03-09 20:49:40 [INFO]: GET /images/molucule-structure.png ::1 
2026-03-09 20:49:41 [INFO]: GET /admin ::1 
2026-03-09 20:49:41 [INFO]: GET /css/adminStyle.css ::1 
2026-03-09 20:49:41 [INFO]: GET /js/admin.js ::1 
2026-03-09 20:49:42 [INFO]: GET /admin/questions ::1 
2026-03-09 20:49:42 [INFO]: GET /css/adminStyle.css ::1 
2026-03-09 20:50:23 [INFO]: GET /admin/subjects ::1 
2026-03-09 20:50:23 [INFO]: GET /css/adminStyle.css ::1 
2026-03-09 20:50:24 [INFO]: GET /admin/units ::1 
2026-03-09 20:50:24 [INFO]: GET /css/adminStyle.css ::1 
2026-03-09 20:50:26 [INFO]: GET /admin/topics ::1 
2026-03-09 20:50:26 [INFO]: GET /css/adminStyle.css ::1 
2026-03-09 20:50:47 [INFO]: GET /admin/units ::1 
2026-03-09 20:50:47 [INFO]: GET /css/adminStyle.css ::1 
2026-03-09 20:50:48 [INFO]: GET /admin/subjects ::1 
2026-03-09 20:50:48 [INFO]: GET /css/adminStyle.css ::1 
2026-03-09 20:50:54 [INFO]: GET /admin/units ::1 
2026-03-09 20:50:54 [INFO]: GET /css/adminStyle.css ::1 
2026-03-09 20:51:04 [INFO]: GET /admin/questions ::1 
2026-03-09 20:51:04 [INFO]: GET /css/adminStyle.css ::1 
2026-03-09 20:51:09 [INFO]: GET / ::1 
2026-03-09 20:51:09 [INFO]: GET /css/desktopStyle.css ::1 
2026-03-09 20:51:09 [INFO]: GET /images/biobrain-logo1.png ::1 
2026-03-09 20:51:09 [INFO]: GET /js/navibar.js ::1 
2026-03-09 20:51:09 [INFO]: GET /images/dna-pattern.png ::1 
2026-03-09 20:51:09 [INFO]: GET /images/molucule-structure.png ::1 
2026-03-09 20:51:12 [INFO]: GET /admin ::1 
2026-03-09 20:51:12 [INFO]: GET /css/adminStyle.css ::1 
2026-03-09 20:51:12 [INFO]: GET /js/admin.js ::1 
2026-03-09 20:51:13 [INFO]: GET /admin/questions ::1 
2026-03-09 20:51:13 [INFO]: GET /css/adminStyle.css ::1 
2026-03-09 20:52:41 [INFO]: 🚀 Server running on port 3000 
2026-03-09 20:52:41 [INFO]: ✅ Connected to MongoDB 
2026-03-09 20:52:41 [INFO]: 🔥  Forced seeding enabled. 
2026-03-09 20:52:41 [INFO]: ⚠ Clearing old Questions... 
2026-03-09 20:52:41 [INFO]: ⚠ Clearing old Topics... 
2026-03-09 20:52:41 [INFO]: ⚠ Clearing old Units... 
2026-03-09 20:52:41 [INFO]: ⚠ Clearing old Subjects... 
2026-03-09 20:52:41 [INFO]: ⚠ Clearing old Exams... 
2026-03-09 20:52:41 [INFO]: ⚠ Clearing old Payments... 
2026-03-09 20:52:41 [INFO]: ⚡ Seeding database... 
2026-03-09 20:52:41 [INFO]: 🔥 Exam seeded: 4 successfully! 
2026-03-09 20:52:41 [INFO]: 🔥 Subject seeded: 4 successfully! 
2026-03-09 20:52:41 [INFO]: 🔥 Unit seeded: 11 successfully! 
2026-03-09 20:52:41 [INFO]: 🔥 Topics seeded: 49 successfully! 
2026-03-09 20:52:42 [INFO]: 🔥 Questions seeded: 460 successfully! 
2026-03-09 20:52:42 [INFO]: ✅ All data seeded successfully! 
2026-03-09 20:52:43 [INFO]: GET / ::1 
2026-03-09 20:52:43 [INFO]: GET /css/desktopStyle.css ::1 
2026-03-09 20:52:43 [INFO]: GET /images/biobrain-logo1.png ::1 
2026-03-09 20:52:43 [INFO]: GET /js/navibar.js ::1 
2026-03-09 20:52:43 [INFO]: GET /images/dna-pattern.png ::1 
2026-03-09 20:52:43 [INFO]: GET /images/molucule-structure.png ::1 
2026-03-09 20:52:44 [INFO]: GET /admin ::1 
2026-03-09 20:52:45 [INFO]: GET /css/adminStyle.css ::1 
2026-03-09 20:52:45 [INFO]: GET /js/admin.js ::1 
2026-03-09 20:52:46 [INFO]: GET /admin/questions ::1 
2026-03-09 20:52:46 [INFO]: GET /css/adminStyle.css ::1 
2026-03-09 20:53:57 [INFO]: 🚀 Server running on port 3000 
2026-03-09 20:53:57 [INFO]: ✅ Connected to MongoDB 
2026-03-09 20:53:57 [INFO]: 🔥  Forced seeding enabled. 
2026-03-09 20:53:57 [INFO]: ⚠ Clearing old Questions... 
2026-03-09 20:53:57 [INFO]: ⚠ Clearing old Topics... 
2026-03-09 20:53:57 [INFO]: ⚠ Clearing old Units... 
2026-03-09 20:53:57 [INFO]: ⚠ Clearing old Subjects... 
2026-03-09 20:53:57 [INFO]: ⚠ Clearing old Exams... 
2026-03-09 20:53:57 [INFO]: ⚠ Clearing old Payments... 
2026-03-09 20:53:57 [INFO]: ⚡ Seeding database... 
2026-03-09 20:53:57 [INFO]: 🔥 Exam seeded: 4 successfully! 
2026-03-09 20:53:57 [INFO]: 🔥 Subject seeded: 4 successfully! 
2026-03-09 20:53:57 [INFO]: 🔥 Unit seeded: 11 successfully! 
2026-03-09 20:53:57 [INFO]: 🔥 Topics seeded: 49 successfully! 
2026-03-09 20:53:57 [INFO]: 🔥 Questions seeded: 460 successfully! 
2026-03-09 20:53:57 [INFO]: ✅ All data seeded successfully! 
2026-03-09 20:53:58 [INFO]: GET / ::1 
2026-03-09 20:53:58 [INFO]: GET /css/desktopStyle.css ::1 
2026-03-09 20:53:58 [INFO]: GET /images/biobrain-logo1.png ::1 
2026-03-09 20:53:58 [INFO]: GET /js/navibar.js ::1 
2026-03-09 20:54:00 [INFO]: GET /admin ::1 
2026-03-09 20:54:00 [INFO]: GET /css/adminStyle.css ::1 
2026-03-09 20:54:00 [INFO]: GET /js/admin.js ::1 
2026-03-09 20:54:01 [INFO]: GET /admin/questions ::1 
2026-03-09 20:54:01 [INFO]: GET /css/adminStyle.css ::1 
2026-03-09 20:54:51 [INFO]: 🚀 Server running on port 3000 
2026-03-09 20:54:51 [INFO]: ✅ Connected to MongoDB 
2026-03-09 20:54:51 [INFO]: 🔥  Forced seeding enabled. 
2026-03-09 20:54:51 [INFO]: ⚠ Clearing old Questions... 
2026-03-09 20:54:51 [INFO]: ⚠ Clearing old Topics... 
2026-03-09 20:54:51 [INFO]: ⚠ Clearing old Units... 
2026-03-09 20:54:51 [INFO]: ⚠ Clearing old Subjects... 
2026-03-09 20:54:51 [INFO]: ⚠ Clearing old Exams... 
2026-03-09 20:54:51 [INFO]: ⚠ Clearing old Payments... 
2026-03-09 20:54:51 [INFO]: ⚡ Seeding database... 
2026-03-09 20:54:51 [INFO]: 🔥 Exam seeded: 4 successfully! 
2026-03-09 20:54:51 [INFO]: 🔥 Subject seeded: 4 successfully! 
2026-03-09 20:54:51 [INFO]: 🔥 Unit seeded: 11 successfully! 
2026-03-09 20:54:51 [INFO]: 🔥 Topics seeded: 49 successfully! 
2026-03-09 20:54:51 [INFO]: 🔥 Questions seeded: 460 successfully! 
2026-03-09 20:54:51 [INFO]: ✅ All data seeded successfully! 
2026-03-09 20:54:53 [INFO]: GET / ::1 
2026-03-09 20:54:53 [INFO]: GET /css/desktopStyle.css ::1 
2026-03-09 20:54:53 [INFO]: GET /images/biobrain-logo1.png ::1 
2026-03-09 20:54:53 [INFO]: GET /js/navibar.js ::1 
2026-03-09 20:54:54 [INFO]: GET /images/dna-pattern.png ::1 
2026-03-09 20:54:54 [INFO]: GET /images/molucule-structure.png ::1 
2026-03-09 20:54:57 [INFO]: GET /admin ::1 
2026-03-09 20:54:57 [INFO]: GET /css/adminStyle.css ::1 
2026-03-09 20:54:57 [INFO]: GET /js/admin.js ::1 
2026-03-09 20:54:59 [INFO]: GET /admin/questions ::1 
2026-03-09 20:54:59 [INFO]: GET /css/adminStyle.css ::1 
2026-03-09 21:02:30 [INFO]: 🚀 Server running on port 3000 
2026-03-09 21:02:30 [INFO]: ✅ Connected to MongoDB 
2026-03-09 21:02:30 [INFO]: 🔥  Forced seeding enabled. 
2026-03-09 21:02:30 [INFO]: ⚠ Clearing old Questions... 
2026-03-09 21:02:30 [INFO]: ⚠ Clearing old Topics... 
2026-03-09 21:02:30 [INFO]: ⚠ Clearing old Units... 
2026-03-09 21:02:30 [INFO]: ⚠ Clearing old Subjects... 
2026-03-09 21:02:30 [INFO]: ⚠ Clearing old Exams... 
2026-03-09 21:02:30 [INFO]: ⚠ Clearing old Payments... 
2026-03-09 21:02:30 [INFO]: ⚡ Seeding database... 
2026-03-09 21:02:30 [INFO]: 🔥 Exam seeded: 4 successfully! 
2026-03-09 21:02:30 [INFO]: 🔥 Subject seeded: 4 successfully! 
2026-03-09 21:02:30 [INFO]: 🔥 Unit seeded: 11 successfully! 
2026-03-09 21:02:30 [INFO]: 🔥 Topics seeded: 49 successfully! 
2026-03-09 21:02:30 [INFO]: 🔥 Questions seeded: 460 successfully! 
2026-03-09 21:02:30 [INFO]: ✅ All data seeded successfully! 
2026-03-09 21:02:33 [INFO]: GET / ::1 
2026-03-09 21:02:33 [INFO]: GET /css/desktopStyle.css ::1 
2026-03-09 21:02:33 [INFO]: GET /images/biobrain-logo1.png ::1 
2026-03-09 21:02:33 [INFO]: GET /js/navibar.js ::1 
2026-03-09 21:02:33 [INFO]: GET /images/dna-pattern.png ::1 
2026-03-09 21:02:33 [INFO]: GET /images/molucule-structure.png ::1 
2026-03-09 21:02:36 [INFO]: GET /admin ::1 
2026-03-09 21:02:36 [INFO]: GET /css/adminStyle.css ::1 
2026-03-09 21:02:36 [INFO]: GET /js/admin.js ::1 
2026-03-09 21:02:38 [INFO]: GET /admin/questions ::1 
2026-03-09 21:02:38 [INFO]: GET /css/adminStyle.css ::1 
2026-03-09 21:04:33 [INFO]: 🚀 Server running on port 3000 
2026-03-09 21:04:33 [INFO]: ✅ Connected to MongoDB 
2026-03-09 21:04:33 [INFO]: 🔥  Forced seeding enabled. 
2026-03-09 21:04:33 [INFO]: ⚠ Clearing old Questions... 
2026-03-09 21:04:33 [INFO]: ⚠ Clearing old Topics... 
2026-03-09 21:04:33 [INFO]: ⚠ Clearing old Units... 
2026-03-09 21:04:33 [INFO]: ⚠ Clearing old Subjects... 
2026-03-09 21:04:33 [INFO]: ⚠ Clearing old Exams... 
2026-03-09 21:04:33 [INFO]: ⚠ Clearing old Payments... 
2026-03-09 21:04:33 [INFO]: ⚡ Seeding database... 
2026-03-09 21:04:33 [INFO]: 🔥 Exam seeded: 4 successfully! 
2026-03-09 21:04:33 [INFO]: 🔥 Subject seeded: 4 successfully! 
2026-03-09 21:04:33 [INFO]: 🔥 Unit seeded: 11 successfully! 
2026-03-09 21:04:33 [INFO]: 🔥 Topics seeded: 49 successfully! 
2026-03-09 21:04:34 [INFO]: 🔥 Questions seeded: 460 successfully! 
2026-03-09 21:04:34 [INFO]: ✅ All data seeded successfully! 
2026-03-09 21:04:37 [INFO]: GET / ::1 
2026-03-09 21:04:37 [INFO]: GET /css/desktopStyle.css ::1 
2026-03-09 21:04:37 [INFO]: GET /images/biobrain-logo1.png ::1 
2026-03-09 21:04:37 [INFO]: GET /js/navibar.js ::1 
2026-03-09 21:04:39 [INFO]: GET /admin ::1 
2026-03-09 21:04:39 [INFO]: GET /css/adminStyle.css ::1 
2026-03-09 21:04:39 [INFO]: GET /js/admin.js ::1 
2026-03-09 21:04:40 [INFO]: GET /admin/questions ::1 
2026-03-09 21:04:40 [INFO]: GET /css/adminStyle.css ::1 
2026-03-09 21:10:06 [INFO]: GET /admin/questions ::1 
2026-03-09 21:10:06 [INFO]: GET /css/adminStyle.css ::1 
2026-03-09 21:10:07 [INFO]: GET /admin/questions ::1 
2026-03-09 21:10:07 [INFO]: GET /css/adminStyle.css ::1 
2026-03-09 21:10:08 [INFO]: GET /admin/questions ::1 
2026-03-09 21:10:08 [INFO]: GET /css/adminStyle.css ::1 
2026-03-09 21:10:08 [INFO]: GET /admin/questions ::1 
2026-03-09 21:10:08 [INFO]: GET /css/adminStyle.css ::1 
2026-03-09 21:10:10 [INFO]: GET / ::1 
2026-03-09 21:10:10 [INFO]: GET /css/desktopStyle.css ::1 
2026-03-09 21:10:10 [INFO]: GET /images/biobrain-logo1.png ::1 
2026-03-09 21:10:10 [INFO]: GET /js/navibar.js ::1 
2026-03-09 21:10:10 [INFO]: GET /images/dna-pattern.png ::1 
2026-03-09 21:10:10 [INFO]: GET /images/molucule-structure.png ::1 
2026-03-09 21:10:11 [INFO]: GET /admin ::1 
2026-03-09 21:10:11 [INFO]: GET /css/adminStyle.css ::1 
2026-03-09 21:10:11 [INFO]: GET /js/admin.js ::1 
2026-03-09 21:10:13 [INFO]: GET /admin/questions ::1 
2026-03-09 21:10:13 [INFO]: GET /css/adminStyle.css ::1 
2026-03-09 21:13:34 [INFO]: 🚀 Server running on port 3000 
2026-03-09 21:13:34 [INFO]: ✅ Connected to MongoDB 
2026-03-09 21:13:34 [INFO]: 🔥  Forced seeding enabled. 
2026-03-09 21:13:34 [INFO]: ⚠ Clearing old Questions... 
2026-03-09 21:13:35 [INFO]: ⚠ Clearing old Topics... 
2026-03-09 21:13:35 [INFO]: ⚠ Clearing old Units... 
2026-03-09 21:13:35 [INFO]: ⚠ Clearing old Subjects... 
2026-03-09 21:13:35 [INFO]: ⚠ Clearing old Exams... 
2026-03-09 21:13:35 [INFO]: ⚠ Clearing old Payments... 
2026-03-09 21:13:35 [INFO]: ⚡ Seeding database... 
2026-03-09 21:13:35 [INFO]: 🔥 Exam seeded: 4 successfully! 
2026-03-09 21:13:35 [INFO]: 🔥 Subject seeded: 4 successfully! 
2026-03-09 21:13:35 [INFO]: 🔥 Unit seeded: 11 successfully! 
2026-03-09 21:13:35 [INFO]: 🔥 Topics seeded: 49 successfully! 
2026-03-09 21:13:35 [INFO]: 🔥 Questions seeded: 460 successfully! 
2026-03-09 21:13:35 [INFO]: ✅ All data seeded successfully! 
2026-03-09 21:13:39 [INFO]: GET / ::1 
2026-03-09 21:13:39 [INFO]: GET /css/desktopStyle.css ::1 
2026-03-09 21:13:39 [INFO]: GET /images/biobrain-logo1.png ::1 
2026-03-09 21:13:39 [INFO]: GET /js/navibar.js ::1 
2026-03-09 21:13:39 [INFO]: GET /images/dna-pattern.png ::1 
2026-03-09 21:13:39 [INFO]: GET /images/molucule-structure.png ::1 
2026-03-09 21:13:40 [INFO]: GET /admin ::1 
2026-03-09 21:13:40 [INFO]: GET /css/adminStyle.css ::1 
2026-03-09 21:13:40 [INFO]: GET /js/admin.js ::1 
2026-03-09 21:13:41 [INFO]: GET /admin/questions ::1 
2026-03-09 21:14:26 [INFO]: 🚀 Server running on port 3000 
2026-03-09 21:14:26 [INFO]: ✅ Connected to MongoDB 
2026-03-09 21:14:26 [INFO]: 🔥  Forced seeding enabled. 
2026-03-09 21:14:26 [INFO]: ⚠ Clearing old Questions... 
2026-03-09 21:14:26 [INFO]: ⚠ Clearing old Topics... 
2026-03-09 21:14:26 [INFO]: ⚠ Clearing old Units... 
2026-03-09 21:14:26 [INFO]: ⚠ Clearing old Subjects... 
2026-03-09 21:14:26 [INFO]: ⚠ Clearing old Exams... 
2026-03-09 21:14:26 [INFO]: ⚠ Clearing old Payments... 
2026-03-09 21:14:26 [INFO]: ⚡ Seeding database... 
2026-03-09 21:14:26 [INFO]: 🔥 Exam seeded: 4 successfully! 
2026-03-09 21:14:26 [INFO]: 🔥 Subject seeded: 4 successfully! 
2026-03-09 21:14:26 [INFO]: 🔥 Unit seeded: 11 successfully! 
2026-03-09 21:14:26 [INFO]: 🔥 Topics seeded: 49 successfully! 
2026-03-09 21:14:27 [INFO]: 🔥 Questions seeded: 460 successfully! 
2026-03-09 21:14:27 [INFO]: ✅ All data seeded successfully! 
2026-03-09 21:14:28 [INFO]: GET / ::1 
2026-03-09 21:14:28 [INFO]: GET /css/desktopStyle.css ::1 
2026-03-09 21:14:28 [INFO]: GET /images/biobrain-logo1.png ::1 
2026-03-09 21:14:28 [INFO]: GET /js/navibar.js ::1 
2026-03-09 21:14:28 [INFO]: GET /images/dna-pattern.png ::1 
2026-03-09 21:14:28 [INFO]: GET /images/molucule-structure.png ::1 
2026-03-09 21:14:29 [INFO]: GET /admin ::1 
2026-03-09 21:14:29 [INFO]: GET /css/adminStyle.css ::1 
2026-03-09 21:14:29 [INFO]: GET /js/admin.js ::1 
2026-03-09 21:14:30 [INFO]: GET /admin/questions ::1 
2026-03-09 21:15:03 [INFO]: 🚀 Server running on port 3000 
2026-03-09 21:15:03 [INFO]: ✅ Connected to MongoDB 
2026-03-09 21:15:03 [INFO]: 🔥  Forced seeding enabled. 
2026-03-09 21:15:03 [INFO]: ⚠ Clearing old Questions... 
2026-03-09 21:15:03 [INFO]: ⚠ Clearing old Topics... 
2026-03-09 21:15:03 [INFO]: ⚠ Clearing old Units... 
2026-03-09 21:15:03 [INFO]: ⚠ Clearing old Subjects... 
2026-03-09 21:15:03 [INFO]: ⚠ Clearing old Exams... 
2026-03-09 21:15:03 [INFO]: ⚠ Clearing old Payments... 
2026-03-09 21:15:03 [INFO]: ⚡ Seeding database... 
2026-03-09 21:15:03 [INFO]: 🔥 Exam seeded: 4 successfully! 
2026-03-09 21:15:03 [INFO]: 🔥 Subject seeded: 4 successfully! 
2026-03-09 21:15:03 [INFO]: 🔥 Unit seeded: 11 successfully! 
2026-03-09 21:15:03 [INFO]: 🔥 Topics seeded: 49 successfully! 
2026-03-09 21:15:03 [INFO]: 🔥 Questions seeded: 460 successfully! 
2026-03-09 21:15:03 [INFO]: ✅ All data seeded successfully! 
2026-03-09 21:15:04 [INFO]: GET / ::1 
2026-03-09 21:15:04 [INFO]: GET /css/desktopStyle.css ::1 
2026-03-09 21:15:04 [INFO]: GET /images/biobrain-logo1.png ::1 
2026-03-09 21:15:04 [INFO]: GET /js/navibar.js ::1 
2026-03-09 21:15:06 [INFO]: GET /admin ::1 
2026-03-09 21:15:06 [INFO]: GET /css/adminStyle.css ::1 
2026-03-09 21:15:06 [INFO]: GET /js/admin.js ::1 
2026-03-09 21:15:07 [INFO]: GET /admin/questions ::1 
2026-03-09 21:15:31 [INFO]: 🚀 Server running on port 3000 
2026-03-09 21:15:31 [INFO]: ✅ Connected to MongoDB 
2026-03-09 21:15:31 [INFO]: 🔥  Forced seeding enabled. 
2026-03-09 21:15:31 [INFO]: ⚠ Clearing old Questions... 
2026-03-09 21:15:31 [INFO]: ⚠ Clearing old Topics... 
2026-03-09 21:15:31 [INFO]: ⚠ Clearing old Units... 
2026-03-09 21:15:31 [INFO]: ⚠ Clearing old Subjects... 
2026-03-09 21:15:31 [INFO]: ⚠ Clearing old Exams... 
2026-03-09 21:15:31 [INFO]: ⚠ Clearing old Payments... 
2026-03-09 21:15:31 [INFO]: ⚡ Seeding database... 
2026-03-09 21:15:31 [INFO]: 🔥 Exam seeded: 4 successfully! 
2026-03-09 21:15:31 [INFO]: 🔥 Subject seeded: 4 successfully! 
2026-03-09 21:15:31 [INFO]: 🔥 Unit seeded: 11 successfully! 
2026-03-09 21:15:31 [INFO]: 🔥 Topics seeded: 49 successfully! 
2026-03-09 21:15:31 [INFO]: 🔥 Questions seeded: 460 successfully! 
2026-03-09 21:15:31 [INFO]: ✅ All data seeded successfully! 
2026-03-09 21:15:32 [INFO]: GET / ::1 
2026-03-09 21:15:32 [INFO]: GET /css/desktopStyle.css ::1 
2026-03-09 21:15:32 [INFO]: GET /images/biobrain-logo1.png ::1 
2026-03-09 21:15:32 [INFO]: GET /js/navibar.js ::1 
2026-03-09 21:15:32 [INFO]: GET /images/dna-pattern.png ::1 
2026-03-09 21:15:32 [INFO]: GET /images/molucule-structure.png ::1 
2026-03-09 21:15:33 [INFO]: GET /admin ::1 
2026-03-09 21:15:33 [INFO]: GET /css/adminStyle.css ::1 
2026-03-09 21:15:33 [INFO]: GET /js/admin.js ::1 
2026-03-09 21:15:35 [INFO]: GET /admin/questions ::1 
2026-03-09 21:15:35 [INFO]: GET /css/adminStyle.css ::1 
2026-03-09 21:17:15 [INFO]: 🚀 Server running on port 3000 
2026-03-09 21:17:15 [INFO]: ✅ Connected to MongoDB 
2026-03-09 21:17:15 [INFO]: 🔥  Forced seeding enabled. 
2026-03-09 21:17:15 [INFO]: ⚠ Clearing old Questions... 
2026-03-09 21:17:15 [INFO]: ⚠ Clearing old Topics... 
2026-03-09 21:17:15 [INFO]: ⚠ Clearing old Units... 
2026-03-09 21:17:15 [INFO]: ⚠ Clearing old Subjects... 
2026-03-09 21:17:15 [INFO]: ⚠ Clearing old Exams... 
2026-03-09 21:17:15 [INFO]: ⚠ Clearing old Payments... 
2026-03-09 21:17:15 [INFO]: ⚡ Seeding database... 
2026-03-09 21:17:15 [INFO]: 🔥 Exam seeded: 4 successfully! 
2026-03-09 21:17:15 [INFO]: 🔥 Subject seeded: 4 successfully! 
2026-03-09 21:17:15 [INFO]: 🔥 Unit seeded: 11 successfully! 
2026-03-09 21:17:15 [INFO]: 🔥 Topics seeded: 49 successfully! 
2026-03-09 21:17:16 [INFO]: 🔥 Questions seeded: 460 successfully! 
2026-03-09 21:17:16 [INFO]: ✅ All data seeded successfully! 
2026-03-09 21:17:17 [INFO]: GET / ::1 
2026-03-09 21:17:17 [INFO]: GET /css/desktopStyle.css ::1 
2026-03-09 21:17:17 [INFO]: GET /images/biobrain-logo1.png ::1 
2026-03-09 21:17:17 [INFO]: GET /js/navibar.js ::1 
2026-03-09 21:17:18 [INFO]: GET /images/dna-pattern.png ::1 
2026-03-09 21:17:18 [INFO]: GET /images/molucule-structure.png ::1 
2026-03-09 21:17:18 [INFO]: GET /admin ::1 
2026-03-09 21:17:18 [INFO]: GET /css/adminStyle.css ::1 
2026-03-09 21:17:18 [INFO]: GET /js/admin.js ::1 
2026-03-09 21:17:19 [INFO]: GET /admin/questions ::1 
2026-03-09 21:17:20 [INFO]: GET /css/adminStyle.css ::1 
2026-03-09 21:17:39 [INFO]: GET /css/adminStyle.css ::1 
2026-03-09 21:17:39 [INFO]: GET /.well-known/appspecific/com.chrome.devtools.json ::1 
2026-03-09 21:19:16 [INFO]: GET /.well-known/appspecific/com.chrome.devtools.json ::1 
2026-03-09 21:25:42 [INFO]: 🚀 Server running on port 3000 
2026-03-09 21:25:42 [INFO]: ✅ Connected to MongoDB 
2026-03-09 21:25:42 [INFO]: 🔥  Forced seeding enabled. 
2026-03-09 21:25:42 [INFO]: ⚠ Clearing old Questions... 
2026-03-09 21:25:42 [INFO]: ⚠ Clearing old Topics... 
2026-03-09 21:25:42 [INFO]: ⚠ Clearing old Units... 
2026-03-09 21:25:42 [INFO]: ⚠ Clearing old Subjects... 
2026-03-09 21:25:42 [INFO]: ⚠ Clearing old Exams... 
2026-03-09 21:25:42 [INFO]: ⚠ Clearing old Payments... 
2026-03-09 21:25:42 [INFO]: ⚡ Seeding database... 
2026-03-09 21:25:42 [INFO]: 🔥 Exam seeded: 4 successfully! 
2026-03-09 21:25:42 [INFO]: 🔥 Subject seeded: 4 successfully! 
2026-03-09 21:25:42 [INFO]: 🔥 Unit seeded: 11 successfully! 
2026-03-09 21:25:42 [INFO]: 🔥 Topics seeded: 49 successfully! 
2026-03-09 21:25:42 [INFO]: 🔥 Questions seeded: 460 successfully! 
2026-03-09 21:25:42 [INFO]: ✅ All data seeded successfully! 
2026-03-09 21:25:46 [INFO]: GET / ::1 
2026-03-09 21:25:46 [INFO]: GET /css/desktopStyle.css ::1 
2026-03-09 21:25:46 [INFO]: GET /images/biobrain-logo1.png ::1 
2026-03-09 21:25:46 [INFO]: GET /js/navibar.js ::1 
2026-03-09 21:25:46 [INFO]: GET /images/dna-pattern.png ::1 
2026-03-09 21:25:46 [INFO]: GET /images/molucule-structure.png ::1 
2026-03-09 21:25:47 [INFO]: GET /admin ::1 
2026-03-09 21:25:47 [INFO]: GET /css/adminStyle.css ::1 
2026-03-09 21:25:47 [INFO]: GET /js/admin.js ::1 
2026-03-09 21:25:48 [INFO]: GET /admin/questions ::1 
2026-03-09 21:25:48 [INFO]: GET /css/adminStyle.css ::1 
2026-03-09 21:25:54 [INFO]: GET /admin/questions ::1 
2026-03-09 21:25:54 [INFO]: GET /css/adminStyle.css ::1 
2026-03-09 21:26:23 [INFO]: GET /.well-known/appspecific/com.chrome.devtools.json ::1 
2026-03-09 21:26:23 [INFO]: GET /css/adminStyle.css ::1 
2026-03-09 21:27:37 [INFO]: GET /.well-known/appspecific/com.chrome.devtools.json ::1 
2026-03-09 21:29:31 [INFO]: 🚀 Server running on port 3000 
2026-03-09 21:29:31 [INFO]: ✅ Connected to MongoDB 
2026-03-09 21:29:31 [INFO]: 🔥  Forced seeding enabled. 
2026-03-09 21:29:31 [INFO]: ⚠ Clearing old Questions... 
2026-03-09 21:29:31 [INFO]: ⚠ Clearing old Topics... 
2026-03-09 21:29:31 [INFO]: ⚠ Clearing old Units... 
2026-03-09 21:29:31 [INFO]: ⚠ Clearing old Subjects... 
2026-03-09 21:29:31 [INFO]: ⚠ Clearing old Exams... 
2026-03-09 21:29:31 [INFO]: ⚠ Clearing old Payments... 
2026-03-09 21:29:31 [INFO]: ⚡ Seeding database... 
2026-03-09 21:29:31 [INFO]: 🔥 Exam seeded: 4 successfully! 
2026-03-09 21:29:31 [INFO]: 🔥 Subject seeded: 4 successfully! 
2026-03-09 21:29:31 [INFO]: 🔥 Unit seeded: 11 successfully! 
2026-03-09 21:29:31 [INFO]: 🔥 Topics seeded: 49 successfully! 
2026-03-09 21:29:32 [INFO]: 🔥 Questions seeded: 460 successfully! 
2026-03-09 21:29:32 [INFO]: ✅ All data seeded successfully! 
2026-03-09 21:29:33 [INFO]: GET / ::1 
2026-03-09 21:29:34 [INFO]: GET /.well-known/appspecific/com.chrome.devtools.json ::1 
2026-03-09 21:29:34 [INFO]: GET /css/desktopStyle.css ::1 
2026-03-09 21:29:34 [INFO]: GET /images/biobrain-logo1.png ::1 
2026-03-09 21:29:34 [INFO]: GET /js/navibar.js ::1 
2026-03-09 21:29:34 [INFO]: GET /images/dna-pattern.png ::1 
2026-03-09 21:29:34 [INFO]: GET /images/molucule-structure.png ::1 
2026-03-09 21:29:35 [INFO]: GET /admin ::1 
2026-03-09 21:29:35 [INFO]: GET /login ::1 
2026-03-09 21:29:35 [INFO]: GET /css/desktopStyle.css ::1 
2026-03-09 21:29:35 [INFO]: GET /images/biobrain-logo1.png ::1 
2026-03-09 21:29:35 [INFO]: GET /js/navibar.js ::1 
2026-03-09 21:29:47 [INFO]: POST /login ::1 
2026-03-09 21:29:47 [INFO]: GET /admin ::1 
2026-03-09 21:29:47 [INFO]: GET /css/adminStyle.css ::1 
2026-03-09 21:29:47 [INFO]: GET /js/admin.js ::1 
2026-03-09 21:29:49 [INFO]: GET /admin/questions ::1 
2026-03-09 21:29:49 [INFO]: GET /css/adminStyle.css ::1 
2026-03-09 21:48:59 [INFO]: 🚀 Server running on port 3000 
2026-03-09 21:48:59 [INFO]: ✅ Connected to MongoDB 
2026-03-09 21:48:59 [INFO]: 🔥  Forced seeding enabled. 
2026-03-09 21:48:59 [INFO]: ⚠ Clearing old Questions... 
2026-03-09 21:48:59 [INFO]: ⚠ Clearing old Topics... 
2026-03-09 21:48:59 [INFO]: ⚠ Clearing old Units... 
2026-03-09 21:48:59 [INFO]: ⚠ Clearing old Subjects... 
2026-03-09 21:48:59 [INFO]: ⚠ Clearing old Exams... 
2026-03-09 21:48:59 [INFO]: ⚠ Clearing old Payments... 
2026-03-09 21:48:59 [INFO]: ⚡ Seeding database... 
2026-03-09 21:48:59 [INFO]: 🔥 Exam seeded: 4 successfully! 
2026-03-09 21:48:59 [INFO]: 🔥 Subject seeded: 4 successfully! 
2026-03-09 21:48:59 [INFO]: 🔥 Unit seeded: 11 successfully! 
2026-03-09 21:48:59 [INFO]: 🔥 Topics seeded: 49 successfully! 
2026-03-09 21:48:59 [INFO]: 🔥 Questions seeded: 460 successfully! 
2026-03-09 21:48:59 [INFO]: ✅ All data seeded successfully! 
2026-03-09 21:49:01 [INFO]: GET / ::1 
2026-03-09 21:49:01 [INFO]: GET /css/desktopStyle.css ::1 
2026-03-09 21:49:01 [INFO]: GET /images/biobrain-logo1.png ::1 
2026-03-09 21:49:01 [INFO]: GET /js/navibar.js ::1 
2026-03-09 21:49:01 [INFO]: GET /images/dna-pattern.png ::1 
2026-03-09 21:49:01 [INFO]: GET /images/molucule-structure.png ::1 
2026-03-09 21:49:02 [INFO]: GET /admin ::1 
2026-03-09 21:49:02 [INFO]: GET /css/adminStyle.css ::1 
2026-03-09 21:49:02 [INFO]: GET /js/admin.js ::1 
2026-03-09 21:49:04 [INFO]: GET /admin/questions ::1 
2026-03-09 21:49:04 [INFO]: GET /css/adminStyle.css ::1 
2026-03-09 21:50:02 [INFO]: GET /css/adminStyle.css ::1 
2026-03-09 21:50:02 [INFO]: GET /.well-known/appspecific/com.chrome.devtools.json ::1 
2026-03-09 21:50:48 [INFO]: 🚀 Server running on port 3000 
2026-03-09 21:50:48 [INFO]: ✅ Connected to MongoDB 
2026-03-09 21:50:48 [INFO]: 🔥  Forced seeding enabled. 
2026-03-09 21:50:48 [INFO]: ⚠ Clearing old Questions... 
2026-03-09 21:50:48 [INFO]: ⚠ Clearing old Topics... 
2026-03-09 21:50:48 [INFO]: ⚠ Clearing old Units... 
2026-03-09 21:50:48 [INFO]: ⚠ Clearing old Subjects... 
2026-03-09 21:50:48 [INFO]: ⚠ Clearing old Exams... 
2026-03-09 21:50:48 [INFO]: ⚠ Clearing old Payments... 
2026-03-09 21:50:48 [INFO]: ⚡ Seeding database... 
2026-03-09 21:50:48 [INFO]: 🔥 Exam seeded: 4 successfully! 
2026-03-09 21:50:48 [INFO]: 🔥 Subject seeded: 4 successfully! 
2026-03-09 21:50:48 [INFO]: 🔥 Unit seeded: 11 successfully! 
2026-03-09 21:50:49 [INFO]: 🔥 Topics seeded: 49 successfully! 
2026-03-09 21:50:49 [INFO]: 🔥 Questions seeded: 460 successfully! 
2026-03-09 21:50:49 [INFO]: ✅ All data seeded successfully! 
2026-03-09 21:52:31 [INFO]: GET /.well-known/appspecific/com.chrome.devtools.json ::1 
2026-03-09 21:57:21 [INFO]: 🚀 Server running on port 3000 
2026-03-09 21:57:22 [INFO]: ✅ Connected to MongoDB 
2026-03-09 21:57:22 [INFO]: 🔥  Forced seeding enabled. 
2026-03-09 21:57:22 [INFO]: ⚠ Clearing old Questions... 
2026-03-09 21:57:22 [INFO]: ⚠ Clearing old Topics... 
2026-03-09 21:57:22 [INFO]: ⚠ Clearing old Units... 
2026-03-09 21:57:22 [INFO]: ⚠ Clearing old Subjects... 
2026-03-09 21:57:22 [INFO]: ⚠ Clearing old Exams... 
2026-03-09 21:57:22 [INFO]: ⚠ Clearing old Payments... 
2026-03-09 21:57:22 [INFO]: ⚡ Seeding database... 
2026-03-09 21:57:22 [INFO]: 🔥 Exam seeded: 4 successfully! 
2026-03-09 21:57:22 [INFO]: 🔥 Subject seeded: 4 successfully! 
2026-03-09 21:57:22 [INFO]: 🔥 Unit seeded: 11 successfully! 
2026-03-09 21:57:22 [INFO]: 🔥 Topics seeded: 49 successfully! 
2026-03-09 21:57:22 [INFO]: 🔥 Questions seeded: 460 successfully! 
2026-03-09 21:57:22 [INFO]: ✅ All data seeded successfully! 
2026-03-09 21:57:26 [INFO]: GET / ::1 
2026-03-09 21:57:26 [INFO]: GET /css/desktopStyle.css ::1 
2026-03-09 21:57:26 [INFO]: GET /images/biobrain-logo1.png ::1 
2026-03-09 21:57:26 [INFO]: GET /js/navibar.js ::1 
2026-03-09 21:57:26 [INFO]: GET /images/dna-pattern.png ::1 
2026-03-09 21:57:26 [INFO]: GET /images/molucule-structure.png ::1 
2026-03-09 21:57:27 [INFO]: GET /admin ::1 
2026-03-09 21:57:27 [INFO]: GET /css/adminStyle.css ::1 
2026-03-09 21:57:27 [INFO]: GET /js/admin.js ::1 
2026-03-09 21:57:28 [INFO]: GET /admin/questions ::1 
2026-03-09 21:57:29 [INFO]: GET /css/adminStyle.css ::1 
2026-03-09 21:57:38 [INFO]: POST /admin/questions/delete/69aef4ea565d96ca70fc0010 ::1 
2026-03-09 21:57:44 [INFO]: GET /.well-known/appspecific/com.chrome.devtools.json ::1 
2026-03-09 21:57:44 [INFO]: GET /css/adminStyle.css ::1 
2026-03-09 22:00:30 [INFO]: 🚀 Server running on port 3000 
2026-03-09 22:00:31 [INFO]: ✅ Connected to MongoDB 
2026-03-09 22:00:31 [INFO]: 🔥  Forced seeding enabled. 
2026-03-09 22:00:31 [INFO]: ⚠ Clearing old Questions... 
2026-03-09 22:00:31 [INFO]: ⚠ Clearing old Topics... 
2026-03-09 22:00:31 [INFO]: ⚠ Clearing old Units... 
2026-03-09 22:00:31 [INFO]: ⚠ Clearing old Subjects... 
2026-03-09 22:00:31 [INFO]: ⚠ Clearing old Exams... 
2026-03-09 22:00:31 [INFO]: ⚠ Clearing old Payments... 
2026-03-09 22:00:31 [INFO]: ⚡ Seeding database... 
2026-03-09 22:00:31 [INFO]: 🔥 Exam seeded: 4 successfully! 
2026-03-09 22:00:31 [INFO]: 🔥 Subject seeded: 4 successfully! 
2026-03-09 22:00:31 [INFO]: 🔥 Unit seeded: 11 successfully! 
2026-03-09 22:00:31 [INFO]: 🔥 Topics seeded: 49 successfully! 
2026-03-09 22:00:31 [INFO]: 🔥 Questions seeded: 460 successfully! 
2026-03-09 22:00:31 [INFO]: ✅ All data seeded successfully! 
2026-03-09 22:00:33 [INFO]: GET / ::1 
2026-03-09 22:00:33 [INFO]: GET /css/desktopStyle.css ::1 
2026-03-09 22:00:33 [INFO]: GET /images/biobrain-logo1.png ::1 
2026-03-09 22:00:33 [INFO]: GET /js/navibar.js ::1 
2026-03-09 22:00:33 [INFO]: GET /images/dna-pattern.png ::1 
2026-03-09 22:00:33 [INFO]: GET /images/molucule-structure.png ::1 
2026-03-09 22:00:35 [INFO]: GET /admin ::1 
2026-03-09 22:00:35 [INFO]: GET /css/adminStyle.css ::1 
2026-03-09 22:00:35 [INFO]: GET /js/admin.js ::1 
2026-03-09 22:00:36 [INFO]: GET /admin/questions ::1 
2026-03-09 22:00:36 [INFO]: GET /css/adminStyle.css ::1 
2026-03-09 22:00:41 [INFO]: POST /questions/delete ::1 
2026-03-09 22:00:49 [INFO]: GET /css/adminStyle.css ::1 
2026-03-09 22:00:49 [INFO]: GET /.well-known/appspecific/com.chrome.devtools.json ::1 
2026-03-09 22:00:59 [INFO]: POST /questions/delete ::1 
2026-03-09 22:01:26 [INFO]: 🚀 Server running on port 3000 
2026-03-09 22:01:26 [INFO]: ✅ Connected to MongoDB 
2026-03-09 22:01:26 [INFO]: 🔥  Forced seeding enabled. 
2026-03-09 22:01:26 [INFO]: ⚠ Clearing old Questions... 
2026-03-09 22:01:26 [INFO]: ⚠ Clearing old Topics... 
2026-03-09 22:01:26 [INFO]: ⚠ Clearing old Units... 
2026-03-09 22:01:26 [INFO]: ⚠ Clearing old Subjects... 
2026-03-09 22:01:26 [INFO]: ⚠ Clearing old Exams... 
2026-03-09 22:01:26 [INFO]: ⚠ Clearing old Payments... 
2026-03-09 22:01:26 [INFO]: ⚡ Seeding database... 
2026-03-09 22:01:26 [INFO]: 🔥 Exam seeded: 4 successfully! 
2026-03-09 22:01:26 [INFO]: 🔥 Subject seeded: 4 successfully! 
2026-03-09 22:01:26 [INFO]: 🔥 Unit seeded: 11 successfully! 
2026-03-09 22:01:26 [INFO]: 🔥 Topics seeded: 49 successfully! 
2026-03-09 22:01:27 [INFO]: 🔥 Questions seeded: 460 successfully! 
2026-03-09 22:01:27 [INFO]: ✅ All data seeded successfully! 
2026-03-09 22:01:28 [INFO]: GET / ::1 
2026-03-09 22:01:29 [INFO]: GET /css/desktopStyle.css ::1 
2026-03-09 22:01:29 [INFO]: GET /images/biobrain-logo1.png ::1 
2026-03-09 22:01:29 [INFO]: GET /js/navibar.js ::1 
2026-03-09 22:01:29 [INFO]: GET /images/dna-pattern.png ::1 
2026-03-09 22:01:29 [INFO]: GET /images/molucule-structure.png ::1 
2026-03-09 22:01:32 [INFO]: GET / ::1 
2026-03-09 22:01:32 [INFO]: GET /css/desktopStyle.css ::1 
2026-03-09 22:01:32 [INFO]: GET /images/biobrain-logo1.png ::1 
2026-03-09 22:01:32 [INFO]: GET /js/navibar.js ::1 
2026-03-09 22:01:33 [INFO]: GET /admin ::1 
2026-03-09 22:01:33 [INFO]: GET /css/adminStyle.css ::1 
2026-03-09 22:01:33 [INFO]: GET /js/admin.js ::1 
2026-03-09 22:01:36 [INFO]: GET /css/adminStyle.css ::1 
2026-03-09 22:01:36 [INFO]: GET /.well-known/appspecific/com.chrome.devtools.json ::1 
2026-03-09 22:01:38 [INFO]: GET /admin/questions ::1 
2026-03-09 22:01:38 [INFO]: GET /.well-known/appspecific/com.chrome.devtools.json ::1 
2026-03-09 22:01:38 [INFO]: GET /css/adminStyle.css ::1 
2026-03-09 22:01:45 [INFO]: POST /admin/questions/delete ::1 
2026-03-09 22:01:47 [INFO]: GET /questions ::1 
2026-03-09 22:07:03 [INFO]: 🚀 Server running on port 3000 
2026-03-09 22:07:03 [INFO]: ✅ Connected to MongoDB 
2026-03-09 22:07:03 [INFO]: 🔥  Forced seeding enabled. 
2026-03-09 22:07:03 [INFO]: ⚠ Clearing old Questions... 
2026-03-09 22:07:03 [INFO]: ⚠ Clearing old Topics... 
2026-03-09 22:07:03 [INFO]: ⚠ Clearing old Units... 
2026-03-09 22:07:03 [INFO]: ⚠ Clearing old Subjects... 
2026-03-09 22:07:03 [INFO]: ⚠ Clearing old Exams... 
2026-03-09 22:07:03 [INFO]: ⚠ Clearing old Payments... 
2026-03-09 22:07:03 [INFO]: ⚡ Seeding database... 
2026-03-09 22:07:03 [INFO]: 🔥 Exam seeded: 4 successfully! 
2026-03-09 22:07:03 [INFO]: 🔥 Subject seeded: 4 successfully! 
2026-03-09 22:07:03 [INFO]: 🔥 Unit seeded: 11 successfully! 
2026-03-09 22:07:03 [INFO]: 🔥 Topics seeded: 49 successfully! 
2026-03-09 22:07:03 [INFO]: 🔥 Questions seeded: 460 successfully! 
2026-03-09 22:07:03 [INFO]: ✅ All data seeded successfully! 
2026-03-09 22:07:07 [INFO]: GET / ::1 
2026-03-09 22:07:07 [INFO]: GET /css/desktopStyle.css ::1 
2026-03-09 22:07:07 [INFO]: GET /images/biobrain-logo1.png ::1 
2026-03-09 22:07:07 [INFO]: GET /js/navibar.js ::1 
2026-03-09 22:07:07 [INFO]: GET /images/dna-pattern.png ::1 
2026-03-09 22:07:07 [INFO]: GET /images/molucule-structure.png ::1 
2026-03-09 22:07:08 [INFO]: GET /admin ::1 
2026-03-09 22:07:09 [INFO]: GET /css/adminStyle.css ::1 
2026-03-09 22:07:09 [INFO]: GET /js/admin.js ::1 
2026-03-09 22:07:12 [INFO]: GET /admin/questions ::1 
2026-03-09 22:07:12 [INFO]: GET /css/adminStyle.css ::1 
2026-03-09 22:07:18 [INFO]: POST /admin/questions/delete ::1 
2026-03-09 22:07:54 [INFO]: GET /admin/questions ::1 
2026-03-09 22:07:54 [INFO]: GET /css/adminStyle.css ::1 
2026-03-09 22:08:03 [INFO]: POST /admin/questions/delete ::1 
2026-03-09 22:09:13 [INFO]: GET /admin/topics ::1 
2026-03-09 22:09:13 [INFO]: GET /css/adminStyle.css ::1 
2026-03-09 22:09:15 [INFO]: GET /admin/questions ::1 
2026-03-09 22:09:15 [INFO]: GET /css/adminStyle.css ::1 
2026-03-09 22:10:17 [INFO]: GET /css/adminStyle.css ::1 
2026-03-09 22:10:17 [INFO]: GET /.well-known/appspecific/com.chrome.devtools.json ::1 
2026-03-09 22:37:18 [INFO]: 🚀 Server running on port 3000 
2026-03-09 22:37:18 [INFO]: ✅ Connected to MongoDB 
2026-03-09 22:37:18 [INFO]: 🔥  Forced seeding enabled. 
2026-03-09 22:37:18 [INFO]: ⚠ Clearing old Questions... 
2026-03-09 22:37:19 [INFO]: ⚠ Clearing old Topics... 
2026-03-09 22:37:19 [INFO]: ⚠ Clearing old Units... 
2026-03-09 22:37:19 [INFO]: ⚠ Clearing old Subjects... 
2026-03-09 22:37:19 [INFO]: ⚠ Clearing old Exams... 
2026-03-09 22:37:19 [INFO]: ⚠ Clearing old Payments... 
2026-03-09 22:37:19 [INFO]: ⚡ Seeding database... 
2026-03-09 22:37:19 [INFO]: 🔥 Exam seeded: 4 successfully! 
2026-03-09 22:37:19 [INFO]: 🔥 Subject seeded: 4 successfully! 
2026-03-09 22:37:19 [INFO]: 🔥 Unit seeded: 11 successfully! 
2026-03-09 22:37:19 [INFO]: 🔥 Topics seeded: 49 successfully! 
2026-03-09 22:37:19 [INFO]: 🔥 Questions seeded: 460 successfully! 
2026-03-09 22:37:19 [INFO]: ✅ All data seeded successfully! 
2026-03-09 22:39:40 [INFO]: GET / ::1 
2026-03-09 22:39:40 [INFO]: GET /css/desktopStyle.css ::1 
2026-03-09 22:39:40 [INFO]: GET /images/biobrain-logo1.png ::1 
2026-03-09 22:39:40 [INFO]: GET /js/navibar.js ::1 
2026-03-09 22:39:40 [INFO]: GET /images/dna-pattern.png ::1 
2026-03-09 22:39:40 [INFO]: GET /images/molucule-structure.png ::1 
2026-03-09 22:39:42 [INFO]: GET /admin ::1 
2026-03-09 22:39:42 [INFO]: GET /login ::1 
2026-03-09 22:39:42 [INFO]: GET /css/desktopStyle.css ::1 
2026-03-09 22:39:42 [INFO]: GET /images/biobrain-logo1.png ::1 
2026-03-09 22:39:42 [INFO]: GET /js/navibar.js ::1 
2026-03-09 22:39:54 [INFO]: POST /login ::1 
2026-03-09 22:39:55 [INFO]: GET /admin ::1 
2026-03-09 22:39:55 [INFO]: GET /css/adminStyle.css ::1 
2026-03-09 22:39:55 [INFO]: GET /js/admin.js ::1 
2026-03-09 22:39:57 [INFO]: GET /admin/questions ::1 
2026-03-09 22:39:57 [INFO]: GET /css/adminStyle.css ::1 
2026-03-09 22:56:03 [INFO]: 🚀 Server running on port 3000 
2026-03-09 22:56:04 [INFO]: ✅ Connected to MongoDB 
2026-03-09 22:56:04 [INFO]: 🔥  Forced seeding enabled. 
2026-03-09 22:56:04 [INFO]: ⚠ Clearing old Questions... 
2026-03-09 22:56:04 [INFO]: ⚠ Clearing old Topics... 
2026-03-09 22:56:04 [INFO]: ⚠ Clearing old Units... 
2026-03-09 22:56:04 [INFO]: ⚠ Clearing old Subjects... 
2026-03-09 22:56:04 [INFO]: ⚠ Clearing old Exams... 
2026-03-09 22:56:04 [INFO]: ⚠ Clearing old Payments... 
2026-03-09 22:56:04 [INFO]: ⚡ Seeding database... 
2026-03-09 22:56:04 [INFO]: 🔥 Exam seeded: 4 successfully! 
2026-03-09 22:56:04 [INFO]: 🔥 Subject seeded: 4 successfully! 
2026-03-09 22:56:04 [INFO]: 🔥 Unit seeded: 11 successfully! 
2026-03-09 22:56:04 [INFO]: 🔥 Topics seeded: 49 successfully! 
2026-03-09 22:56:04 [INFO]: 🔥 Questions seeded: 460 successfully! 
2026-03-09 22:56:04 [INFO]: ✅ All data seeded successfully! 
2026-03-09 22:56:06 [INFO]: GET / ::1 
2026-03-09 22:56:06 [INFO]: GET /css/desktopStyle.css ::1 
2026-03-09 22:56:06 [INFO]: GET /images/biobrain-logo1.png ::1 
2026-03-09 22:56:06 [INFO]: GET /js/navibar.js ::1 
2026-03-09 22:56:06 [INFO]: GET /images/dna-pattern.png ::1 
2026-03-09 22:56:06 [INFO]: GET /images/molucule-structure.png ::1 
2026-03-09 22:56:08 [INFO]: GET /admin ::1 
2026-03-09 22:56:08 [INFO]: GET /css/adminStyle.css ::1 
2026-03-09 22:56:08 [INFO]: GET /js/admin.js ::1 
2026-03-09 22:56:09 [INFO]: GET /admin/questions ::1 
2026-03-09 22:56:09 [INFO]: GET /css/adminStyle.css ::1 
2026-03-09 22:56:41 [INFO]: POST /admin/questions/delete ::1 
2026-03-09 22:56:49 [INFO]: GET /css/adminStyle.css ::1 
2026-03-09 22:56:49 [INFO]: GET /.well-known/appspecific/com.chrome.devtools.json ::1 
2026-03-09 22:57:01 [INFO]: POST /admin/questions/delete ::1 
2026-03-09 22:57:37 [INFO]: POST /admin/questions/delete ::1 
2026-03-09 22:57:44 [INFO]: GET /.well-known/appspecific/com.chrome.devtools.json ::1 
2026-03-09 22:57:51 [INFO]: POST /admin/questions/delete ::1 
2026-03-09 22:58:14 [INFO]: GET /admin/questions ::1 
2026-03-09 22:58:14 [INFO]: GET /css/adminStyle.css ::1 
2026-03-09 22:58:55 [INFO]: 🚀 Server running on port 3000 
2026-03-09 22:58:55 [INFO]: ✅ Connected to MongoDB 
2026-03-09 22:58:55 [INFO]: 🔥  Forced seeding enabled. 
2026-03-09 22:58:55 [INFO]: ⚠ Clearing old Questions... 
2026-03-09 22:58:55 [INFO]: ⚠ Clearing old Topics... 
2026-03-09 22:58:55 [INFO]: ⚠ Clearing old Units... 
2026-03-09 22:58:55 [INFO]: ⚠ Clearing old Subjects... 
2026-03-09 22:58:55 [INFO]: ⚠ Clearing old Exams... 
2026-03-09 22:58:55 [INFO]: ⚠ Clearing old Payments... 
2026-03-09 22:58:55 [INFO]: ⚡ Seeding database... 
2026-03-09 22:58:55 [INFO]: 🔥 Exam seeded: 4 successfully! 
2026-03-09 22:58:55 [INFO]: 🔥 Subject seeded: 4 successfully! 
2026-03-09 22:58:55 [INFO]: 🔥 Unit seeded: 11 successfully! 
2026-03-09 22:58:55 [INFO]: 🔥 Topics seeded: 49 successfully! 
2026-03-09 22:58:55 [INFO]: 🔥 Questions seeded: 460 successfully! 
2026-03-09 22:58:55 [INFO]: ✅ All data seeded successfully! 
2026-03-09 22:59:00 [INFO]: GET / ::1 
2026-03-09 22:59:00 [INFO]: GET /css/desktopStyle.css ::1 
2026-03-09 22:59:00 [INFO]: GET /images/biobrain-logo1.png ::1 
2026-03-09 22:59:00 [INFO]: GET /js/navibar.js ::1 
2026-03-09 22:59:02 [INFO]: GET /admin ::1 
2026-03-09 22:59:02 [INFO]: GET /css/adminStyle.css ::1 
2026-03-09 22:59:02 [INFO]: GET /js/admin.js ::1 
2026-03-09 22:59:03 [INFO]: GET /admin/questions ::1 
2026-03-09 22:59:04 [INFO]: GET /css/adminStyle.css ::1 
2026-03-09 22:59:14 [INFO]: POST /admin/questions/delete ::1 
2026-03-09 22:59:20 [INFO]: GET /admin/questions ::1 
2026-03-09 22:59:20 [INFO]: GET /css/adminStyle.css ::1 
2026-03-09 23:00:01 [INFO]: GET /.well-known/appspecific/com.chrome.devtools.json ::1 
2026-03-09 23:00:01 [INFO]: GET /css/adminStyle.css ::1 
2026-03-09 23:04:34 [INFO]: 🚀 Server running on port 3000 
2026-03-09 23:04:34 [INFO]: ✅ Connected to MongoDB 
2026-03-09 23:04:34 [INFO]: 🔥  Forced seeding enabled. 
2026-03-09 23:04:34 [INFO]: ⚠ Clearing old Questions... 
2026-03-09 23:04:34 [INFO]: ⚠ Clearing old Topics... 
2026-03-09 23:04:34 [INFO]: ⚠ Clearing old Units... 
2026-03-09 23:04:34 [INFO]: ⚠ Clearing old Subjects... 
2026-03-09 23:04:34 [INFO]: ⚠ Clearing old Exams... 
2026-03-09 23:04:34 [INFO]: ⚠ Clearing old Payments... 
2026-03-09 23:04:34 [INFO]: ⚡ Seeding database... 
2026-03-09 23:04:34 [INFO]: 🔥 Exam seeded: 4 successfully! 
2026-03-09 23:04:34 [INFO]: 🔥 Subject seeded: 4 successfully! 
2026-03-09 23:04:34 [INFO]: 🔥 Unit seeded: 11 successfully! 
2026-03-09 23:04:34 [INFO]: 🔥 Topics seeded: 49 successfully! 
2026-03-09 23:04:34 [INFO]: 🔥 Questions seeded: 460 successfully! 
2026-03-09 23:04:34 [INFO]: ✅ All data seeded successfully! 
2026-03-09 23:04:36 [INFO]: GET / ::1 
2026-03-09 23:04:36 [INFO]: GET /css/desktopStyle.css ::1 
2026-03-09 23:04:36 [INFO]: GET /images/biobrain-logo1.png ::1 
2026-03-09 23:04:36 [INFO]: GET /js/navibar.js ::1 
2026-03-09 23:04:37 [INFO]: GET /images/dna-pattern.png ::1 
2026-03-09 23:04:37 [INFO]: GET /images/molucule-structure.png ::1 
2026-03-09 23:04:38 [INFO]: GET /admin ::1 
2026-03-09 23:04:39 [INFO]: GET /css/adminStyle.css ::1 
2026-03-09 23:04:39 [INFO]: GET /js/admin.js ::1 
2026-03-09 23:04:40 [INFO]: GET /admin/questions ::1 
2026-03-09 23:04:40 [INFO]: GET /css/adminStyle.css ::1 
2026-03-09 23:05:35 [INFO]: POST /admin/questions/create ::1 
2026-03-09 23:05:40 [INFO]: GET /css/adminStyle.css ::1 
2026-03-09 23:05:40 [INFO]: GET /.well-known/appspecific/com.chrome.devtools.json ::1 
2026-03-09 23:05:44 [INFO]: POST /admin/questions/create ::1 
2026-03-09 23:05:44 [INFO]: POST /admin/questions/create ::1 
2026-03-09 23:05:44 [INFO]: POST /admin/questions/create ::1 
2026-03-09 23:06:05 [INFO]: POST /admin/questions/create ::1 
2026-03-09 23:15:19 [INFO]: 🚀 Server running on port 3000 
2026-03-09 23:15:19 [INFO]: ✅ Connected to MongoDB 
2026-03-09 23:15:19 [INFO]: 🔥  Forced seeding enabled. 
2026-03-09 23:15:19 [INFO]: ⚠ Clearing old Questions... 
2026-03-09 23:15:20 [INFO]: ⚠ Clearing old Topics... 
2026-03-09 23:15:20 [INFO]: ⚠ Clearing old Units... 
2026-03-09 23:15:20 [INFO]: ⚠ Clearing old Subjects... 
2026-03-09 23:15:20 [INFO]: ⚠ Clearing old Exams... 
2026-03-09 23:15:20 [INFO]: ⚠ Clearing old Payments... 
2026-03-09 23:15:20 [INFO]: ⚡ Seeding database... 
2026-03-09 23:15:20 [INFO]: 🔥 Exam seeded: 4 successfully! 
2026-03-09 23:15:20 [INFO]: 🔥 Subject seeded: 4 successfully! 
2026-03-09 23:15:20 [INFO]: 🔥 Unit seeded: 11 successfully! 
2026-03-09 23:15:20 [INFO]: 🔥 Topics seeded: 49 successfully! 
2026-03-09 23:15:21 [INFO]: GET / ::1 
2026-03-09 23:15:21 [INFO]: 🔥 Questions seeded: 460 successfully! 
2026-03-09 23:15:21 [INFO]: ✅ All data seeded successfully! 
2026-03-09 23:15:22 [INFO]: GET /css/desktopStyle.css ::1 
2026-03-09 23:15:22 [INFO]: GET /images/biobrain-logo1.png ::1 
2026-03-09 23:15:22 [INFO]: GET /js/navibar.js ::1 
2026-03-09 23:15:24 [INFO]: GET /admin ::1 
2026-03-09 23:15:24 [INFO]: GET /css/adminStyle.css ::1 
2026-03-09 23:15:24 [INFO]: GET /js/admin.js ::1 
2026-03-09 23:15:25 [INFO]: GET /admin/questions ::1 
2026-03-09 23:15:25 [INFO]: GET /css/adminStyle.css ::1 
2026-03-09 23:15:34 [INFO]: POST /admin/questions/delete ::1 
2026-03-09 23:31:17 [INFO]: 🚀 Server running on port 3000 
2026-03-09 23:31:17 [INFO]: ✅ Connected to MongoDB 
2026-03-09 23:31:17 [INFO]: 🔥  Forced seeding enabled. 
2026-03-09 23:31:17 [INFO]: ⚠ Clearing old Questions... 
2026-03-09 23:31:17 [INFO]: ⚠ Clearing old Topics... 
2026-03-09 23:31:17 [INFO]: ⚠ Clearing old Units... 
2026-03-09 23:31:17 [INFO]: ⚠ Clearing old Subjects... 
2026-03-09 23:31:17 [INFO]: ⚠ Clearing old Exams... 
2026-03-09 23:31:17 [INFO]: ⚠ Clearing old Payments... 
2026-03-09 23:31:17 [INFO]: ⚡ Seeding database... 
2026-03-09 23:31:17 [INFO]: 🔥 Exam seeded: 4 successfully! 
2026-03-09 23:31:17 [INFO]: 🔥 Subject seeded: 4 successfully! 
2026-03-09 23:31:17 [INFO]: 🔥 Unit seeded: 11 successfully! 
2026-03-09 23:31:17 [INFO]: 🔥 Topics seeded: 49 successfully! 
2026-03-09 23:31:17 [INFO]: 🔥 Questions seeded: 460 successfully! 
2026-03-09 23:31:17 [INFO]: ✅ All data seeded successfully! 
2026-03-09 23:31:24 [INFO]: GET / ::1 
2026-03-09 23:31:24 [INFO]: GET /css/desktopStyle.css ::1 
2026-03-09 23:31:24 [INFO]: GET /images/biobrain-logo1.png ::1 
2026-03-09 23:31:24 [INFO]: GET /js/navibar.js ::1 
2026-03-09 23:31:24 [INFO]: GET /images/dna-pattern.png ::1 
2026-03-09 23:31:24 [INFO]: GET /images/molucule-structure.png ::1 
2026-03-09 23:31:26 [INFO]: GET /admin ::1 
2026-03-09 23:31:26 [INFO]: GET /css/adminStyle.css ::1 
2026-03-09 23:31:26 [INFO]: GET /js/admin.js ::1 
2026-03-09 23:31:27 [INFO]: GET /admin/questions ::1 
2026-03-09 23:31:28 [INFO]: GET /css/adminStyle.css ::1 
2026-03-09 23:32:17 [INFO]: GET /css/adminStyle.css ::1 
2026-03-09 23:32:17 [INFO]: GET /.well-known/appspecific/com.chrome.devtools.json ::1 
2026-03-09 23:33:09 [INFO]: 🚀 Server running on port 3000 
2026-03-09 23:33:09 [INFO]: ✅ Connected to MongoDB 
2026-03-09 23:33:09 [INFO]: 🔥  Forced seeding enabled. 
2026-03-09 23:33:09 [INFO]: ⚠ Clearing old Questions... 
2026-03-09 23:33:09 [INFO]: ⚠ Clearing old Topics... 
2026-03-09 23:33:09 [INFO]: ⚠ Clearing old Units... 
2026-03-09 23:33:09 [INFO]: ⚠ Clearing old Subjects... 
2026-03-09 23:33:09 [INFO]: ⚠ Clearing old Exams... 
2026-03-09 23:33:09 [INFO]: ⚠ Clearing old Payments... 
2026-03-09 23:33:09 [INFO]: ⚡ Seeding database... 
2026-03-09 23:33:09 [INFO]: 🔥 Exam seeded: 4 successfully! 
2026-03-09 23:33:09 [INFO]: 🔥 Subject seeded: 4 successfully! 
2026-03-09 23:33:09 [INFO]: 🔥 Unit seeded: 11 successfully! 
2026-03-09 23:33:09 [INFO]: 🔥 Topics seeded: 49 successfully! 
2026-03-09 23:33:09 [INFO]: 🔥 Questions seeded: 460 successfully! 
2026-03-09 23:33:09 [INFO]: ✅ All data seeded successfully! 
2026-03-09 23:33:15 [INFO]: GET / ::1 
2026-03-09 23:33:16 [INFO]: GET /css/desktopStyle.css ::1 
2026-03-09 23:33:16 [INFO]: GET /images/biobrain-logo1.png ::1 
2026-03-09 23:33:16 [INFO]: GET /js/navibar.js ::1 
2026-03-09 23:33:17 [INFO]: GET /admin ::1 
2026-03-09 23:33:17 [INFO]: GET /css/adminStyle.css ::1 
2026-03-09 23:33:17 [INFO]: GET /js/admin.js ::1 
2026-03-09 23:33:18 [INFO]: GET /admin/questions ::1 
2026-03-09 23:33:18 [INFO]: GET /css/adminStyle.css ::1 
2026-03-09 23:36:05 [INFO]: GET /.well-known/appspecific/com.chrome.devtools.json ::1 
2026-03-09 23:36:05 [INFO]: GET /css/adminStyle.css ::1 
2026-03-09 23:39:49 [INFO]: GET /.well-known/appspecific/com.chrome.devtools.json ::1 
2026-03-09 23:40:10 [INFO]: GET /.well-known/appspecific/com.chrome.devtools.json ::1 
2026-03-09 23:43:21 [INFO]: GET /admin/questions ::1 
2026-03-09 23:43:21 [INFO]: GET /login ::1 
2026-03-09 23:43:22 [INFO]: GET /.well-known/appspecific/com.chrome.devtools.json ::1 
2026-03-09 23:43:22 [INFO]: GET /css/desktopStyle.css ::1 
2026-03-09 23:43:22 [INFO]: GET /images/biobrain-logo1.png ::1 
2026-03-09 23:43:22 [INFO]: GET /js/navibar.js ::1 
2026-03-09 23:43:31 [INFO]: GET /login ::1 
2026-03-09 23:43:31 [INFO]: GET /.well-known/appspecific/com.chrome.devtools.json ::1 
2026-03-09 23:43:31 [INFO]: GET /css/desktopStyle.css ::1 
2026-03-09 23:43:31 [INFO]: GET /images/biobrain-logo1.png ::1 
2026-03-09 23:43:31 [INFO]: GET /js/navibar.js ::1 
2026-03-09 23:43:47 [INFO]: POST /login ::1 
2026-03-09 23:43:47 [INFO]: GET /admin/questions ::1 
2026-03-09 23:43:47 [INFO]: GET /.well-known/appspecific/com.chrome.devtools.json ::1 
2026-03-09 23:43:47 [INFO]: GET /css/adminStyle.css ::1 
2026-03-09 23:43:52 [INFO]: GET /admin/questions ::1 
2026-03-09 23:43:53 [INFO]: GET /.well-known/appspecific/com.chrome.devtools.json ::1 
2026-03-09 23:43:53 [INFO]: GET /css/adminStyle.css ::1 
