2026-03-06 07:57:39 [INFO]: 🚀 Server running on port 3000
2026-03-06 07:57:47 [INFO]: 🚀 Server running on port 3000
2026-03-06 07:57:58 [INFO]: 🚀 Server running on port 3000
2026-03-06 07:58:04 [INFO]: GET / ::1
2026-03-06 07:58:04 [INFO]: GET /css/desktopStyle.css ::1
2026-03-06 07:58:04 [INFO]: GET /images/biobrain-logo1.png ::1
2026-03-06 07:58:04 [INFO]: GET /js/navibar.js ::1
2026-03-06 07:58:04 [INFO]: GET /css/desktopStyle.css ::1
2026-03-06 07:58:04 [INFO]: GET /images/dna-pattern.png ::1
2026-03-06 07:58:04 [INFO]: GET /images/molucule-structure.png ::1
2026-03-06 07:58:05 [INFO]: GET /favicon.ico ::1
2026-03-06 07:58:06 [INFO]: GET /admin ::1
2026-03-06 07:58:06 [INFO]: GET /login ::1
2026-03-06 07:58:06 [INFO]: GET /css/desktopStyle.css ::1
2026-03-06 07:58:06 [INFO]: GET /images/biobrain-logo1.png ::1
2026-03-06 07:58:06 [INFO]: GET /js/navibar.js ::1
2026-03-06 07:58:15 [INFO]: POST /login ::1
2026-03-06 07:58:15 [INFO]: GET /admin ::1
2026-03-06 07:58:15 [INFO]: GET /css/adminStyle.css ::1
2026-03-06 07:58:15 [INFO]: GET /js/admin.js ::1
2026-03-06 07:58:17 [INFO]: GET /admin/subjects ::1
2026-03-06 07:58:17 [INFO]: GET /css/adminStyle.css ::1
2026-03-06 07:58:18 [INFO]: GET /admin/units ::1
2026-03-06 07:58:20 [INFO]: GET / ::1
2026-03-06 07:58:20 [INFO]: GET /css/desktopStyle.css ::1
2026-03-06 07:58:20 [INFO]: GET /images/biobrain-logo1.png ::1
2026-03-06 07:58:20 [INFO]: GET /js/navibar.js ::1
2026-03-06 07:58:20 [INFO]: GET /css/desktopStyle.css ::1
2026-03-06 07:58:20 [INFO]: GET /images/dna-pattern.png ::1
2026-03-06 07:58:20 [INFO]: GET /images/molucule-structure.png ::1
2026-03-06 07:58:21 [INFO]: GET /admin ::1
2026-03-06 07:58:22 [INFO]: GET /css/adminStyle.css ::1
2026-03-06 07:58:22 [INFO]: GET /js/admin.js ::1
2026-03-06 07:58:23 [INFO]: GET /admin/exams ::1
2026-03-06 07:58:23 [INFO]: GET /css/adminStyle.css ::1
2026-03-06 07:58:23 [INFO]: GET /admin/subjects ::1
2026-03-06 07:58:23 [INFO]: GET /css/adminStyle.css ::1
2026-03-06 08:09:08 [INFO]: 🚀 Server running on port 3000
2026-03-06 08:09:12 [INFO]: GET / ::1
2026-03-06 08:09:12 [INFO]: GET /css/desktopStyle.css ::1
2026-03-06 08:09:12 [INFO]: GET /images/biobrain-logo1.png ::1
2026-03-06 08:09:12 [INFO]: GET /js/navibar.js ::1
2026-03-06 08:09:12 [INFO]: GET /css/desktopStyle.css ::1
2026-03-06 08:09:12 [INFO]: GET /images/dna-pattern.png ::1
2026-03-06 08:09:12 [INFO]: GET /images/molucule-structure.png ::1
2026-03-06 08:09:18 [INFO]: GET /admin ::1
2026-03-06 08:09:18 [INFO]: GET /css/adminStyle.css ::1
2026-03-06 08:09:18 [INFO]: GET /js/admin.js ::1
2026-03-06 08:09:23 [INFO]: GET /admin ::1
2026-03-06 08:09:23 [INFO]: GET /css/adminStyle.css ::1
2026-03-06 08:09:23 [INFO]: GET /js/admin.js ::1
2026-03-06 08:11:55 [INFO]: 🚀 Server running on port 3000
2026-03-06 08:11:56 [INFO]: ✅ Connected to MongoDB
