2026-03-06 17:16:41 [ERROR]: ReferenceError: D:\Projects\BioBrainMdb\views\pages\desktop\admin\units\unit.ejs:63
    61| <body>
    62| 
 >> 63| <%- include('../../../../partials/admin/header') %>
    64| 
    65| <div class="admin-container">
    66| 

D:\Projects\BioBrainMdb\views\partials\admin\header.ejs:8
    6|     <div class="header-right">
    7|         <span class="welcome-text">
 >> 8|             Welcome, <%= username ? username : "ADMIN" %>
    9|         </span>
    10| 
    11|         <a href="/logout" class="logout-btn">Logout</a>

username is not defined
    at eval ("D:\\Projects\\BioBrainMdb\\views\\partials\\admin\\header.ejs":12:26)
    at header (D:\Projects\BioBrainMdb\node_modules\ejs\lib\ejs.js:703:17)
    at include (D:\Projects\BioBrainMdb\node_modules\ejs\lib\ejs.js:701:39)
    at eval ("D:\\Projects\\BioBrainMdb\\views\\pages\\desktop\\admin\\units\\unit.ejs":12:17)
    at unit (D:\Projects\BioBrainMdb\node_modules\ejs\lib\ejs.js:703:17)
    at tryHandleCache (D:\Projects\BioBrainMdb\node_modules\ejs\lib\ejs.js:274:36)
    at exports.renderFile [as engine] (D:\Projects\BioBrainMdb\node_modules\ejs\lib\ejs.js:491:10)
    at View.render (D:\Projects\BioBrainMdb\node_modules\express\lib\view.js:139:8)
    at tryRender (D:\Projects\BioBrainMdb\node_modules\express\lib\application.js:627:10)
    at app.render (D:\Projects\BioBrainMdb\node_modules\express\lib\application.js:574:3) {"error":"D:\\Projects\\BioBrainMdb\\views\\pages\\desktop\\admin\\units\\unit.ejs:63\n    61| <body>\r\n    62| \r\n >> 63| <%- include('../../../../partials/admin/header') %>\r\n    64| \r\n    65| <div class=\"admin-container\">\r\n    66| \r\n\nD:\\Projects\\BioBrainMdb\\views\\partials\\admin\\header.ejs:8\n    6|     <div class=\"header-right\">\r\n    7|         <span class=\"welcome-text\">\r\n >> 8|             Welcome, <%= username ? username : \"ADMIN\" %>\r\n    9|         </span>\r\n    10| \r\n    11|         <a href=\"/logout\" class=\"logout-btn\">Logout</a>\r\n\nusername is not defined"}
2026-03-06 17:16:43 [ERROR]: ReferenceError: D:\Projects\BioBrainMdb\views\pages\desktop\admin\subjects\subject.ejs:138
    136| <body>
    137| 
 >> 138| <%- include('../../../../partials/admin/header') %>
    139| 
    140| <div class="admin-container">
    141| 

D:\Projects\BioBrainMdb\views\partials\admin\header.ejs:8
    6|     <div class="header-right">
    7|         <span class="welcome-text">
 >> 8|             Welcome, <%= username ? username : "ADMIN" %>
    9|         </span>
    10| 
    11|         <a href="/logout" class="logout-btn">Logout</a>

username is not defined
    at eval ("D:\\Projects\\BioBrainMdb\\views\\partials\\admin\\header.ejs":12:26)
    at header (D:\Projects\BioBrainMdb\node_modules\ejs\lib\ejs.js:703:17)
    at include (D:\Projects\BioBrainMdb\node_modules\ejs\lib\ejs.js:701:39)
    at eval ("D:\\Projects\\BioBrainMdb\\views\\pages\\desktop\\admin\\subjects\\subject.ejs":12:17)
    at subject (D:\Projects\BioBrainMdb\node_modules\ejs\lib\ejs.js:703:17)
    at tryHandleCache (D:\Projects\BioBrainMdb\node_modules\ejs\lib\ejs.js:274:36)
    at exports.renderFile [as engine] (D:\Projects\BioBrainMdb\node_modules\ejs\lib\ejs.js:491:10)
    at View.render (D:\Projects\BioBrainMdb\node_modules\express\lib\view.js:139:8)
    at tryRender (D:\Projects\BioBrainMdb\node_modules\express\lib\application.js:627:10)
    at app.render (D:\Projects\BioBrainMdb\node_modules\express\lib\application.js:574:3) {"error":"D:\\Projects\\BioBrainMdb\\views\\pages\\desktop\\admin\\subjects\\subject.ejs:138\n    136| <body>\r\n    137| \r\n >> 138| <%- include('../../../../partials/admin/header') %>\r\n    139| \r\n    140| <div class=\"admin-container\">\r\n    141| \r\n\nD:\\Projects\\BioBrainMdb\\views\\partials\\admin\\header.ejs:8\n    6|     <div class=\"header-right\">\r\n    7|         <span class=\"welcome-text\">\r\n >> 8|             Welcome, <%= username ? username : \"ADMIN\" %>\r\n    9|         </span>\r\n    10| \r\n    11|         <a href=\"/logout\" class=\"logout-btn\">Logout</a>\r\n\nusername is not defined"}
2026-03-06 17:16:44 [ERROR]: ReferenceError: D:\Projects\BioBrainMdb\views\pages\desktop\admin\subjects\subject.ejs:138
    136| <body>
    137| 
 >> 138| <%- include('../../../../partials/admin/header') %>
    139| 
    140| <div class="admin-container">
    141| 

D:\Projects\BioBrainMdb\views\partials\admin\header.ejs:8
    6|     <div class="header-right">
    7|         <span class="welcome-text">
 >> 8|             Welcome, <%= username ? username : "ADMIN" %>
    9|         </span>
    10| 
    11|         <a href="/logout" class="logout-btn">Logout</a>

username is not defined
    at eval ("D:\\Projects\\BioBrainMdb\\views\\partials\\admin\\header.ejs":12:26)
    at header (D:\Projects\BioBrainMdb\node_modules\ejs\lib\ejs.js:703:17)
    at include (D:\Projects\BioBrainMdb\node_modules\ejs\lib\ejs.js:701:39)
    at eval ("D:\\Projects\\BioBrainMdb\\views\\pages\\desktop\\admin\\subjects\\subject.ejs":12:17)
    at subject (D:\Projects\BioBrainMdb\node_modules\ejs\lib\ejs.js:703:17)
    at tryHandleCache (D:\Projects\BioBrainMdb\node_modules\ejs\lib\ejs.js:274:36)
    at exports.renderFile [as engine] (D:\Projects\BioBrainMdb\node_modules\ejs\lib\ejs.js:491:10)
    at View.render (D:\Projects\BioBrainMdb\node_modules\express\lib\view.js:139:8)
    at tryRender (D:\Projects\BioBrainMdb\node_modules\express\lib\application.js:627:10)
    at app.render (D:\Projects\BioBrainMdb\node_modules\express\lib\application.js:574:3) {"error":"D:\\Projects\\BioBrainMdb\\views\\pages\\desktop\\admin\\subjects\\subject.ejs:138\n    136| <body>\r\n    137| \r\n >> 138| <%- include('../../../../partials/admin/header') %>\r\n    139| \r\n    140| <div class=\"admin-container\">\r\n    141| \r\n\nD:\\Projects\\BioBrainMdb\\views\\partials\\admin\\header.ejs:8\n    6|     <div class=\"header-right\">\r\n    7|         <span class=\"welcome-text\">\r\n >> 8|             Welcome, <%= username ? username : \"ADMIN\" %>\r\n    9|         </span>\r\n    10| \r\n    11|         <a href=\"/logout\" class=\"logout-btn\">Logout</a>\r\n\nusername is not defined"}
2026-03-06 18:59:06 [ERROR]: ReferenceError: D:\Projects\BioBrainMdb\views\pages\desktop\admin\units\unit.ejs:74
    72| <body>
    73| 
 >> 74|     <%- include('../../../../partials/admin/header') %>
    75| 
    76|         <div class="admin-container">
    77| 

D:\Projects\BioBrainMdb\views\partials\admin\header.ejs:8
    6|     <div class="header-right">
    7|         <span class="welcome-text">
 >> 8|             Welcome, <%= username ? username : "ADMIN" %>
    9|         </span>
    10| 
    11|         <a href="/logout" class="logout-btn">Logout</a>

username is not defined
    at eval ("D:\\Projects\\BioBrainMdb\\views\\partials\\admin\\header.ejs":12:26)
    at header (D:\Projects\BioBrainMdb\node_modules\ejs\lib\ejs.js:703:17)
    at include (D:\Projects\BioBrainMdb\node_modules\ejs\lib\ejs.js:701:39)
    at eval ("D:\\Projects\\BioBrainMdb\\views\\pages\\desktop\\admin\\units\\unit.ejs":12:17)
    at unit (D:\Projects\BioBrainMdb\node_modules\ejs\lib\ejs.js:703:17)
    at tryHandleCache (D:\Projects\BioBrainMdb\node_modules\ejs\lib\ejs.js:274:36)
    at exports.renderFile [as engine] (D:\Projects\BioBrainMdb\node_modules\ejs\lib\ejs.js:491:10)
    at View.render (D:\Projects\BioBrainMdb\node_modules\express\lib\view.js:139:8)
    at tryRender (D:\Projects\BioBrainMdb\node_modules\express\lib\application.js:627:10)
    at app.render (D:\Projects\BioBrainMdb\node_modules\express\lib\application.js:574:3) {"error":"D:\\Projects\\BioBrainMdb\\views\\pages\\desktop\\admin\\units\\unit.ejs:74\n    72| <body>\r\n    73| \r\n >> 74|     <%- include('../../../../partials/admin/header') %>\r\n    75| \r\n    76|         <div class=\"admin-container\">\r\n    77| \r\n\nD:\\Projects\\BioBrainMdb\\views\\partials\\admin\\header.ejs:8\n    6|     <div class=\"header-right\">\r\n    7|         <span class=\"welcome-text\">\r\n >> 8|             Welcome, <%= username ? username : \"ADMIN\" %>\r\n    9|         </span>\r\n    10| \r\n    11|         <a href=\"/logout\" class=\"logout-btn\">Logout</a>\r\n\nusername is not defined"}
2026-03-06 19:09:09 [ERROR]: ReferenceError: D:\Projects\BioBrainMdb\views\pages\desktop\admin\units\unit.ejs:75
    73| <body>
    74| 
 >> 75| <%- include('../../../../partials/admin/header') %>
    76| 
    77| <div class="admin-container">
    78| 

D:\Projects\BioBrainMdb\views\partials\admin\header.ejs:8
    6|     <div class="header-right">
    7|         <span class="welcome-text">
 >> 8|             Welcome, <%= username ? username : "ADMIN" %>
    9|         </span>
    10| 
    11|         <a href="/logout" class="logout-btn">Logout</a>

username is not defined
    at eval ("D:\\Projects\\BioBrainMdb\\views\\partials\\admin\\header.ejs":12:26)
    at header (D:\Projects\BioBrainMdb\node_modules\ejs\lib\ejs.js:703:17)
    at include (D:\Projects\BioBrainMdb\node_modules\ejs\lib\ejs.js:701:39)
    at eval ("D:\\Projects\\BioBrainMdb\\views\\pages\\desktop\\admin\\units\\unit.ejs":12:17)
    at unit (D:\Projects\BioBrainMdb\node_modules\ejs\lib\ejs.js:703:17)
    at tryHandleCache (D:\Projects\BioBrainMdb\node_modules\ejs\lib\ejs.js:274:36)
    at exports.renderFile [as engine] (D:\Projects\BioBrainMdb\node_modules\ejs\lib\ejs.js:491:10)
    at View.render (D:\Projects\BioBrainMdb\node_modules\express\lib\view.js:139:8)
    at tryRender (D:\Projects\BioBrainMdb\node_modules\express\lib\application.js:627:10)
    at app.render (D:\Projects\BioBrainMdb\node_modules\express\lib\application.js:574:3) {"error":"D:\\Projects\\BioBrainMdb\\views\\pages\\desktop\\admin\\units\\unit.ejs:75\n    73| <body>\r\n    74| \r\n >> 75| <%- include('../../../../partials/admin/header') %>\r\n    76| \r\n    77| <div class=\"admin-container\">\r\n    78| \r\n\nD:\\Projects\\BioBrainMdb\\views\\partials\\admin\\header.ejs:8\n    6|     <div class=\"header-right\">\r\n    7|         <span class=\"welcome-text\">\r\n >> 8|             Welcome, <%= username ? username : \"ADMIN\" %>\r\n    9|         </span>\r\n    10| \r\n    11|         <a href=\"/logout\" class=\"logout-btn\">Logout</a>\r\n\nusername is not defined"}
2026-03-06 19:34:48 [ERROR]: ReferenceError: D:\Projects\BioBrainMdb\views\pages\desktop\admin\subjects\subject.ejs:138
    136| <body>
    137| 
 >> 138| <%- include('../../../../partials/admin/header') %>
    139| 
    140| <div class="admin-container">
    141| 

D:\Projects\BioBrainMdb\views\partials\admin\header.ejs:8
    6|     <div class="header-right">
    7|         <span class="welcome-text">
 >> 8|             Welcome, <%= username ? username : "ADMIN" %>
    9|         </span>
    10| 
    11|         <a href="/logout" class="logout-btn">Logout</a>

username is not defined
    at eval ("D:\\Projects\\BioBrainMdb\\views\\partials\\admin\\header.ejs":12:26)
    at header (D:\Projects\BioBrainMdb\node_modules\ejs\lib\ejs.js:703:17)
    at include (D:\Projects\BioBrainMdb\node_modules\ejs\lib\ejs.js:701:39)
    at eval ("D:\\Projects\\BioBrainMdb\\views\\pages\\desktop\\admin\\subjects\\subject.ejs":12:17)
    at subject (D:\Projects\BioBrainMdb\node_modules\ejs\lib\ejs.js:703:17)
    at tryHandleCache (D:\Projects\BioBrainMdb\node_modules\ejs\lib\ejs.js:274:36)
    at exports.renderFile [as engine] (D:\Projects\BioBrainMdb\node_modules\ejs\lib\ejs.js:491:10)
    at View.render (D:\Projects\BioBrainMdb\node_modules\express\lib\view.js:139:8)
    at tryRender (D:\Projects\BioBrainMdb\node_modules\express\lib\application.js:627:10)
    at app.render (D:\Projects\BioBrainMdb\node_modules\express\lib\application.js:574:3) {"error":"D:\\Projects\\BioBrainMdb\\views\\pages\\desktop\\admin\\subjects\\subject.ejs:138\n    136| <body>\r\n    137| \r\n >> 138| <%- include('../../../../partials/admin/header') %>\r\n    139| \r\n    140| <div class=\"admin-container\">\r\n    141| \r\n\nD:\\Projects\\BioBrainMdb\\views\\partials\\admin\\header.ejs:8\n    6|     <div class=\"header-right\">\r\n    7|         <span class=\"welcome-text\">\r\n >> 8|             Welcome, <%= username ? username : \"ADMIN\" %>\r\n    9|         </span>\r\n    10| \r\n    11|         <a href=\"/logout\" class=\"logout-btn\">Logout</a>\r\n\nusername is not defined"}
2026-03-06 19:48:22 [ERROR]: ReferenceError: D:\Projects\BioBrainMdb\views\pages\desktop\admin\units\unit.ejs:75
    73| <body>
    74| 
 >> 75| <%- include('../../../../partials/admin/header') %>
    76| 
    77| <div class="admin-container">
    78| 

D:\Projects\BioBrainMdb\views\partials\admin\header.ejs:8
    6|     <div class="header-right">
    7|         <span class="welcome-text">
 >> 8|             Welcome, <%= username ? username : "ADMIN" %>
    9|         </span>
    10| 
    11|         <a href="/logout" class="logout-btn">Logout</a>

username is not defined
    at eval ("D:\\Projects\\BioBrainMdb\\views\\partials\\admin\\header.ejs":12:26)
    at header (D:\Projects\BioBrainMdb\node_modules\ejs\lib\ejs.js:703:17)
    at include (D:\Projects\BioBrainMdb\node_modules\ejs\lib\ejs.js:701:39)
    at eval ("D:\\Projects\\BioBrainMdb\\views\\pages\\desktop\\admin\\units\\unit.ejs":12:17)
    at unit (D:\Projects\BioBrainMdb\node_modules\ejs\lib\ejs.js:703:17)
    at tryHandleCache (D:\Projects\BioBrainMdb\node_modules\ejs\lib\ejs.js:274:36)
    at exports.renderFile [as engine] (D:\Projects\BioBrainMdb\node_modules\ejs\lib\ejs.js:491:10)
    at View.render (D:\Projects\BioBrainMdb\node_modules\express\lib\view.js:139:8)
    at tryRender (D:\Projects\BioBrainMdb\node_modules\express\lib\application.js:627:10)
    at app.render (D:\Projects\BioBrainMdb\node_modules\express\lib\application.js:574:3) {"error":"D:\\Projects\\BioBrainMdb\\views\\pages\\desktop\\admin\\units\\unit.ejs:75\n    73| <body>\r\n    74| \r\n >> 75| <%- include('../../../../partials/admin/header') %>\r\n    76| \r\n    77| <div class=\"admin-container\">\r\n    78| \r\n\nD:\\Projects\\BioBrainMdb\\views\\partials\\admin\\header.ejs:8\n    6|     <div class=\"header-right\">\r\n    7|         <span class=\"welcome-text\">\r\n >> 8|             Welcome, <%= username ? username : \"ADMIN\" %>\r\n    9|         </span>\r\n    10| \r\n    11|         <a href=\"/logout\" class=\"logout-btn\">Logout</a>\r\n\nusername is not defined"}
