2026-03-15 11:33:56 [INFO]: 🚀 Server running on port 3000 
2026-03-15 11:33:56 [INFO]: ✅ Connected to MongoDB 
2026-03-15 11:33:56 [INFO]: ✅ Forced seeding of Exam Database disabled. Skipping... 
2026-03-15 11:33:56 [INFO]: ✅ Forced seeding of UserRoles Database disabled. Skipping... 
2026-03-15 11:34:04 [INFO]: GET / ::1 
2026-03-15 11:34:04 [INFO]: GET /css/desktopStyle.css ::1 
2026-03-15 11:34:05 [INFO]: GET /images/biobrain-logo1.png ::1 
2026-03-15 11:34:05 [INFO]: GET /js/navibar.js ::1 
2026-03-15 11:34:05 [INFO]: GET /images/dna-pattern.png ::1 
2026-03-15 11:34:05 [INFO]: GET /images/molucule-structure.png ::1 
2026-03-15 11:34:06 [INFO]: GET /quiz/prepare/E4/S1 ::1 
2026-03-15 11:34:06 [INFO]: GET /css/desktopStyle.css ::1 
2026-03-15 11:34:06 [INFO]: GET /images/biobrain-logo1.png ::1 
2026-03-15 11:34:06 [INFO]: GET /js/navibar.js ::1 
2026-03-15 11:34:07 [INFO]: GET /units/E4/S1 ::1 
2026-03-15 11:34:10 [INFO]: GET /logout ::1 
2026-03-15 11:34:10 [INFO]: GET / ::1 
2026-03-15 11:34:10 [INFO]: GET /css/desktopStyle.css ::1 
2026-03-15 11:34:10 [INFO]: GET /images/biobrain-logo1.png ::1 
2026-03-15 11:34:10 [INFO]: GET /js/navibar.js ::1 
2026-03-15 11:34:10 [INFO]: GET /images/dna-pattern.png ::1 
2026-03-15 11:34:10 [INFO]: GET /images/molucule-structure.png ::1 
2026-03-15 11:34:11 [INFO]: GET /quiz/prepare/E4/S1 ::1 
2026-03-15 11:34:11 [INFO]: GET /login ::1 
2026-03-15 11:34:12 [INFO]: GET /css/desktopStyle.css ::1 
2026-03-15 11:34:12 [INFO]: GET /images/biobrain-logo1.png ::1 
2026-03-15 11:34:12 [INFO]: GET /js/navibar.js ::1 
2026-03-15 11:34:26 [INFO]: POST /login ::1 
2026-03-15 11:34:36 [INFO]: POST /login ::1 
2026-03-15 11:34:36 [INFO]: GET /quiz/prepare/E4/S1 ::1 
2026-03-15 11:34:36 [INFO]: GET /css/desktopStyle.css ::1 
2026-03-15 11:34:36 [INFO]: GET /images/biobrain-logo1.png ::1 
2026-03-15 11:34:36 [INFO]: GET /js/navibar.js ::1 
2026-03-15 11:34:36 [INFO]: GET /units/E4/S1 ::1 
2026-03-15 11:38:36 [INFO]: 🚀 Server running on port 3000 
2026-03-15 11:38:36 [INFO]: ✅ Connected to MongoDB 
2026-03-15 11:38:36 [INFO]: ✅ Forced seeding of Exam Database disabled. Skipping... 
2026-03-15 11:38:36 [INFO]: ✅ Forced seeding of UserRoles Database disabled. Skipping... 
2026-03-15 11:38:38 [INFO]: GET / ::1 
2026-03-15 11:38:38 [INFO]: GET /css/desktopStyle.css ::1 
2026-03-15 11:38:38 [INFO]: GET /images/biobrain-logo1.png ::1 
2026-03-15 11:38:38 [INFO]: GET /js/navibar.js ::1 
2026-03-15 11:38:38 [INFO]: GET /images/dna-pattern.png ::1 
2026-03-15 11:38:38 [INFO]: GET /images/molucule-structure.png ::1 
2026-03-15 11:38:42 [INFO]: GET /admin ::1 
2026-03-15 11:38:42 [INFO]: GET /css/adminStyle.css ::1 
2026-03-15 11:38:42 [INFO]: GET /js/admin.js ::1 
2026-03-15 11:38:44 [INFO]: GET /admin/questions ::1 
2026-03-15 11:38:44 [INFO]: GET /css/adminStyle.css ::1 
2026-03-15 11:38:45 [INFO]: GET /admin/exams ::1 
2026-03-15 11:38:45 [INFO]: GET /css/adminStyle.css ::1 
2026-03-15 11:38:45 [INFO]: GET /admin/units ::1 
2026-03-15 11:38:45 [INFO]: GET /css/adminStyle.css ::1 
2026-03-15 11:38:46 [INFO]: GET /admin/topics ::1 
2026-03-15 11:38:46 [INFO]: GET /css/adminStyle.css ::1 
2026-03-15 11:38:46 [INFO]: GET /admin/questions ::1 
2026-03-15 11:38:47 [INFO]: GET /css/adminStyle.css ::1 
2026-03-15 11:54:19 [INFO]: 🚀 Server running on port 3000 
2026-03-15 11:54:20 [INFO]: ✅ Connected to MongoDB 
2026-03-15 11:54:20 [INFO]: ✅ Forced seeding of Exam Database disabled. Skipping... 
2026-03-15 11:54:20 [INFO]: ✅ Forced seeding of UserRoles Database disabled. Skipping... 
2026-03-15 11:54:23 [INFO]: GET / ::1 
2026-03-15 11:54:23 [INFO]: GET /css/desktopStyle.css ::1 
2026-03-15 11:54:23 [INFO]: GET /images/biobrain-logo1.png ::1 
2026-03-15 11:54:23 [INFO]: GET /js/navibar.js ::1 
2026-03-15 11:54:23 [INFO]: GET /images/dna-pattern.png ::1 
2026-03-15 11:54:23 [INFO]: GET /images/molucule-structure.png ::1 
2026-03-15 11:54:25 [INFO]: GET /mocktest/init/E4/S1 ::1 
2026-03-15 11:54:25 [ERROR]: ReferenceError: D:\Projects\BioBrainMdb\views\pages\desktop\startquiz.ejs:264
    262|                 <h4>📊 Your Last 50 Quiz Performances</h4>
    263| 
 >> 264|                 <% if (quizResults && quizResults.length> 0) { %>
    265|                     <div class="table-container">
    266|                         <table>
    267|                             <thead>

quizResults is not defined
    at eval ("D:\\Projects\\BioBrainMdb\\views\\pages\\desktop\\startquiz.ejs":15:8)
    at startquiz (D:\Projects\BioBrainMdb\node_modules\ejs\lib\ejs.js:703:17)
    at tryHandleCache (D:\Projects\BioBrainMdb\node_modules\ejs\lib\ejs.js:274:36)
    at exports.renderFile [as engine] (D:\Projects\BioBrainMdb\node_modules\ejs\lib\ejs.js:491:10)
    at View.render (D:\Projects\BioBrainMdb\node_modules\express\lib\view.js:139:8)
    at tryRender (D:\Projects\BioBrainMdb\node_modules\express\lib\application.js:627:10)
    at app.render (D:\Projects\BioBrainMdb\node_modules\express\lib\application.js:574:3)
    at ServerResponse.render (D:\Projects\BioBrainMdb\node_modules\express\lib\response.js:923:7)
    at exports.init (D:\Projects\BioBrainMdb\controllers\mocktestController.js:11:9)
    at process.processTicksAndRejections (node:internal/process/task_queues:103:5) {"error":"D:\\Projects\\BioBrainMdb\\views\\pages\\desktop\\startquiz.ejs:264\n    262|                 <h4>📊 Your Last 50 Quiz Performances</h4>\r\n    263| \r\n >> 264|                 <% if (quizResults && quizResults.length> 0) { %>\r\n    265|                     <div class=\"table-container\">\r\n    266|                         <table>\r\n    267|                             <thead>\r\n\nquizResults is not defined"}
2026-03-15 11:55:29 [INFO]: 🚀 Server running on port 3000 
2026-03-15 11:55:29 [INFO]: ✅ Connected to MongoDB 
2026-03-15 11:55:29 [INFO]: ✅ Forced seeding of Exam Database disabled. Skipping... 
2026-03-15 11:55:29 [INFO]: ✅ Forced seeding of UserRoles Database disabled. Skipping... 
2026-03-15 11:55:31 [INFO]: GET / ::1 
2026-03-15 11:55:31 [INFO]: GET /css/desktopStyle.css ::1 
2026-03-15 11:55:31 [INFO]: GET /images/biobrain-logo1.png ::1 
2026-03-15 11:55:31 [INFO]: GET /js/navibar.js ::1 
2026-03-15 11:55:31 [INFO]: GET /images/dna-pattern.png ::1 
2026-03-15 11:55:31 [INFO]: GET /images/molucule-structure.png ::1 
2026-03-15 11:55:33 [INFO]: GET /mocktest/init/E4/S1 ::1 
2026-03-15 11:55:33 [INFO]: GET /css/desktopStyle.css ::1 
2026-03-15 11:55:33 [INFO]: GET /images/biobrain-logo1.png ::1 
2026-03-15 11:55:33 [INFO]: GET /js/navibar.js ::1 
2026-03-15 11:55:33 [INFO]: GET /images/molucule-structure.png ::1 
2026-03-15 11:55:33 [INFO]: GET /units/E4/S1 ::1 
2026-03-15 11:55:38 [INFO]: GET /logout ::1 
2026-03-15 11:55:38 [INFO]: GET / ::1 
2026-03-15 11:55:38 [INFO]: GET /css/desktopStyle.css ::1 
2026-03-15 11:55:38 [INFO]: GET /images/biobrain-logo1.png ::1 
2026-03-15 11:55:38 [INFO]: GET /js/navibar.js ::1 
2026-03-15 11:55:38 [INFO]: GET /images/dna-pattern.png ::1 
2026-03-15 11:55:38 [INFO]: GET /images/molucule-structure.png ::1 
2026-03-15 11:55:39 [INFO]: GET /mocktest/init/E4/S1 ::1 
2026-03-15 11:55:39 [INFO]: GET /login ::1 
2026-03-15 11:55:40 [INFO]: GET /css/desktopStyle.css ::1 
2026-03-15 11:55:40 [INFO]: GET /images/biobrain-logo1.png ::1 
2026-03-15 11:55:40 [INFO]: GET /js/navibar.js ::1 
2026-03-15 11:55:56 [INFO]: POST /login ::1 
2026-03-15 11:55:56 [INFO]: GET /mocktest/init/E4/S1 ::1 
2026-03-15 11:55:56 [INFO]: GET /css/desktopStyle.css ::1 
2026-03-15 11:55:56 [INFO]: GET /images/biobrain-logo1.png ::1 
2026-03-15 11:55:56 [INFO]: GET /js/navibar.js ::1 
2026-03-15 11:55:56 [INFO]: GET /units/E4/S1 ::1 
2026-03-15 11:55:58 [INFO]: GET /topics/E4/S1/U1 ::1 
2026-03-15 11:56:04 [INFO]: POST /quiz/createorder ::1 
2026-03-15 11:56:04 [INFO]: GET /css/desktopStyle.css ::1 
2026-03-15 11:56:05 [INFO]: POST /quiz/submit ::1 
2026-03-15 11:56:06 [INFO]: GET / ::1 
2026-03-15 11:56:06 [INFO]: GET /css/desktopStyle.css ::1 
2026-03-15 11:56:06 [INFO]: GET /images/biobrain-logo1.png ::1 
2026-03-15 11:56:06 [INFO]: GET /js/navibar.js ::1 
2026-03-15 11:56:10 [INFO]: GET /mocktest/init/E4/S1 ::1 
2026-03-15 11:56:10 [INFO]: GET /css/desktopStyle.css ::1 
2026-03-15 11:56:10 [INFO]: GET /images/biobrain-logo1.png ::1 
2026-03-15 11:56:10 [INFO]: GET /js/navibar.js ::1 
2026-03-15 11:56:10 [INFO]: GET /units/E4/S1 ::1 
2026-03-15 11:56:13 [INFO]: GET /topics/E4/S1/U1 ::1 
2026-03-15 11:56:17 [INFO]: GET /logout ::1 
2026-03-15 11:56:17 [INFO]: GET / ::1 
2026-03-15 11:56:17 [INFO]: GET /css/desktopStyle.css ::1 
2026-03-15 11:56:17 [INFO]: GET /images/biobrain-logo1.png ::1 
2026-03-15 11:56:17 [INFO]: GET /js/navibar.js ::1 
2026-03-15 11:56:18 [INFO]: GET /mocktest/init/E4/S1 ::1 
2026-03-15 11:56:18 [INFO]: GET /login ::1 
2026-03-15 11:56:18 [INFO]: GET /css/desktopStyle.css ::1 
2026-03-15 11:56:18 [INFO]: GET /images/biobrain-logo1.png ::1 
2026-03-15 11:56:18 [INFO]: GET /js/navibar.js ::1 
2026-03-15 11:56:31 [INFO]: POST /login ::1 
2026-03-15 11:56:31 [INFO]: GET /mocktest/init/E4/S1 ::1 
2026-03-15 11:56:31 [INFO]: GET /css/desktopStyle.css ::1 
2026-03-15 11:56:31 [INFO]: GET /images/biobrain-logo1.png ::1 
2026-03-15 11:56:31 [INFO]: GET /js/navibar.js ::1 
2026-03-15 11:56:31 [INFO]: GET /units/E4/S1 ::1 
2026-03-15 11:56:36 [INFO]: GET /logout ::1 
2026-03-15 11:56:36 [INFO]: GET / ::1 
2026-03-15 11:56:36 [INFO]: GET /css/desktopStyle.css ::1 
2026-03-15 11:56:36 [INFO]: GET /images/biobrain-logo1.png ::1 
2026-03-15 11:56:36 [INFO]: GET /js/navibar.js ::1 
