2026-03-07 00:32:22 [INFO]: 🚀 Server running on port 3000 
2026-03-07 00:32:22 [INFO]: ✅ Connected to MongoDB 
2026-03-07 00:32:22 [INFO]: 🔥  Forced seeding enabled. 
2026-03-07 00:32:22 [INFO]: ⚠ Clearing old Questions... 
2026-03-07 00:32:22 [INFO]: ⚠ Clearing old Topics... 
2026-03-07 00:32:22 [INFO]: ⚠ Clearing old Units... 
2026-03-07 00:32:22 [INFO]: ⚠ Clearing old Subjects... 
2026-03-07 00:32:22 [INFO]: ⚠ Clearing old Exams... 
2026-03-07 00:32:22 [INFO]: ⚠ Clearing old Payments... 
2026-03-07 00:32:22 [INFO]: ⚡ Seeding database... 
2026-03-07 00:32:22 [INFO]: 🔥 Exam seeded: 4 successfully! 
2026-03-07 00:32:22 [INFO]: 🔥 Subject seeded: 4 successfully! 
2026-03-07 00:32:22 [INFO]: 🔥 Unit seeded: 11 successfully! 
2026-03-07 00:32:22 [INFO]: 🔥 Topics seeded: 49 successfully! 
2026-03-07 00:32:22 [INFO]: 🔥 Questions seeded: 200 successfully! 
2026-03-07 00:32:22 [INFO]: ✅ All data seeded successfully! 
2026-03-07 00:37:40 [INFO]: 🚀 Server running on port 3000 
2026-03-07 00:37:40 [INFO]: ✅ Connected to MongoDB 
2026-03-07 00:37:40 [INFO]: 🔥  Forced seeding enabled. 
2026-03-07 00:37:40 [INFO]: ⚠ Clearing old Questions... 
2026-03-07 00:37:40 [INFO]: ⚠ Clearing old Topics... 
2026-03-07 00:37:40 [INFO]: ⚠ Clearing old Units... 
2026-03-07 00:37:40 [INFO]: ⚠ Clearing old Subjects... 
2026-03-07 00:37:40 [INFO]: ⚠ Clearing old Exams... 
2026-03-07 00:37:40 [INFO]: ⚠ Clearing old Payments... 
2026-03-07 00:37:40 [INFO]: ⚡ Seeding database... 
2026-03-07 00:37:40 [INFO]: 🔥 Exam seeded: 4 successfully! 
2026-03-07 00:37:40 [INFO]: 🔥 Subject seeded: 4 successfully! 
2026-03-07 00:37:40 [INFO]: 🔥 Unit seeded: 11 successfully! 
2026-03-07 00:37:40 [INFO]: 🔥 Topics seeded: 49 successfully! 
2026-03-07 00:37:40 [INFO]: 🔥 Questions seeded: 200 successfully! 
2026-03-07 00:37:40 [INFO]: ✅ All data seeded successfully! 
2026-03-07 00:37:53 [INFO]: 🚀 Server running on port 3000 
2026-03-07 00:37:53 [INFO]: ✅ Connected to MongoDB 
2026-03-07 00:37:53 [INFO]: 🔥  Forced seeding enabled. 
2026-03-07 00:37:53 [INFO]: ⚠ Clearing old Questions... 
2026-03-07 00:37:53 [INFO]: ⚠ Clearing old Topics... 
2026-03-07 00:37:53 [INFO]: ⚠ Clearing old Units... 
2026-03-07 00:37:53 [INFO]: ⚠ Clearing old Subjects... 
2026-03-07 00:37:53 [INFO]: ⚠ Clearing old Exams... 
2026-03-07 00:37:53 [INFO]: ⚠ Clearing old Payments... 
2026-03-07 00:37:53 [INFO]: ⚡ Seeding database... 
2026-03-07 00:37:53 [INFO]: 🔥 Exam seeded: 4 successfully! 
2026-03-07 00:37:53 [INFO]: 🔥 Subject seeded: 4 successfully! 
2026-03-07 00:37:53 [INFO]: 🔥 Unit seeded: 11 successfully! 
2026-03-07 00:37:53 [INFO]: 🔥 Topics seeded: 49 successfully! 
2026-03-07 00:37:53 [INFO]: 🔥 Questions seeded: 200 successfully! 
2026-03-07 00:37:53 [INFO]: ✅ All data seeded successfully! 
2026-03-07 00:37:58 [INFO]: GET / ::1 
2026-03-07 00:37:58 [INFO]: GET /css/desktopStyle.css ::1 
2026-03-07 00:37:58 [INFO]: GET /images/biobrain-logo1.png ::1 
2026-03-07 00:37:58 [INFO]: GET /js/navibar.js ::1 
2026-03-07 00:37:58 [INFO]: GET /images/dna-pattern.png ::1 
2026-03-07 00:37:58 [INFO]: GET /images/molucule-structure.png ::1 
2026-03-07 00:38:00 [INFO]: GET / ::1 
2026-03-07 00:38:00 [INFO]: GET /css/desktopStyle.css ::1 
2026-03-07 00:38:00 [INFO]: GET /images/biobrain-logo1.png ::1 
2026-03-07 00:38:00 [INFO]: GET /js/navibar.js ::1 
2026-03-07 00:38:01 [INFO]: GET /admin ::1 
2026-03-07 00:38:01 [INFO]: GET /login ::1 
2026-03-07 00:38:01 [INFO]: GET /css/desktopStyle.css ::1 
2026-03-07 00:38:01 [INFO]: GET /images/biobrain-logo1.png ::1 
2026-03-07 00:38:02 [INFO]: GET /js/navibar.js ::1 
2026-03-07 00:38:14 [INFO]: POST /login ::1 
2026-03-07 00:38:14 [INFO]: GET /admin ::1 
2026-03-07 00:38:14 [INFO]: GET /css/adminStyle.css ::1 
2026-03-07 00:38:14 [INFO]: GET /js/admin.js ::1 
2026-03-07 00:38:17 [INFO]: GET /admin/live-logs ::1 
2026-03-07 00:38:25 [INFO]: GET / ::1 
2026-03-07 00:38:25 [INFO]: GET /css/desktopStyle.css ::1 
2026-03-07 00:38:25 [INFO]: GET /images/biobrain-logo1.png ::1 
2026-03-07 00:38:25 [INFO]: GET /js/navibar.js ::1 
2026-03-07 00:40:01 [INFO]: GET /admin/logs/live ::1 
2026-03-07 00:40:10 [INFO]: GET / ::1 
2026-03-07 00:40:10 [INFO]: GET /css/desktopStyle.css ::1 
2026-03-07 00:40:10 [INFO]: GET /images/biobrain-logo1.png ::1 
2026-03-07 00:40:10 [INFO]: GET /js/navibar.js ::1 
2026-03-07 00:40:10 [INFO]: GET /images/dna-pattern.png ::1 
2026-03-07 00:40:10 [INFO]: GET /images/molucule-structure.png ::1 
2026-03-07 00:42:22 [INFO]: 🚀 Server running on port 3000 
2026-03-07 00:42:22 [INFO]: ✅ Connected to MongoDB 
2026-03-07 00:42:22 [INFO]: 🔥  Forced seeding enabled. 
2026-03-07 00:42:22 [INFO]: ⚠ Clearing old Questions... 
2026-03-07 00:42:22 [INFO]: ⚠ Clearing old Topics... 
2026-03-07 00:42:22 [INFO]: ⚠ Clearing old Units... 
2026-03-07 00:42:22 [INFO]: ⚠ Clearing old Subjects... 
2026-03-07 00:42:22 [INFO]: ⚠ Clearing old Exams... 
2026-03-07 00:42:22 [INFO]: ⚠ Clearing old Payments... 
2026-03-07 00:42:22 [INFO]: ⚡ Seeding database... 
2026-03-07 00:42:22 [INFO]: 🔥 Exam seeded: 4 successfully! 
2026-03-07 00:42:22 [INFO]: 🔥 Subject seeded: 4 successfully! 
2026-03-07 00:42:22 [INFO]: 🔥 Unit seeded: 11 successfully! 
2026-03-07 00:42:22 [INFO]: 🔥 Topics seeded: 49 successfully! 
2026-03-07 00:42:22 [INFO]: 🔥 Questions seeded: 200 successfully! 
2026-03-07 00:42:22 [INFO]: ✅ All data seeded successfully! 
2026-03-07 00:42:28 [INFO]: GET / ::1 
2026-03-07 00:42:28 [INFO]: GET /css/desktopStyle.css ::1 
2026-03-07 00:42:28 [INFO]: GET /images/biobrain-logo1.png ::1 
2026-03-07 00:42:28 [INFO]: GET /js/navibar.js ::1 
2026-03-07 00:42:28 [INFO]: GET /images/dna-pattern.png ::1 
2026-03-07 00:42:28 [INFO]: GET /images/molucule-structure.png ::1 
2026-03-07 00:42:29 [INFO]: GET /admin ::1 
2026-03-07 00:42:29 [INFO]: GET /css/adminStyle.css ::1 
2026-03-07 00:42:29 [INFO]: GET /js/admin.js ::1 
2026-03-07 00:42:30 [INFO]: GET /admin/live-logs ::1 
2026-03-07 00:42:39 [INFO]: GET / ::1 
2026-03-07 00:42:39 [INFO]: GET /css/desktopStyle.css ::1 
2026-03-07 00:42:39 [INFO]: GET /images/biobrain-logo1.png ::1 
2026-03-07 00:42:39 [INFO]: GET /js/navibar.js ::1 
2026-03-07 00:44:00 [INFO]: 🚀 Server running on port 3000 
2026-03-07 00:44:00 [INFO]: ✅ Connected to MongoDB 
2026-03-07 00:44:00 [INFO]: 🔥  Forced seeding enabled. 
2026-03-07 00:44:00 [INFO]: ⚠ Clearing old Questions... 
2026-03-07 00:44:00 [INFO]: ⚠ Clearing old Topics... 
2026-03-07 00:44:00 [INFO]: ⚠ Clearing old Units... 
2026-03-07 00:44:00 [INFO]: ⚠ Clearing old Subjects... 
2026-03-07 00:44:00 [INFO]: ⚠ Clearing old Exams... 
2026-03-07 00:44:00 [INFO]: ⚠ Clearing old Payments... 
2026-03-07 00:44:00 [INFO]: ⚡ Seeding database... 
2026-03-07 00:44:00 [INFO]: 🔥 Exam seeded: 4 successfully! 
2026-03-07 00:44:00 [INFO]: 🔥 Subject seeded: 4 successfully! 
2026-03-07 00:44:00 [INFO]: 🔥 Unit seeded: 11 successfully! 
2026-03-07 00:44:00 [INFO]: 🔥 Topics seeded: 49 successfully! 
2026-03-07 00:44:00 [INFO]: 🔥 Questions seeded: 200 successfully! 
2026-03-07 00:44:00 [INFO]: ✅ All data seeded successfully! 
2026-03-07 00:44:06 [INFO]: GET / ::1 
2026-03-07 00:44:06 [INFO]: GET /css/desktopStyle.css ::1 
2026-03-07 00:44:06 [INFO]: GET /images/biobrain-logo1.png ::1 
2026-03-07 00:44:06 [INFO]: GET /js/navibar.js ::1 
2026-03-07 00:44:06 [INFO]: GET /images/dna-pattern.png ::1 
2026-03-07 00:44:06 [INFO]: GET /images/molucule-structure.png ::1 
2026-03-07 00:44:07 [INFO]: GET /admin ::1 
2026-03-07 00:44:07 [INFO]: GET /css/adminStyle.css ::1 
2026-03-07 00:44:07 [INFO]: GET /js/admin.js ::1 
2026-03-07 00:44:08 [INFO]: GET /admin/logs ::1 
2026-03-07 00:44:08 [INFO]: GET /css/adminStyle.css ::1 
2026-03-07 00:44:08 [INFO]: GET /socket.io/socket.io.js ::1 
2026-03-07 00:44:19 [INFO]: GET /admin/live-logs ::1 
2026-03-07 00:44:23 [INFO]: GET /admin/logs ::1 
2026-03-07 00:44:23 [INFO]: GET /css/adminStyle.css ::1 
2026-03-07 00:44:23 [INFO]: GET /socket.io/socket.io.js ::1 
2026-03-07 00:44:33 [INFO]: GET /admin/logs/files/info ::1 
2026-03-07 00:44:37 [INFO]: GET /admin/logs/view/info/Select%20Log%20File ::1 
2026-03-07 00:45:16 [INFO]: 🚀 Server running on port 3000 
2026-03-07 00:45:16 [INFO]: ✅ Connected to MongoDB 
2026-03-07 00:45:16 [INFO]: 🔥  Forced seeding enabled. 
2026-03-07 00:45:16 [INFO]: ⚠ Clearing old Questions... 
2026-03-07 00:45:16 [INFO]: ⚠ Clearing old Topics... 
2026-03-07 00:45:16 [INFO]: ⚠ Clearing old Units... 
2026-03-07 00:45:16 [INFO]: ⚠ Clearing old Subjects... 
2026-03-07 00:45:16 [INFO]: ⚠ Clearing old Exams... 
2026-03-07 00:45:16 [INFO]: ⚠ Clearing old Payments... 
2026-03-07 00:45:16 [INFO]: ⚡ Seeding database... 
2026-03-07 00:45:17 [INFO]: 🔥 Exam seeded: 4 successfully! 
2026-03-07 00:45:17 [INFO]: 🔥 Subject seeded: 4 successfully! 
2026-03-07 00:45:17 [INFO]: 🔥 Unit seeded: 11 successfully! 
2026-03-07 00:45:17 [INFO]: 🔥 Topics seeded: 49 successfully! 
2026-03-07 00:45:17 [INFO]: 🔥 Questions seeded: 200 successfully! 
2026-03-07 00:45:17 [INFO]: ✅ All data seeded successfully! 
2026-03-07 00:45:20 [INFO]: GET / ::1 
2026-03-07 00:45:20 [INFO]: GET /css/desktopStyle.css ::1 
2026-03-07 00:45:20 [INFO]: GET /images/biobrain-logo1.png ::1 
2026-03-07 00:45:20 [INFO]: GET /js/navibar.js ::1 
2026-03-07 00:45:22 [INFO]: GET /admin ::1 
2026-03-07 00:45:22 [INFO]: GET /css/adminStyle.css ::1 
2026-03-07 00:45:22 [INFO]: GET /js/admin.js ::1 
2026-03-07 00:45:24 [INFO]: GET /admin/logs ::1 
2026-03-07 00:45:24 [INFO]: GET /css/adminStyle.css ::1 
2026-03-07 00:45:24 [INFO]: GET /socket.io/socket.io.js ::1 
2026-03-07 00:45:29 [INFO]: GET /admin/logs/files/info ::1 
2026-03-07 00:45:34 [INFO]: GET /css/adminStyle.css ::1 
2026-03-07 00:45:34 [INFO]: GET /.well-known/appspecific/com.chrome.devtools.json ::1 
2026-03-07 00:46:27 [INFO]: 🚀 Server running on port 3000 
2026-03-07 00:46:27 [INFO]: ✅ Connected to MongoDB 
2026-03-07 00:46:27 [INFO]: 🔥  Forced seeding enabled. 
2026-03-07 00:46:27 [INFO]: ⚠ Clearing old Questions... 
2026-03-07 00:46:27 [INFO]: ⚠ Clearing old Topics... 
2026-03-07 00:46:27 [INFO]: ⚠ Clearing old Units... 
2026-03-07 00:46:27 [INFO]: ⚠ Clearing old Subjects... 
2026-03-07 00:46:27 [INFO]: ⚠ Clearing old Exams... 
2026-03-07 00:46:27 [INFO]: ⚠ Clearing old Payments... 
2026-03-07 00:46:27 [INFO]: ⚡ Seeding database... 
2026-03-07 00:46:27 [INFO]: 🔥 Exam seeded: 4 successfully! 
2026-03-07 00:46:27 [INFO]: 🔥 Subject seeded: 4 successfully! 
2026-03-07 00:46:27 [INFO]: 🔥 Unit seeded: 11 successfully! 
2026-03-07 00:46:27 [INFO]: 🔥 Topics seeded: 49 successfully! 
2026-03-07 00:46:27 [INFO]: 🔥 Questions seeded: 200 successfully! 
2026-03-07 00:46:27 [INFO]: ✅ All data seeded successfully! 
2026-03-07 00:46:31 [INFO]: GET / ::1 
2026-03-07 00:46:31 [INFO]: GET /css/desktopStyle.css ::1 
2026-03-07 00:46:31 [INFO]: GET /images/biobrain-logo1.png ::1 
2026-03-07 00:46:31 [INFO]: GET /js/navibar.js ::1 
2026-03-07 00:46:31 [INFO]: GET /images/dna-pattern.png ::1 
2026-03-07 00:46:31 [INFO]: GET /images/molucule-structure.png ::1 
2026-03-07 00:46:33 [INFO]: GET /admin ::1 
2026-03-07 00:46:33 [INFO]: GET /css/adminStyle.css ::1 
2026-03-07 00:46:33 [INFO]: GET /js/admin.js ::1 
2026-03-07 00:46:35 [INFO]: GET /admin/logs ::1 
2026-03-07 00:46:35 [INFO]: GET /css/adminStyle.css ::1 
2026-03-07 00:46:38 [INFO]: GET /admin/logs/files?type=info ::1 
2026-03-07 00:46:39 [INFO]: GET /admin/logs/view?type=info&file=info-07-03-2026.log ::1 
2026-03-07 00:46:47 [INFO]: GET /admin/logs/download?type=info&file=info-07-03-2026.log ::1 
2026-03-07 00:46:48 [INFO]: GET /admin/logs ::1 
2026-03-07 00:46:48 [INFO]: GET /css/adminStyle.css ::1 
2026-03-07 00:46:50 [INFO]: GET /admin/logs ::1 
2026-03-07 00:46:50 [INFO]: GET /css/adminStyle.css ::1 
2026-03-07 00:46:53 [INFO]: GET /admin/logs/files?type=info ::1 
2026-03-07 00:46:54 [INFO]: GET /admin/logs/view?type=info&file=info-06-03-2026.log ::1 
2026-03-07 00:49:41 [INFO]: 🚀 Server running on port 3000 
2026-03-07 00:49:41 [INFO]: ✅ Connected to MongoDB 
2026-03-07 00:49:41 [INFO]: 🔥  Forced seeding enabled. 
2026-03-07 00:49:41 [INFO]: ⚠ Clearing old Questions... 
2026-03-07 00:49:41 [INFO]: ⚠ Clearing old Topics... 
2026-03-07 00:49:41 [INFO]: ⚠ Clearing old Units... 
2026-03-07 00:49:41 [INFO]: ⚠ Clearing old Subjects... 
2026-03-07 00:49:41 [INFO]: ⚠ Clearing old Exams... 
2026-03-07 00:49:41 [INFO]: ⚠ Clearing old Payments... 
2026-03-07 00:49:41 [INFO]: ⚡ Seeding database... 
2026-03-07 00:49:41 [INFO]: 🔥 Exam seeded: 4 successfully! 
2026-03-07 00:49:41 [INFO]: 🔥 Subject seeded: 4 successfully! 
2026-03-07 00:49:41 [INFO]: 🔥 Unit seeded: 11 successfully! 
2026-03-07 00:49:41 [INFO]: 🔥 Topics seeded: 49 successfully! 
2026-03-07 00:49:42 [INFO]: 🔥 Questions seeded: 200 successfully! 
2026-03-07 00:49:42 [INFO]: ✅ All data seeded successfully! 
2026-03-07 00:49:45 [INFO]: GET / ::1 
2026-03-07 00:49:45 [INFO]: GET /css/desktopStyle.css ::1 
2026-03-07 00:49:45 [INFO]: GET /images/biobrain-logo1.png ::1 
2026-03-07 00:49:45 [INFO]: GET /js/navibar.js ::1 
2026-03-07 00:49:46 [INFO]: GET /images/dna-pattern.png ::1 
2026-03-07 00:49:46 [INFO]: GET /images/molucule-structure.png ::1 
2026-03-07 00:49:48 [INFO]: GET /admin ::1 
2026-03-07 00:49:48 [INFO]: GET /css/adminStyle.css ::1 
2026-03-07 00:49:48 [INFO]: GET /js/admin.js ::1 
2026-03-07 00:49:49 [INFO]: GET /admin/logs ::1 
2026-03-07 00:49:49 [INFO]: GET /css/adminStyle.css ::1 
2026-03-07 00:49:49 [INFO]: GET /logs ::1 
2026-03-07 00:49:52 [INFO]: GET /admin/live-logs ::1 
2026-03-07 00:49:54 [INFO]: GET / ::1 
2026-03-07 00:49:54 [INFO]: GET /css/desktopStyle.css ::1 
2026-03-07 00:49:54 [INFO]: GET /images/biobrain-logo1.png ::1 
2026-03-07 00:49:54 [INFO]: GET /js/navibar.js ::1 
2026-03-07 00:49:56 [INFO]: GET /admin ::1 
2026-03-07 00:49:56 [INFO]: GET /css/adminStyle.css ::1 
2026-03-07 00:49:56 [INFO]: GET /js/admin.js ::1 
2026-03-07 00:49:57 [INFO]: GET /admin/logs ::1 
2026-03-07 00:49:57 [INFO]: GET /css/adminStyle.css ::1 
2026-03-07 00:49:57 [INFO]: GET /logs ::1 
2026-03-07 00:50:18 [INFO]: 🚀 Server running on port 3000 
2026-03-07 00:50:18 [INFO]: ✅ Connected to MongoDB 
2026-03-07 00:50:18 [INFO]: 🔥  Forced seeding enabled. 
2026-03-07 00:50:18 [INFO]: ⚠ Clearing old Questions... 
2026-03-07 00:50:18 [INFO]: ⚠ Clearing old Topics... 
2026-03-07 00:50:18 [INFO]: ⚠ Clearing old Units... 
2026-03-07 00:50:18 [INFO]: ⚠ Clearing old Subjects... 
2026-03-07 00:50:18 [INFO]: ⚠ Clearing old Exams... 
2026-03-07 00:50:18 [INFO]: ⚠ Clearing old Payments... 
2026-03-07 00:50:18 [INFO]: ⚡ Seeding database... 
2026-03-07 00:50:18 [INFO]: 🔥 Exam seeded: 4 successfully! 
2026-03-07 00:50:18 [INFO]: 🔥 Subject seeded: 4 successfully! 
2026-03-07 00:50:18 [INFO]: 🔥 Unit seeded: 11 successfully! 
2026-03-07 00:50:18 [INFO]: 🔥 Topics seeded: 49 successfully! 
2026-03-07 00:50:18 [INFO]: 🔥 Questions seeded: 200 successfully! 
2026-03-07 00:50:18 [INFO]: ✅ All data seeded successfully! 
2026-03-07 00:50:23 [INFO]: GET / ::1 
2026-03-07 00:50:23 [INFO]: GET /css/desktopStyle.css ::1 
2026-03-07 00:50:23 [INFO]: GET /images/biobrain-logo1.png ::1 
2026-03-07 00:50:23 [INFO]: GET /js/navibar.js ::1 
2026-03-07 00:50:23 [INFO]: GET /images/dna-pattern.png ::1 
2026-03-07 00:50:23 [INFO]: GET /images/molucule-structure.png ::1 
2026-03-07 00:50:24 [INFO]: GET /admin ::1 
2026-03-07 00:50:24 [INFO]: GET /css/adminStyle.css ::1 
2026-03-07 00:50:24 [INFO]: GET /js/admin.js ::1 
2026-03-07 00:50:26 [INFO]: GET /admin/logs ::1 
2026-03-07 00:50:26 [INFO]: GET /css/adminStyle.css ::1 
2026-03-07 00:50:26 [INFO]: GET /logs ::1 
2026-03-07 00:50:34 [INFO]: GET /admin/logs/files?type=info ::1 
2026-03-07 00:50:35 [INFO]: GET /admin/logs/view?type=info&file=info-06-03-2026.log ::1 
2026-03-07 00:50:43 [INFO]: GET / ::1 
2026-03-07 00:50:43 [INFO]: GET /css/desktopStyle.css ::1 
2026-03-07 00:50:43 [INFO]: GET /images/biobrain-logo1.png ::1 
2026-03-07 00:50:43 [INFO]: GET /js/navibar.js ::1 
2026-03-07 00:50:45 [INFO]: GET /admin ::1 
2026-03-07 00:50:45 [INFO]: GET /css/adminStyle.css ::1 
2026-03-07 00:50:45 [INFO]: GET /js/admin.js ::1 
2026-03-07 00:50:47 [INFO]: GET / ::1 
2026-03-07 00:50:47 [INFO]: GET /css/desktopStyle.css ::1 
2026-03-07 00:50:47 [INFO]: GET /images/biobrain-logo1.png ::1 
2026-03-07 00:50:47 [INFO]: GET /js/navibar.js ::1 
2026-03-07 00:51:03 [INFO]: GET /admin ::1 
2026-03-07 00:51:03 [INFO]: GET /css/adminStyle.css ::1 
2026-03-07 00:51:03 [INFO]: GET /js/admin.js ::1 
2026-03-07 00:51:05 [INFO]: GET /admin ::1 
2026-03-07 00:51:05 [INFO]: GET /css/adminStyle.css ::1 
2026-03-07 00:51:05 [INFO]: GET /js/admin.js ::1 
2026-03-07 00:51:11 [INFO]: GET /admin/units ::1 
2026-03-07 00:51:11 [INFO]: GET /css/adminStyle.css ::1 
2026-03-07 00:51:18 [INFO]: GET /admin/logs/files?type=error ::1 
2026-03-07 00:51:20 [INFO]: GET /admin/logs/view?type=error&file=error-06-03-2026.log ::1 
2026-03-07 00:51:25 [INFO]: GET /admin/logs/files?type=combined ::1 
2026-03-07 00:51:26 [INFO]: GET /admin/logs/view?type=combined&file=combined-06-03-2026.log ::1 
2026-03-07 00:51:42 [INFO]: GET /css/adminStyle.css ::1 
2026-03-07 00:51:42 [INFO]: GET /.well-known/appspecific/com.chrome.devtools.json ::1 
2026-03-07 00:55:35 [INFO]: 🚀 Server running on port 3000 
2026-03-07 00:55:35 [INFO]: ✅ Connected to MongoDB 
2026-03-07 00:55:35 [INFO]: 🔥  Forced seeding enabled. 
2026-03-07 00:55:35 [INFO]: ⚠ Clearing old Questions... 
2026-03-07 00:55:35 [INFO]: ⚠ Clearing old Topics... 
2026-03-07 00:55:35 [INFO]: ⚠ Clearing old Units... 
2026-03-07 00:55:35 [INFO]: ⚠ Clearing old Subjects... 
2026-03-07 00:55:35 [INFO]: ⚠ Clearing old Exams... 
2026-03-07 00:55:35 [INFO]: ⚠ Clearing old Payments... 
2026-03-07 00:55:35 [INFO]: ⚡ Seeding database... 
2026-03-07 00:55:35 [INFO]: 🔥 Exam seeded: 4 successfully! 
2026-03-07 00:55:35 [INFO]: 🔥 Subject seeded: 4 successfully! 
2026-03-07 00:55:35 [INFO]: 🔥 Unit seeded: 11 successfully! 
2026-03-07 00:55:35 [INFO]: 🔥 Topics seeded: 49 successfully! 
2026-03-07 00:55:36 [INFO]: 🔥 Questions seeded: 200 successfully! 
2026-03-07 00:55:36 [INFO]: ✅ All data seeded successfully! 
2026-03-07 00:55:48 [INFO]: GET / ::1 
2026-03-07 00:55:48 [INFO]: GET /css/desktopStyle.css ::1 
2026-03-07 00:55:48 [INFO]: GET /images/biobrain-logo1.png ::1 
2026-03-07 00:55:48 [INFO]: GET /js/navibar.js ::1 
2026-03-07 00:55:48 [INFO]: GET /images/dna-pattern.png ::1 
2026-03-07 00:55:48 [INFO]: GET /images/molucule-structure.png ::1 
2026-03-07 00:55:50 [INFO]: GET / ::1 
2026-03-07 00:55:50 [INFO]: GET /css/desktopStyle.css ::1 
2026-03-07 00:55:50 [INFO]: GET /images/biobrain-logo1.png ::1 
2026-03-07 00:55:50 [INFO]: GET /js/navibar.js ::1 
2026-03-07 00:55:50 [INFO]: GET /images/dna-pattern.png ::1 
2026-03-07 00:55:50 [INFO]: GET /images/molucule-structure.png ::1 
2026-03-07 00:55:52 [INFO]: GET /admin ::1 
2026-03-07 00:55:52 [INFO]: GET /css/adminStyle.css ::1 
2026-03-07 00:55:52 [INFO]: GET /js/admin.js ::1 
2026-03-07 00:55:54 [INFO]: GET /admin/live-logs ::1 
2026-03-07 00:55:56 [INFO]: GET / ::1 
2026-03-07 00:55:56 [INFO]: GET /css/desktopStyle.css ::1 
2026-03-07 00:55:56 [INFO]: GET /images/biobrain-logo1.png ::1 
2026-03-07 00:55:56 [INFO]: GET /js/navibar.js ::1 
2026-03-07 00:55:58 [INFO]: GET /admin ::1 
2026-03-07 00:55:59 [INFO]: GET /css/adminStyle.css ::1 
2026-03-07 00:55:59 [INFO]: GET /js/admin.js ::1 
2026-03-07 00:56:00 [INFO]: GET /admin/logs ::1 
2026-03-07 00:56:00 [INFO]: GET /css/adminStyle.css ::1 
2026-03-07 00:56:00 [INFO]: GET /logs ::1 
2026-03-07 00:56:05 [INFO]: GET /css/adminStyle.css ::1 
2026-03-07 00:56:05 [INFO]: GET /.well-known/appspecific/com.chrome.devtools.json ::1 
2026-03-07 00:56:16 [INFO]: GET /admin/logs/files?type=info ::1 
2026-03-07 00:56:17 [INFO]: GET /admin/logs/view?type=info&file=info-06-03-2026.log ::1 
2026-03-07 00:56:21 [INFO]: GET /.well-known/appspecific/com.chrome.devtools.json ::1 
2026-03-07 00:56:37 [INFO]: GET / ::1 
2026-03-07 00:56:37 [INFO]: GET /.well-known/appspecific/com.chrome.devtools.json ::1 
2026-03-07 00:56:37 [INFO]: GET /css/desktopStyle.css ::1 
2026-03-07 00:56:37 [INFO]: GET /js/navibar.js ::1 
2026-03-07 00:56:37 [INFO]: GET /images/biobrain-logo1.png ::1 
2026-03-07 00:56:37 [INFO]: GET /images/dna-pattern.png ::1 
2026-03-07 00:56:37 [INFO]: GET /images/molucule-structure.png ::1 
2026-03-07 00:56:39 [INFO]: GET /about ::1 
2026-03-07 00:56:39 [INFO]: GET /.well-known/appspecific/com.chrome.devtools.json ::1 
2026-03-07 00:56:39 [INFO]: GET /css/desktopStyle.css ::1 
2026-03-07 00:56:39 [INFO]: GET /images/biobrain-logo1.png ::1 
2026-03-07 00:56:39 [INFO]: GET /js/navibar.js ::1 
2026-03-07 00:56:39 [INFO]: GET /images/dna-pattern.png ::1 
2026-03-07 00:56:39 [INFO]: GET /images/molucule-structure.png ::1 
2026-03-07 00:57:02 [INFO]: GET / ::1 
2026-03-07 00:57:02 [INFO]: GET /.well-known/appspecific/com.chrome.devtools.json ::1 
2026-03-07 00:57:02 [INFO]: GET /css/desktopStyle.css ::1 
2026-03-07 00:57:02 [INFO]: GET /images/biobrain-logo1.png ::1 
2026-03-07 00:57:02 [INFO]: GET /js/navibar.js ::1 
2026-03-07 00:57:05 [INFO]: GET / ::1 
2026-03-07 00:57:05 [INFO]: GET /.well-known/appspecific/com.chrome.devtools.json ::1 
2026-03-07 00:57:05 [INFO]: GET /css/desktopStyle.css ::1 
2026-03-07 00:57:05 [INFO]: GET /images/biobrain-logo1.png ::1 
2026-03-07 00:57:05 [INFO]: GET /js/navibar.js ::1 
2026-03-07 00:57:10 [INFO]: GET /quiz/prepare/E4/S1 ::1 
2026-03-07 00:57:10 [INFO]: GET /.well-known/appspecific/com.chrome.devtools.json ::1 
2026-03-07 00:57:10 [INFO]: GET /css/desktopStyle.css ::1 
2026-03-07 00:57:10 [INFO]: GET /images/biobrain-logo1.png ::1 
2026-03-07 00:57:10 [INFO]: GET /js/navibar.js ::1 
2026-03-07 00:57:11 [INFO]: GET /units/E4/S1 ::1 
2026-03-07 00:57:16 [INFO]: GET /admin/logs/files?type=error ::1 
2026-03-07 00:57:18 [INFO]: GET /admin/logs/files?type=combined ::1 
2026-03-07 01:02:11 [INFO]: GET /keep-session-alive ::1 
2026-03-07 01:02:33 [INFO]: 🚀 Server running on port 3000 
2026-03-07 01:02:34 [INFO]: ✅ Connected to MongoDB 
2026-03-07 01:02:34 [INFO]: 🔥  Forced seeding enabled. 
2026-03-07 01:02:34 [INFO]: ⚠ Clearing old Questions... 
2026-03-07 01:02:34 [INFO]: ⚠ Clearing old Topics... 
2026-03-07 01:02:34 [INFO]: ⚠ Clearing old Units... 
2026-03-07 01:02:34 [INFO]: ⚠ Clearing old Subjects... 
2026-03-07 01:02:34 [INFO]: ⚠ Clearing old Exams... 
2026-03-07 01:02:34 [INFO]: ⚠ Clearing old Payments... 
2026-03-07 01:02:34 [INFO]: ⚡ Seeding database... 
2026-03-07 01:02:34 [INFO]: 🔥 Exam seeded: 4 successfully! 
2026-03-07 01:02:34 [INFO]: 🔥 Subject seeded: 4 successfully! 
2026-03-07 01:02:34 [INFO]: 🔥 Unit seeded: 11 successfully! 
2026-03-07 01:02:34 [INFO]: 🔥 Topics seeded: 49 successfully! 
2026-03-07 01:02:34 [INFO]: 🔥 Questions seeded: 200 successfully! 
2026-03-07 01:02:34 [INFO]: ✅ All data seeded successfully! 
2026-03-07 01:02:38 [INFO]: GET / ::1 
2026-03-07 01:02:38 [INFO]: GET /css/desktopStyle.css ::1 
2026-03-07 01:02:38 [INFO]: GET /images/biobrain-logo1.png ::1 
2026-03-07 01:02:38 [INFO]: GET /js/navibar.js ::1 
2026-03-07 01:02:39 [INFO]: GET /images/dna-pattern.png ::1 
2026-03-07 01:02:39 [INFO]: GET /images/molucule-structure.png ::1 
2026-03-07 01:02:40 [INFO]: GET /admin ::1 
2026-03-07 01:02:40 [INFO]: GET /css/adminStyle.css ::1 
2026-03-07 01:02:40 [INFO]: GET /js/admin.js ::1 
2026-03-07 01:02:42 [INFO]: GET /admin/live-logs ::1 
2026-03-07 01:02:44 [INFO]: GET / ::1 
2026-03-07 01:02:44 [INFO]: GET /css/desktopStyle.css ::1 
2026-03-07 01:02:44 [INFO]: GET /images/biobrain-logo1.png ::1 
2026-03-07 01:02:44 [INFO]: GET /js/navibar.js ::1 
2026-03-07 01:02:46 [INFO]: GET /admin ::1 
2026-03-07 01:02:46 [INFO]: GET /css/adminStyle.css ::1 
2026-03-07 01:02:46 [INFO]: GET /js/admin.js ::1 
2026-03-07 01:02:47 [INFO]: GET /admin/logs ::1 
2026-03-07 01:02:47 [INFO]: GET /css/adminStyle.css ::1 
2026-03-07 01:02:47 [INFO]: GET /logs ::1 
2026-03-07 01:02:52 [INFO]: GET /admin/logs/files?type=info ::1 
2026-03-07 01:02:53 [INFO]: GET /admin/logs/view?type=info&file=info-06-03-2026.log ::1 
2026-03-07 01:02:54 [INFO]: GET /admin/logs/download?type=info&file=info-06-03-2026.log ::1 
2026-03-07 01:02:58 [INFO]: GET /css/adminStyle.css ::1 
2026-03-07 01:02:58 [INFO]: GET /.well-known/appspecific/com.chrome.devtools.json ::1 
2026-03-07 01:04:57 [INFO]: GET /admin/logs ::1 
2026-03-07 01:04:57 [INFO]: GET /css/adminStyle.css ::1 
2026-03-07 01:04:57 [INFO]: GET /logs ::1 
2026-03-07 01:05:05 [INFO]: GET /css/adminStyle.css ::1 
2026-03-07 01:05:05 [INFO]: GET /.well-known/appspecific/com.chrome.devtools.json ::1 
2026-03-07 01:05:13 [INFO]: GET /admin/logs ::1 
2026-03-07 01:05:13 [INFO]: GET /css/adminStyle.css ::1 
2026-03-07 01:05:13 [INFO]: GET /logs ::1 
2026-03-07 01:05:14 [INFO]: GET /admin/live-logs ::1 
2026-03-07 01:05:16 [INFO]: GET /admin/logs ::1 
2026-03-07 01:05:16 [INFO]: GET /logs ::1 
2026-03-07 01:05:18 [INFO]: GET /admin/logs ::1 
2026-03-07 01:05:18 [INFO]: GET /css/adminStyle.css ::1 
2026-03-07 01:05:18 [INFO]: GET /logs ::1 
2026-03-07 01:05:28 [INFO]: GET /admin/logs/files?type=info ::1 
2026-03-07 01:05:29 [INFO]: GET /admin/logs/view?type=info&file=info-06-03-2026.log ::1 
2026-03-07 01:05:35 [INFO]: GET /admin/exams ::1 
2026-03-07 01:05:35 [INFO]: GET /css/adminStyle.css ::1 
2026-03-07 01:05:36 [INFO]: GET /admin/units ::1 
2026-03-07 01:05:36 [INFO]: GET /css/adminStyle.css ::1 
2026-03-07 01:05:37 [INFO]: GET /admin/subjects ::1 
2026-03-07 01:05:37 [INFO]: GET /css/adminStyle.css ::1 
2026-03-07 01:05:39 [INFO]: GET /admin/logs ::1 
2026-03-07 01:05:39 [INFO]: GET /css/adminStyle.css ::1 
2026-03-07 01:05:39 [INFO]: GET /logs ::1 
2026-03-07 01:05:42 [INFO]: GET /admin/logs/files?type=info ::1 
2026-03-07 01:05:44 [INFO]: GET /admin/logs/view?type=info&file=info-07-03-2026.log ::1 
2026-03-07 01:05:55 [INFO]: GET /admin/logs/files?type=combined ::1 
2026-03-07 01:05:56 [INFO]: GET /admin/logs/view?type=combined&file=combined-07-03-2026.log ::1 
2026-03-07 01:06:19 [INFO]: GET /admin ::1 
2026-03-07 01:06:19 [INFO]: GET /css/adminStyle.css ::1 
2026-03-07 01:06:19 [INFO]: GET /js/admin.js ::1 
2026-03-07 01:06:23 [INFO]: GET / ::1 
2026-03-07 01:06:23 [INFO]: GET /css/desktopStyle.css ::1 
2026-03-07 01:06:23 [INFO]: GET /images/biobrain-logo1.png ::1 
2026-03-07 01:06:23 [INFO]: GET /js/navibar.js ::1 
2026-03-07 01:06:23 [INFO]: GET /images/dna-pattern.png ::1 
2026-03-07 01:06:23 [INFO]: GET /images/molucule-structure.png ::1 
2026-03-07 01:06:25 [INFO]: GET /admin ::1 
2026-03-07 01:06:25 [INFO]: GET /css/adminStyle.css ::1 
2026-03-07 01:06:25 [INFO]: GET /js/admin.js ::1 
2026-03-07 01:06:26 [INFO]: GET /admin/logs ::1 
2026-03-07 01:06:27 [INFO]: GET /css/adminStyle.css ::1 
2026-03-07 01:06:27 [INFO]: GET /logs ::1 
2026-03-07 01:06:29 [INFO]: GET /admin/logs/files?type=info ::1 
2026-03-07 01:06:30 [INFO]: GET /admin/logs/view?type=info&file=info-06-03-2026.log ::1 
2026-03-07 01:07:13 [INFO]: GET /admin/logs/files?type=error ::1 
2026-03-07 01:07:15 [INFO]: GET /admin/logs/view?type=error&file=error-06-03-2026.log ::1 
2026-03-07 01:07:21 [INFO]: GET /.well-known/appspecific/com.chrome.devtools.json ::1 
2026-03-07 01:07:21 [INFO]: GET /css/adminStyle.css ::1 
2026-03-07 01:10:31 [INFO]: 🚀 Server running on port 3000 
2026-03-07 01:10:31 [INFO]: ✅ Connected to MongoDB 
2026-03-07 01:10:31 [INFO]: 🔥  Forced seeding enabled. 
2026-03-07 01:10:31 [INFO]: ⚠ Clearing old Questions... 
2026-03-07 01:10:31 [INFO]: ⚠ Clearing old Topics... 
2026-03-07 01:10:31 [INFO]: ⚠ Clearing old Units... 
2026-03-07 01:10:31 [INFO]: ⚠ Clearing old Subjects... 
2026-03-07 01:10:31 [INFO]: ⚠ Clearing old Exams... 
2026-03-07 01:10:31 [INFO]: ⚠ Clearing old Payments... 
2026-03-07 01:10:31 [INFO]: ⚡ Seeding database... 
2026-03-07 01:10:31 [INFO]: 🔥 Exam seeded: 4 successfully! 
2026-03-07 01:10:31 [INFO]: 🔥 Subject seeded: 4 successfully! 
2026-03-07 01:10:31 [INFO]: 🔥 Unit seeded: 11 successfully! 
2026-03-07 01:10:31 [INFO]: 🔥 Topics seeded: 49 successfully! 
2026-03-07 01:10:31 [INFO]: 🔥 Questions seeded: 200 successfully! 
2026-03-07 01:10:31 [INFO]: ✅ All data seeded successfully! 
2026-03-07 01:10:38 [INFO]: GET / ::1 
2026-03-07 01:10:38 [INFO]: GET /css/desktopStyle.css ::1 
2026-03-07 01:10:38 [INFO]: GET /images/biobrain-logo1.png ::1 
2026-03-07 01:10:38 [INFO]: GET /js/navibar.js ::1 
2026-03-07 01:10:38 [INFO]: GET /images/dna-pattern.png ::1 
2026-03-07 01:10:38 [INFO]: GET /images/molucule-structure.png ::1 
2026-03-07 01:10:39 [INFO]: GET /admin ::1 
2026-03-07 01:10:39 [INFO]: GET /css/adminStyle.css ::1 
2026-03-07 01:10:39 [INFO]: GET /js/admin.js ::1 
2026-03-07 01:10:40 [INFO]: GET /admin/logs ::1 
2026-03-07 01:10:41 [INFO]: GET /css/adminStyle.css ::1 
2026-03-07 01:10:44 [INFO]: GET /css/adminStyle.css ::1 
2026-03-07 01:10:44 [INFO]: GET /.well-known/appspecific/com.chrome.devtools.json ::1 
2026-03-07 01:11:01 [INFO]: GET / ::1 
2026-03-07 01:11:01 [INFO]: GET /css/desktopStyle.css ::1 
2026-03-07 01:11:01 [INFO]: GET /images/biobrain-logo1.png ::1 
2026-03-07 01:11:01 [INFO]: GET /js/navibar.js ::1 
2026-03-07 01:11:01 [INFO]: GET /images/dna-pattern.png ::1 
2026-03-07 01:11:01 [INFO]: GET /images/molucule-structure.png ::1 
2026-03-07 01:11:11 [INFO]: GET / ::1 
2026-03-07 01:11:11 [INFO]: GET /css/desktopStyle.css ::1 
2026-03-07 01:11:11 [INFO]: GET /images/biobrain-logo1.png ::1 
2026-03-07 01:11:11 [INFO]: GET /js/navibar.js ::1 
2026-03-07 01:11:12 [INFO]: GET /quiz/prepare/E4/S1 ::1 
2026-03-07 01:11:12 [INFO]: GET /css/desktopStyle.css ::1 
2026-03-07 01:11:12 [INFO]: GET /images/biobrain-logo1.png ::1 
2026-03-07 01:11:12 [INFO]: GET /js/navibar.js ::1 
2026-03-07 01:11:13 [INFO]: GET /units/E4/S1 ::1 
2026-03-07 01:11:14 [INFO]: GET /quiz/prepare/E4/S1?page=2 ::1 
2026-03-07 01:11:14 [INFO]: GET /css/desktopStyle.css ::1 
2026-03-07 01:11:14 [INFO]: GET /images/biobrain-logo1.png ::1 
2026-03-07 01:11:14 [INFO]: GET /js/navibar.js ::1 
2026-03-07 01:11:14 [INFO]: GET /units/E4/S1 ::1 
2026-03-07 01:11:20 [INFO]: GET /admin/logs/files?type=info ::1 
2026-03-07 01:11:25 [INFO]: GET /admin/logs/view?type=info&file=info-07-03-2026.log ::1 
2026-03-07 01:12:01 [INFO]: GET /admin/logs/files?type=combined ::1 
2026-03-07 01:12:02 [INFO]: GET /admin/logs/view?type=combined&file=combined-07-03-2026.log ::1 
2026-03-07 01:12:11 [INFO]: GET /.well-known/appspecific/com.chrome.devtools.json ::1 
2026-03-07 01:12:20 [INFO]: GET /admin/exams ::1 
2026-03-07 01:12:20 [INFO]: GET /css/adminStyle.css ::1 
2026-03-07 01:12:21 [INFO]: GET /admin ::1 
2026-03-07 01:12:21 [INFO]: GET /css/adminStyle.css ::1 
2026-03-07 01:12:21 [INFO]: GET /js/admin.js ::1 
2026-03-07 01:12:22 [INFO]: GET /admin/exams ::1 
2026-03-07 01:12:22 [INFO]: GET /css/adminStyle.css ::1 
2026-03-07 01:12:22 [INFO]: GET /admin/subjects ::1 
2026-03-07 01:12:23 [INFO]: GET /css/adminStyle.css ::1 
2026-03-07 01:12:23 [INFO]: GET /admin/units ::1 
2026-03-07 01:12:23 [INFO]: GET /css/adminStyle.css ::1 
2026-03-07 01:12:23 [INFO]: GET /admin/topics ::1 
2026-03-07 01:12:25 [INFO]: GET / ::1 
2026-03-07 01:12:25 [INFO]: GET /css/desktopStyle.css ::1 
2026-03-07 01:12:25 [INFO]: GET /images/biobrain-logo1.png ::1 
2026-03-07 01:12:25 [INFO]: GET /js/navibar.js ::1 
2026-03-07 01:12:25 [INFO]: GET /images/dna-pattern.png ::1 
2026-03-07 01:12:25 [INFO]: GET /images/molucule-structure.png ::1 
2026-03-07 01:12:27 [INFO]: GET /admin ::1 
2026-03-07 01:12:27 [INFO]: GET /css/adminStyle.css ::1 
2026-03-07 01:12:27 [INFO]: GET /js/admin.js ::1 
2026-03-07 01:12:30 [INFO]: GET / ::1 
2026-03-07 01:12:31 [INFO]: GET /css/desktopStyle.css ::1 
2026-03-07 01:12:31 [INFO]: GET /images/biobrain-logo1.png ::1 
2026-03-07 01:12:31 [INFO]: GET /js/navibar.js ::1 
2026-03-07 01:12:35 [INFO]: GET /quiz/prepare/E4/S1 ::1 
2026-03-07 01:12:35 [INFO]: GET /css/desktopStyle.css ::1 
2026-03-07 01:12:35 [INFO]: GET /images/biobrain-logo1.png ::1 
2026-03-07 01:12:35 [INFO]: GET /js/navibar.js ::1 
2026-03-07 01:12:35 [INFO]: GET /units/E4/S1 ::1 
2026-03-07 01:12:38 [INFO]: GET /topics/E4/S1/U1 ::1 
2026-03-07 01:12:42 [INFO]: POST /quiz/createorder ::1 
2026-03-07 01:12:42 [INFO]: GET /css/desktopStyle.css ::1 
2026-03-07 01:12:48 [INFO]: POST /quiz/submit ::1 
2026-03-07 01:12:50 [INFO]: GET / ::1 
2026-03-07 01:12:51 [INFO]: GET /css/desktopStyle.css ::1 
2026-03-07 01:12:51 [INFO]: GET /images/biobrain-logo1.png ::1 
2026-03-07 01:12:51 [INFO]: GET /js/navibar.js ::1 
2026-03-07 01:13:26 [INFO]: GET /admin ::1 
2026-03-07 01:13:26 [INFO]: GET /css/adminStyle.css ::1 
2026-03-07 01:13:26 [INFO]: GET /js/admin.js ::1 
2026-03-07 01:13:27 [INFO]: GET / ::1 
2026-03-07 01:13:27 [INFO]: GET /css/desktopStyle.css ::1 
2026-03-07 01:13:27 [INFO]: GET /images/biobrain-logo1.png ::1 
2026-03-07 01:13:27 [INFO]: GET /js/navibar.js ::1 
2026-03-07 01:13:27 [INFO]: GET /images/dna-pattern.png ::1 
2026-03-07 01:13:27 [INFO]: GET /images/molucule-structure.png ::1 
2026-03-07 01:13:34 [INFO]: GET /admin ::1 
2026-03-07 01:13:34 [INFO]: GET /css/adminStyle.css ::1 
2026-03-07 01:13:34 [INFO]: GET /js/admin.js ::1 
2026-03-07 01:13:36 [INFO]: GET /admin/logs ::1 
2026-03-07 01:13:36 [INFO]: GET /css/adminStyle.css ::1 
2026-03-07 01:13:38 [INFO]: GET /admin/logs/files?type=info ::1 
2026-03-07 01:13:39 [INFO]: GET /admin/logs/view?type=info&file=info-06-03-2026.log ::1 
2026-03-07 01:14:36 [INFO]: 🚀 Server running on port 3000 
2026-03-07 01:14:36 [INFO]: ✅ Connected to MongoDB 
2026-03-07 01:14:36 [INFO]: 🔥  Forced seeding enabled. 
2026-03-07 01:14:36 [INFO]: ⚠ Clearing old Questions... 
2026-03-07 01:14:36 [INFO]: ⚠ Clearing old Topics... 
2026-03-07 01:14:36 [INFO]: ⚠ Clearing old Units... 
2026-03-07 01:14:36 [INFO]: ⚠ Clearing old Subjects... 
2026-03-07 01:14:36 [INFO]: ⚠ Clearing old Exams... 
2026-03-07 01:14:36 [INFO]: ⚠ Clearing old Payments... 
2026-03-07 01:14:36 [INFO]: ⚡ Seeding database... 
2026-03-07 01:14:36 [INFO]: 🔥 Exam seeded: 4 successfully! 
2026-03-07 01:14:36 [INFO]: 🔥 Subject seeded: 4 successfully! 
2026-03-07 01:14:36 [INFO]: 🔥 Unit seeded: 11 successfully! 
2026-03-07 01:14:36 [INFO]: 🔥 Topics seeded: 49 successfully! 
2026-03-07 01:14:36 [INFO]: 🔥 Questions seeded: 200 successfully! 
2026-03-07 01:14:36 [INFO]: ✅ All data seeded successfully! 
2026-03-07 01:14:42 [INFO]: GET / ::1 
2026-03-07 01:14:43 [INFO]: GET /css/desktopStyle.css ::1 
2026-03-07 01:14:43 [INFO]: GET /images/biobrain-logo1.png ::1 
2026-03-07 01:14:43 [INFO]: GET /js/navibar.js ::1 
2026-03-07 01:14:43 [INFO]: GET /images/dna-pattern.png ::1 
2026-03-07 01:14:43 [INFO]: GET /images/molucule-structure.png ::1 
2026-03-07 01:14:45 [INFO]: GET / ::1 
2026-03-07 01:14:45 [INFO]: GET /css/desktopStyle.css ::1 
2026-03-07 01:14:45 [INFO]: GET /images/biobrain-logo1.png ::1 
2026-03-07 01:14:45 [INFO]: GET /js/navibar.js ::1 
2026-03-07 01:14:46 [INFO]: GET /images/dna-pattern.png ::1 
2026-03-07 01:14:46 [INFO]: GET /images/molucule-structure.png ::1 
2026-03-07 01:14:48 [INFO]: GET /quiz/prepare/E4/S1 ::1 
2026-03-07 01:14:48 [INFO]: GET /css/desktopStyle.css ::1 
2026-03-07 01:14:48 [INFO]: GET /images/biobrain-logo1.png ::1 
2026-03-07 01:14:48 [INFO]: GET /js/navibar.js ::1 
2026-03-07 01:14:48 [INFO]: GET /images/molucule-structure.png ::1 
2026-03-07 01:14:48 [INFO]: GET /units/E4/S1 ::1 
2026-03-07 01:14:49 [INFO]: GET /admin ::1 
2026-03-07 01:14:49 [INFO]: GET /css/adminStyle.css ::1 
2026-03-07 01:14:49 [INFO]: GET /js/admin.js ::1 
2026-03-07 01:14:52 [INFO]: GET /admin/logs ::1 
2026-03-07 01:14:52 [INFO]: GET /css/adminStyle.css ::1 
2026-03-07 01:14:57 [INFO]: GET /admin/exams ::1 
2026-03-07 01:14:57 [INFO]: GET /css/adminStyle.css ::1 
2026-03-07 01:14:58 [INFO]: GET /admin/subjects ::1 
2026-03-07 01:14:58 [INFO]: GET /css/adminStyle.css ::1 
2026-03-07 01:14:58 [INFO]: GET /admin/units ::1 
2026-03-07 01:14:58 [INFO]: GET /css/adminStyle.css ::1 
2026-03-07 01:15:09 [INFO]: GET /admin/topics ::1 
2026-03-07 01:15:46 [INFO]: 🚀 Server running on port 3000 
2026-03-07 01:15:46 [INFO]: ✅ Connected to MongoDB 
2026-03-07 01:15:46 [INFO]: 🔥  Forced seeding enabled. 
2026-03-07 01:15:46 [INFO]: ⚠ Clearing old Questions... 
2026-03-07 01:15:46 [INFO]: ⚠ Clearing old Topics... 
2026-03-07 01:15:46 [INFO]: ⚠ Clearing old Units... 
2026-03-07 01:15:46 [INFO]: ⚠ Clearing old Subjects... 
2026-03-07 01:15:46 [INFO]: ⚠ Clearing old Exams... 
2026-03-07 01:15:46 [INFO]: ⚠ Clearing old Payments... 
2026-03-07 01:15:46 [INFO]: ⚡ Seeding database... 
2026-03-07 01:15:46 [INFO]: 🔥 Exam seeded: 4 successfully! 
2026-03-07 01:15:46 [INFO]: 🔥 Subject seeded: 4 successfully! 
2026-03-07 01:15:46 [INFO]: 🔥 Unit seeded: 11 successfully! 
2026-03-07 01:15:46 [INFO]: 🔥 Topics seeded: 49 successfully! 
2026-03-07 01:15:46 [INFO]: 🔥 Questions seeded: 200 successfully! 
2026-03-07 01:15:46 [INFO]: ✅ All data seeded successfully! 
2026-03-07 01:15:47 [INFO]: GET / ::1 
2026-03-07 01:15:47 [INFO]: GET /css/desktopStyle.css ::1 
2026-03-07 01:15:47 [INFO]: GET /images/biobrain-logo1.png ::1 
2026-03-07 01:15:47 [INFO]: GET /js/navibar.js ::1 
2026-03-07 01:15:47 [INFO]: GET /images/dna-pattern.png ::1 
2026-03-07 01:15:49 [INFO]: GET /admin ::1 
2026-03-07 01:15:49 [INFO]: GET /css/adminStyle.css ::1 
2026-03-07 01:15:49 [INFO]: GET /js/admin.js ::1 
2026-03-07 01:15:54 [INFO]: GET /admin/subjects ::1 
2026-03-07 01:15:54 [INFO]: GET /css/adminStyle.css ::1 
2026-03-07 01:15:55 [INFO]: GET /admin/exams ::1 
2026-03-07 01:15:55 [INFO]: GET /css/adminStyle.css ::1 
2026-03-07 01:15:56 [INFO]: GET /admin/units ::1 
2026-03-07 01:15:56 [INFO]: GET /css/adminStyle.css ::1 
2026-03-07 01:15:59 [INFO]: GET /admin/logs ::1 
2026-03-07 01:15:59 [INFO]: GET /css/adminStyle.css ::1 
2026-03-07 01:16:01 [INFO]: GET /admin/logs/files?type=info ::1 
2026-03-07 01:16:02 [INFO]: GET /admin/logs/view?type=info&file=info-06-03-2026.log ::1 
2026-03-07 01:16:19 [INFO]: GET /admin ::1 
2026-03-07 01:16:19 [INFO]: GET /css/adminStyle.css ::1 
2026-03-07 01:16:19 [INFO]: GET /js/admin.js ::1 
2026-03-07 16:41:37 [INFO]: 🚀 Server running on port 3000 
2026-03-07 16:41:37 [INFO]: ✅ Connected to MongoDB 
2026-03-07 16:41:37 [INFO]: 🔥  Forced seeding enabled. 
2026-03-07 16:41:37 [INFO]: ⚠ Clearing old Questions... 
2026-03-07 16:41:37 [INFO]: ⚠ Clearing old Topics... 
2026-03-07 16:41:37 [INFO]: ⚠ Clearing old Units... 
2026-03-07 16:41:37 [INFO]: ⚠ Clearing old Subjects... 
2026-03-07 16:41:37 [INFO]: ⚠ Clearing old Exams... 
2026-03-07 16:41:37 [INFO]: ⚠ Clearing old Payments... 
2026-03-07 16:41:37 [INFO]: ⚡ Seeding database... 
2026-03-07 16:41:37 [INFO]: 🔥 Exam seeded: 4 successfully! 
2026-03-07 16:41:37 [INFO]: 🔥 Subject seeded: 4 successfully! 
2026-03-07 16:41:37 [INFO]: 🔥 Unit seeded: 11 successfully! 
2026-03-07 16:41:37 [INFO]: 🔥 Topics seeded: 49 successfully! 
2026-03-07 16:41:37 [INFO]: 🔥 Questions seeded: 200 successfully! 
2026-03-07 16:41:37 [INFO]: ✅ All data seeded successfully! 
2026-03-07 16:44:32 [INFO]: GET / ::1 
2026-03-07 16:44:32 [INFO]: GET /css/desktopStyle.css ::1 
2026-03-07 16:44:32 [INFO]: GET /images/biobrain-logo1.png ::1 
2026-03-07 16:44:32 [INFO]: GET /js/navibar.js ::1 
2026-03-07 16:44:32 [INFO]: GET /images/dna-pattern.png ::1 
2026-03-07 16:44:32 [INFO]: GET /images/molucule-structure.png ::1 
2026-03-07 16:44:33 [INFO]: GET /favicon.ico ::1 
2026-03-07 16:44:33 [INFO]: GET /admin ::1 
2026-03-07 16:44:33 [INFO]: GET /login ::1 
2026-03-07 16:44:33 [INFO]: GET /css/desktopStyle.css ::1 
2026-03-07 16:44:33 [INFO]: GET /images/biobrain-logo1.png ::1 
2026-03-07 16:44:33 [INFO]: GET /js/navibar.js ::1 
2026-03-07 16:44:45 [INFO]: POST /login ::1 
2026-03-07 16:44:46 [INFO]: GET /admin ::1 
2026-03-07 16:44:46 [INFO]: GET /css/adminStyle.css ::1 
2026-03-07 16:44:46 [INFO]: GET /js/admin.js ::1 
2026-03-07 16:44:49 [INFO]: GET /admin/logs ::1 
2026-03-07 16:44:49 [INFO]: GET /css/adminStyle.css ::1 
2026-03-07 16:44:51 [INFO]: GET /admin/logs/files?type=info ::1 
2026-03-07 16:44:53 [INFO]: GET /admin/logs/view?type=info&file=info-07-03-2026.log ::1 
2026-03-07 16:44:58 [INFO]: GET /admin/logs/files?type=error ::1 
2026-03-07 16:45:00 [INFO]: GET /admin/logs/view?type=error&file=error-06-03-2026.log ::1 
2026-03-07 16:45:01 [INFO]: GET /admin/logs/view?type=error&file=error-07-03-2026.log ::1 
2026-03-07 16:45:03 [INFO]: GET /admin/logs/files?type= ::1 
2026-03-07 16:45:07 [INFO]: GET /admin/subjects ::1 
2026-03-07 16:45:07 [INFO]: GET /css/adminStyle.css ::1 
2026-03-07 16:45:18 [INFO]: GET /admin/units ::1 
2026-03-07 16:45:18 [INFO]: GET /css/adminStyle.css ::1 
2026-03-07 16:45:52 [INFO]: GET /admin/subjects ::1 
2026-03-07 16:45:53 [INFO]: GET /css/adminStyle.css ::1 
2026-03-07 16:46:09 [INFO]: GET /admin/units ::1 
2026-03-07 16:46:09 [INFO]: GET /css/adminStyle.css ::1 
2026-03-07 16:46:14 [INFO]: POST /admin/backup ::1 
2026-03-07 16:46:14 [INFO]: ✅ Database exported to JSON files 
2026-03-07 16:46:16 [INFO]: GET /admin/subjects ::1 
2026-03-07 16:46:16 [INFO]: GET /css/adminStyle.css ::1 
2026-03-07 16:46:19 [INFO]: GET /admin/logs ::1 
2026-03-07 16:46:19 [INFO]: GET /css/adminStyle.css ::1 
2026-03-07 16:46:26 [INFO]: GET /css/adminStyle.css ::1 
2026-03-07 16:46:26 [INFO]: GET /.well-known/appspecific/com.chrome.devtools.json ::1 
2026-03-07 16:46:31 [INFO]: GET /admin/exams ::1 
2026-03-07 16:46:31 [INFO]: GET /css/adminStyle.css ::1 
2026-03-07 16:46:32 [INFO]: GET /admin/subjects ::1 
2026-03-07 16:46:32 [INFO]: GET /css/adminStyle.css ::1 
2026-03-07 16:46:33 [INFO]: GET /admin/units ::1 
2026-03-07 16:46:33 [INFO]: GET /css/adminStyle.css ::1 
2026-03-07 16:46:35 [INFO]: GET /admin/exams ::1 
2026-03-07 16:46:35 [INFO]: GET /css/adminStyle.css ::1 
2026-03-07 16:46:36 [INFO]: GET /admin/subjects ::1 
2026-03-07 16:46:36 [INFO]: GET /css/adminStyle.css ::1 
2026-03-07 17:01:32 [INFO]: 🚀 Server running on port 3000 
2026-03-07 17:01:32 [INFO]: ✅ Connected to MongoDB 
2026-03-07 17:01:32 [INFO]: 🔥  Forced seeding enabled. 
2026-03-07 17:01:32 [INFO]: ⚠ Clearing old Questions... 
2026-03-07 17:01:32 [INFO]: ⚠ Clearing old Topics... 
2026-03-07 17:01:32 [INFO]: ⚠ Clearing old Units... 
2026-03-07 17:01:32 [INFO]: ⚠ Clearing old Subjects... 
2026-03-07 17:01:32 [INFO]: ⚠ Clearing old Exams... 
2026-03-07 17:01:32 [INFO]: ⚠ Clearing old Payments... 
2026-03-07 17:01:32 [INFO]: ⚡ Seeding database... 
2026-03-07 17:01:32 [INFO]: 🔥 Exam seeded: 4 successfully! 
2026-03-07 17:01:32 [INFO]: 🔥 Subject seeded: 4 successfully! 
2026-03-07 17:01:32 [INFO]: 🔥 Unit seeded: 11 successfully! 
2026-03-07 17:01:32 [INFO]: 🔥 Topics seeded: 49 successfully! 
2026-03-07 17:01:32 [INFO]: 🔥 Questions seeded: 200 successfully! 
2026-03-07 17:01:32 [INFO]: ✅ All data seeded successfully! 
2026-03-07 17:01:36 [INFO]: GET / ::1 
2026-03-07 17:01:36 [INFO]: GET /css/desktopStyle.css ::1 
2026-03-07 17:01:36 [INFO]: GET /images/biobrain-logo1.png ::1 
2026-03-07 17:01:36 [INFO]: GET /js/navibar.js ::1 
2026-03-07 17:01:36 [INFO]: GET /images/dna-pattern.png ::1 
2026-03-07 17:01:36 [INFO]: GET /images/molucule-structure.png ::1 
2026-03-07 17:01:38 [INFO]: GET /admin ::1 
2026-03-07 17:01:38 [INFO]: GET /css/adminStyle.css ::1 
2026-03-07 17:01:38 [INFO]: GET /js/admin.js ::1 
2026-03-07 17:01:40 [INFO]: GET /admin/units ::1 
2026-03-07 17:01:40 [INFO]: GET /css/adminStyle.css ::1 
2026-03-07 17:02:12 [INFO]: DELETE /admin/units/69ac0c94e93f891ad2474f76 ::1 
2026-03-07 17:02:37 [INFO]: GET /admin ::1 
2026-03-07 17:02:38 [INFO]: GET /css/adminStyle.css ::1 
2026-03-07 17:02:38 [INFO]: GET /js/admin.js ::1 
2026-03-07 17:02:48 [INFO]: POST /admin/reset/factory ::1 
2026-03-07 17:02:48 [INFO]: 🔥  Forced seeding enabled. 
2026-03-07 17:02:48 [INFO]: ⚠ Clearing old Questions... 
2026-03-07 17:02:48 [INFO]: ⚠ Clearing old Topics... 
2026-03-07 17:02:48 [INFO]: ⚠ Clearing old Units... 
2026-03-07 17:02:48 [INFO]: ⚠ Clearing old Subjects... 
2026-03-07 17:02:48 [INFO]: ⚠ Clearing old Exams... 
2026-03-07 17:02:48 [INFO]: ⚠ Clearing old Payments... 
2026-03-07 17:02:48 [INFO]: ⚡ Seeding database... 
2026-03-07 17:02:48 [INFO]: 🔥 Exam seeded: 4 successfully! 
2026-03-07 17:02:48 [INFO]: 🔥 Subject seeded: 4 successfully! 
2026-03-07 17:02:48 [INFO]: 🔥 Unit seeded: 11 successfully! 
2026-03-07 17:02:48 [INFO]: 🔥 Topics seeded: 49 successfully! 
2026-03-07 17:02:48 [INFO]: 🔥 Questions seeded: 200 successfully! 
2026-03-07 17:02:48 [INFO]: ✅ All data seeded successfully! 
2026-03-07 17:02:50 [INFO]: GET /admin ::1 
2026-03-07 17:02:50 [INFO]: GET /css/adminStyle.css ::1 
2026-03-07 17:02:50 [INFO]: GET /js/admin.js ::1 
2026-03-07 17:02:55 [INFO]: GET /admin ::1 
2026-03-07 17:02:56 [INFO]: GET /css/adminStyle.css ::1 
2026-03-07 17:02:56 [INFO]: GET /js/admin.js ::1 
2026-03-07 17:02:58 [INFO]: GET /admin/exams ::1 
2026-03-07 17:02:58 [INFO]: GET /css/adminStyle.css ::1 
2026-03-07 17:03:02 [INFO]: GET /admin/units ::1 
2026-03-07 17:03:02 [INFO]: GET /css/adminStyle.css ::1 
2026-03-07 17:03:59 [INFO]: GET /admin/units ::1 
2026-03-07 17:04:00 [INFO]: GET /css/adminStyle.css ::1 
2026-03-07 17:04:10 [INFO]: GET /admin ::1 
2026-03-07 17:04:10 [INFO]: GET /css/adminStyle.css ::1 
2026-03-07 17:04:10 [INFO]: GET /js/admin.js ::1 
2026-03-07 17:04:13 [INFO]: GET /admin/exams ::1 
2026-03-07 17:04:13 [INFO]: GET /css/adminStyle.css ::1 
2026-03-07 17:04:15 [INFO]: GET /admin/units ::1 
2026-03-07 17:04:15 [INFO]: GET /css/adminStyle.css ::1 
2026-03-07 17:04:29 [INFO]: GET /admin/subjects ::1 
2026-03-07 17:04:29 [INFO]: GET /css/adminStyle.css ::1 
2026-03-07 17:04:33 [INFO]: GET /admin/exams ::1 
2026-03-07 17:04:33 [INFO]: GET /css/adminStyle.css ::1 
2026-03-07 17:04:44 [INFO]: GET /admin/subjects ::1 
2026-03-07 17:04:44 [INFO]: GET /css/adminStyle.css ::1 
2026-03-07 17:04:49 [INFO]: GET /admin ::1 
2026-03-07 17:04:49 [INFO]: GET /css/adminStyle.css ::1 
2026-03-07 17:04:49 [INFO]: GET /js/admin.js ::1 
2026-03-07 17:04:50 [INFO]: GET /admin/exams ::1 
2026-03-07 17:04:50 [INFO]: GET /css/adminStyle.css ::1 
2026-03-07 17:05:05 [INFO]: GET /admin/subjects ::1 
2026-03-07 17:05:05 [INFO]: GET /css/adminStyle.css ::1 
2026-03-07 17:05:12 [INFO]: GET /admin/units ::1 
2026-03-07 17:05:12 [INFO]: GET /css/adminStyle.css ::1 
2026-03-07 18:54:24 [INFO]: 🚀 Server running on port 3000 
2026-03-07 18:54:24 [INFO]: ✅ Connected to MongoDB 
2026-03-07 18:54:24 [INFO]: 🔥  Forced seeding enabled. 
2026-03-07 18:54:24 [INFO]: ⚠ Clearing old Questions... 
2026-03-07 18:54:24 [INFO]: ⚠ Clearing old Topics... 
2026-03-07 18:54:24 [INFO]: ⚠ Clearing old Units... 
2026-03-07 18:54:24 [INFO]: ⚠ Clearing old Subjects... 
2026-03-07 18:54:24 [INFO]: ⚠ Clearing old Exams... 
2026-03-07 18:54:24 [INFO]: ⚠ Clearing old Payments... 
2026-03-07 18:54:24 [INFO]: ⚡ Seeding database... 
2026-03-07 18:54:24 [INFO]: 🔥 Exam seeded: 4 successfully! 
2026-03-07 18:54:24 [INFO]: 🔥 Subject seeded: 4 successfully! 
2026-03-07 18:54:24 [INFO]: 🔥 Unit seeded: 11 successfully! 
2026-03-07 18:54:25 [INFO]: 🔥 Topics seeded: 49 successfully! 
2026-03-07 18:54:25 [INFO]: 🔥 Questions seeded: 200 successfully! 
2026-03-07 18:54:25 [INFO]: ✅ All data seeded successfully! 
2026-03-07 18:55:04 [INFO]: 🚀 Server running on port 3000 
2026-03-07 18:55:05 [INFO]: ✅ Connected to MongoDB 
2026-03-07 18:55:05 [INFO]: 🔥  Forced seeding enabled. 
2026-03-07 18:55:05 [INFO]: ⚠ Clearing old Questions... 
2026-03-07 18:55:05 [INFO]: ⚠ Clearing old Topics... 
2026-03-07 18:55:05 [INFO]: ⚠ Clearing old Units... 
2026-03-07 18:55:05 [INFO]: ⚠ Clearing old Subjects... 
2026-03-07 18:55:05 [INFO]: ⚠ Clearing old Exams... 
2026-03-07 18:55:05 [INFO]: ⚠ Clearing old Payments... 
2026-03-07 18:55:05 [INFO]: ⚡ Seeding database... 
2026-03-07 18:55:05 [INFO]: 🔥 Exam seeded: 4 successfully! 
2026-03-07 18:55:05 [INFO]: 🔥 Subject seeded: 4 successfully! 
2026-03-07 18:55:05 [INFO]: 🔥 Unit seeded: 11 successfully! 
2026-03-07 18:55:05 [INFO]: 🔥 Topics seeded: 49 successfully! 
2026-03-07 18:55:05 [INFO]: 🔥 Questions seeded: 200 successfully! 
2026-03-07 18:55:05 [INFO]: ✅ All data seeded successfully! 
2026-03-07 18:55:33 [INFO]: 🚀 Server running on port 3000 
2026-03-07 18:55:33 [INFO]: ✅ Connected to MongoDB 
2026-03-07 18:55:33 [INFO]: 🔥  Forced seeding enabled. 
2026-03-07 18:55:33 [INFO]: ⚠ Clearing old Questions... 
2026-03-07 18:55:33 [INFO]: ⚠ Clearing old Topics... 
2026-03-07 18:55:33 [INFO]: ⚠ Clearing old Units... 
2026-03-07 18:55:33 [INFO]: ⚠ Clearing old Subjects... 
2026-03-07 18:55:33 [INFO]: ⚠ Clearing old Exams... 
2026-03-07 18:55:33 [INFO]: ⚠ Clearing old Payments... 
2026-03-07 18:55:33 [INFO]: ⚡ Seeding database... 
2026-03-07 18:55:33 [INFO]: 🔥 Exam seeded: 4 successfully! 
2026-03-07 18:55:33 [INFO]: 🔥 Subject seeded: 4 successfully! 
2026-03-07 18:55:33 [INFO]: 🔥 Unit seeded: 11 successfully! 
2026-03-07 18:55:33 [INFO]: 🔥 Topics seeded: 49 successfully! 
2026-03-07 18:55:33 [INFO]: 🔥 Questions seeded: 200 successfully! 
2026-03-07 18:55:33 [INFO]: ✅ All data seeded successfully! 
2026-03-07 18:56:18 [INFO]: 🚀 Server running on port 3000 
2026-03-07 18:56:18 [INFO]: ✅ Connected to MongoDB 
2026-03-07 18:56:18 [INFO]: 🔥  Forced seeding enabled. 
2026-03-07 18:56:18 [INFO]: ⚠ Clearing old Questions... 
2026-03-07 18:56:18 [INFO]: ⚠ Clearing old Topics... 
2026-03-07 18:56:18 [INFO]: ⚠ Clearing old Units... 
2026-03-07 18:56:18 [INFO]: ⚠ Clearing old Subjects... 
2026-03-07 18:56:18 [INFO]: ⚠ Clearing old Exams... 
2026-03-07 18:56:18 [INFO]: ⚠ Clearing old Payments... 
2026-03-07 18:56:18 [INFO]: ⚡ Seeding database... 
2026-03-07 18:56:18 [INFO]: 🔥 Exam seeded: 4 successfully! 
2026-03-07 18:56:18 [INFO]: 🔥 Subject seeded: 4 successfully! 
2026-03-07 18:56:18 [INFO]: 🔥 Unit seeded: 11 successfully! 
2026-03-07 18:56:18 [INFO]: 🔥 Topics seeded: 49 successfully! 
2026-03-07 18:56:19 [INFO]: 🔥 Questions seeded: 200 successfully! 
2026-03-07 18:56:19 [INFO]: ✅ All data seeded successfully! 
2026-03-07 18:56:25 [INFO]: GET /admin/units ::1 
2026-03-07 18:56:25 [INFO]: GET /login ::1 
2026-03-07 18:56:25 [INFO]: GET /css/desktopStyle.css ::1 
2026-03-07 18:56:25 [INFO]: GET /images/biobrain-logo1.png ::1 
2026-03-07 18:56:25 [INFO]: GET /js/navibar.js ::1 
2026-03-07 18:56:25 [INFO]: GET / ::1 
2026-03-07 18:56:25 [INFO]: GET /css/desktopStyle.css ::1 
2026-03-07 18:56:25 [INFO]: GET /images/biobrain-logo1.png ::1 
2026-03-07 18:56:25 [INFO]: GET /js/navibar.js ::1 
2026-03-07 18:56:25 [INFO]: GET /images/dna-pattern.png ::1 
2026-03-07 18:56:25 [INFO]: GET /images/molucule-structure.png ::1 
2026-03-07 18:56:26 [INFO]: GET /favicon.ico ::1 
2026-03-07 18:56:27 [INFO]: GET /admin ::1 
2026-03-07 18:56:27 [INFO]: GET /login ::1 
2026-03-07 18:56:27 [INFO]: GET /css/desktopStyle.css ::1 
2026-03-07 18:56:27 [INFO]: GET /images/biobrain-logo1.png ::1 
2026-03-07 18:56:27 [INFO]: GET /js/navibar.js ::1 
2026-03-07 18:58:05 [INFO]: 🚀 Server running on port 3000 
2026-03-07 18:58:05 [INFO]: ✅ Connected to MongoDB 
2026-03-07 18:58:05 [INFO]: 🔥  Forced seeding enabled. 
2026-03-07 18:58:05 [INFO]: ⚠ Clearing old Questions... 
2026-03-07 18:58:05 [INFO]: ⚠ Clearing old Topics... 
2026-03-07 18:58:05 [INFO]: ⚠ Clearing old Units... 
2026-03-07 18:58:05 [INFO]: ⚠ Clearing old Subjects... 
2026-03-07 18:58:05 [INFO]: ⚠ Clearing old Exams... 
2026-03-07 18:58:05 [INFO]: ⚠ Clearing old Payments... 
2026-03-07 18:58:05 [INFO]: ⚡ Seeding database... 
2026-03-07 18:58:05 [INFO]: 🔥 Exam seeded: 4 successfully! 
2026-03-07 18:58:05 [INFO]: 🔥 Subject seeded: 4 successfully! 
2026-03-07 18:58:05 [INFO]: 🔥 Unit seeded: 11 successfully! 
2026-03-07 18:58:05 [INFO]: 🔥 Topics seeded: 49 successfully! 
2026-03-07 18:58:05 [INFO]: 🔥 Questions seeded: 200 successfully! 
2026-03-07 18:58:05 [INFO]: ✅ All data seeded successfully! 
2026-03-07 18:58:07 [INFO]: GET / ::1 
2026-03-07 18:58:07 [INFO]: GET /css/desktopStyle.css ::1 
2026-03-07 18:58:07 [INFO]: GET /images/biobrain-logo1.png ::1 
2026-03-07 18:58:07 [INFO]: GET /js/navibar.js ::1 
2026-03-07 18:58:08 [INFO]: GET /admin ::1 
2026-03-07 18:58:08 [INFO]: GET /login ::1 
2026-03-07 18:58:08 [INFO]: GET /css/desktopStyle.css ::1 
2026-03-07 18:58:08 [INFO]: GET /images/biobrain-logo1.png ::1 
2026-03-07 18:58:08 [INFO]: GET /js/navibar.js ::1 
2026-03-07 18:58:18 [INFO]: POST /login ::1 
2026-03-07 18:58:18 [INFO]: GET /admin ::1 
2026-03-07 18:58:18 [INFO]: GET /css/adminStyle.css ::1 
2026-03-07 18:58:18 [INFO]: GET /js/admin.js ::1 
2026-03-07 18:58:21 [INFO]: GET /admin/topics ::1 
2026-03-07 18:58:21 [ERROR]: Error: Failed to lookup view "`pages/${getDevice(req)}/admin/topics/topic`" in views directory "D:\Projects\BioBrainMdb\views"
    at app.render (D:\Projects\BioBrainMdb\node_modules\express\lib\application.js:562:17)
    at ServerResponse.render (D:\Projects\BioBrainMdb\node_modules\express\lib\response.js:923:7)
    at exports.list (D:\Projects\BioBrainMdb\controllers\admin\topicController.js:25:9)
    at process.processTicksAndRejections (node:internal/process/task_queues:103:5) {"error":"Failed to lookup view \"`pages/${getDevice(req)}/admin/topics/topic`\" in views directory \"D:\\Projects\\BioBrainMdb\\views\""}
2026-03-07 18:59:16 [INFO]: 🚀 Server running on port 3000 
2026-03-07 18:59:16 [INFO]: ✅ Connected to MongoDB 
2026-03-07 18:59:16 [INFO]: 🔥  Forced seeding enabled. 
2026-03-07 18:59:16 [INFO]: ⚠ Clearing old Questions... 
2026-03-07 18:59:16 [INFO]: ⚠ Clearing old Topics... 
2026-03-07 18:59:16 [INFO]: ⚠ Clearing old Units... 
2026-03-07 18:59:16 [INFO]: ⚠ Clearing old Subjects... 
2026-03-07 18:59:16 [INFO]: ⚠ Clearing old Exams... 
2026-03-07 18:59:16 [INFO]: ⚠ Clearing old Payments... 
2026-03-07 18:59:16 [INFO]: ⚡ Seeding database... 
2026-03-07 18:59:16 [INFO]: 🔥 Exam seeded: 4 successfully! 
2026-03-07 18:59:16 [INFO]: 🔥 Subject seeded: 4 successfully! 
2026-03-07 18:59:16 [INFO]: 🔥 Unit seeded: 11 successfully! 
2026-03-07 18:59:16 [INFO]: 🔥 Topics seeded: 49 successfully! 
2026-03-07 18:59:16 [INFO]: 🔥 Questions seeded: 200 successfully! 
2026-03-07 18:59:16 [INFO]: ✅ All data seeded successfully! 
2026-03-07 18:59:18 [INFO]: GET / ::1 
2026-03-07 18:59:18 [INFO]: GET /css/desktopStyle.css ::1 
2026-03-07 18:59:18 [INFO]: GET /images/biobrain-logo1.png ::1 
2026-03-07 18:59:18 [INFO]: GET /js/navibar.js ::1 
2026-03-07 18:59:19 [INFO]: GET /admin ::1 
2026-03-07 18:59:19 [INFO]: GET /css/adminStyle.css ::1 
2026-03-07 18:59:19 [INFO]: GET /js/admin.js ::1 
2026-03-07 18:59:20 [INFO]: GET /admin/topics ::1 
2026-03-07 18:59:20 [INFO]: GET /css/adminStyle.css ::1 
2026-03-07 18:59:59 [INFO]: GET /admin/topics ::1 
2026-03-07 18:59:59 [INFO]: GET /css/adminStyle.css ::1 
2026-03-07 19:01:44 [INFO]: GET /admin/topics ::1 
2026-03-07 19:01:44 [INFO]: GET /css/adminStyle.css ::1 
2026-03-07 19:01:48 [INFO]: GET /admin/topics ::1 
2026-03-07 19:01:48 [INFO]: GET /css/adminStyle.css ::1 
2026-03-07 19:02:10 [INFO]: GET /admin/units ::1 
2026-03-07 19:02:10 [INFO]: GET /css/adminStyle.css ::1 
2026-03-07 19:02:19 [INFO]: GET /css/adminStyle.css ::1 
2026-03-07 19:02:19 [INFO]: GET /.well-known/appspecific/com.chrome.devtools.json ::1 
2026-03-07 19:04:42 [INFO]: GET /admin/topics ::1 
2026-03-07 19:04:42 [INFO]: GET /css/adminStyle.css ::1 
2026-03-07 19:05:41 [INFO]: GET /css/adminStyle.css ::1 
2026-03-07 19:05:41 [INFO]: GET /.well-known/appspecific/com.chrome.devtools.json ::1 
2026-03-07 19:05:56 [INFO]: GET /.well-known/appspecific/com.chrome.devtools.json ::1 
2026-03-07 19:11:35 [INFO]: 🚀 Server running on port 3000 
2026-03-07 19:11:35 [INFO]: ✅ Connected to MongoDB 
2026-03-07 19:11:35 [INFO]: 🔥  Forced seeding enabled. 
2026-03-07 19:11:35 [INFO]: ⚠ Clearing old Questions... 
2026-03-07 19:11:35 [INFO]: ⚠ Clearing old Topics... 
2026-03-07 19:11:35 [INFO]: ⚠ Clearing old Units... 
2026-03-07 19:11:35 [INFO]: ⚠ Clearing old Subjects... 
2026-03-07 19:11:35 [INFO]: ⚠ Clearing old Exams... 
2026-03-07 19:11:35 [INFO]: ⚠ Clearing old Payments... 
2026-03-07 19:11:35 [INFO]: ⚡ Seeding database... 
2026-03-07 19:11:35 [INFO]: 🔥 Exam seeded: 4 successfully! 
2026-03-07 19:11:35 [INFO]: 🔥 Subject seeded: 4 successfully! 
2026-03-07 19:11:35 [INFO]: 🔥 Unit seeded: 11 successfully! 
2026-03-07 19:11:35 [INFO]: 🔥 Topics seeded: 49 successfully! 
2026-03-07 19:11:35 [INFO]: 🔥 Questions seeded: 200 successfully! 
2026-03-07 19:11:35 [INFO]: ✅ All data seeded successfully! 
2026-03-07 19:11:39 [INFO]: GET / ::1 
2026-03-07 19:11:39 [INFO]: GET /css/desktopStyle.css ::1 
2026-03-07 19:11:39 [INFO]: GET /images/biobrain-logo1.png ::1 
2026-03-07 19:11:39 [INFO]: GET /js/navibar.js ::1 
2026-03-07 19:11:39 [INFO]: GET /images/dna-pattern.png ::1 
2026-03-07 19:11:39 [INFO]: GET /images/molucule-structure.png ::1 
2026-03-07 19:11:40 [INFO]: GET /admin ::1 
2026-03-07 19:11:41 [INFO]: GET /css/adminStyle.css ::1 
2026-03-07 19:11:41 [INFO]: GET /js/admin.js ::1 
2026-03-07 19:11:42 [INFO]: GET /admin/topics ::1 
2026-03-07 19:11:42 [INFO]: GET /css/adminStyle.css ::1 
2026-03-07 19:13:03 [INFO]: POST /admin/topics/update/69ac2b0f4772dc7bafe741e2 ::1 
2026-03-07 19:13:38 [INFO]: POST /admin/topics/update/69ac2b0f4772dc7bafe741e2 ::1 
2026-03-07 19:13:46 [INFO]: DELETE /admin/topics/69ac2b0f4772dc7bafe741e2 ::1 
2026-03-07 19:13:50 [INFO]: DELETE /admin/topics/69ac2b0f4772dc7bafe741e2 ::1 
2026-03-07 19:13:55 [INFO]: GET /css/adminStyle.css ::1 
2026-03-07 19:13:55 [INFO]: GET /.well-known/appspecific/com.chrome.devtools.json ::1 
2026-03-07 19:14:12 [INFO]: DELETE /admin/topics/69ac2b0f4772dc7bafe741e2 ::1 
2026-03-07 19:15:57 [INFO]: 🚀 Server running on port 3000 
2026-03-07 19:15:57 [INFO]: ✅ Connected to MongoDB 
2026-03-07 19:15:57 [INFO]: 🔥  Forced seeding enabled. 
2026-03-07 19:15:57 [INFO]: ⚠ Clearing old Questions... 
2026-03-07 19:15:57 [INFO]: ⚠ Clearing old Topics... 
2026-03-07 19:15:57 [INFO]: ⚠ Clearing old Units... 
2026-03-07 19:15:57 [INFO]: ⚠ Clearing old Subjects... 
2026-03-07 19:15:57 [INFO]: ⚠ Clearing old Exams... 
2026-03-07 19:15:57 [INFO]: ⚠ Clearing old Payments... 
2026-03-07 19:15:57 [INFO]: ⚡ Seeding database... 
2026-03-07 19:15:57 [INFO]: 🔥 Exam seeded: 4 successfully! 
2026-03-07 19:15:57 [INFO]: 🔥 Subject seeded: 4 successfully! 
2026-03-07 19:15:57 [INFO]: 🔥 Unit seeded: 11 successfully! 
2026-03-07 19:15:57 [INFO]: 🔥 Topics seeded: 49 successfully! 
2026-03-07 19:15:57 [INFO]: 🔥 Questions seeded: 200 successfully! 
2026-03-07 19:15:57 [INFO]: ✅ All data seeded successfully! 
2026-03-07 19:16:01 [INFO]: GET /admin/subjects ::1 
2026-03-07 19:16:02 [ERROR]: ReferenceError: D:\Projects\BioBrainMdb\views\pages\desktop\admin\subjects\subject.ejs:135
    133| <body>
    134| 
 >> 135| <%- include('../../../../partials/admin/header') %>
    136| 
    137| <div class="admin-container">
    138| 

D:\Projects\BioBrainMdb\views\partials\admin\header.ejs:8
    6|     <div class="header-right">
    7|         <span class="welcome-text">
 >> 8|             Welcome, <%= username ? username : "ADMIN" %>
    9|         </span>
    10| 
    11|         <a href="/" class="home-btn">Home</a>

username is not defined
    at eval ("D:\\Projects\\BioBrainMdb\\views\\partials\\admin\\header.ejs":12:26)
    at header (D:\Projects\BioBrainMdb\node_modules\ejs\lib\ejs.js:703:17)
    at include (D:\Projects\BioBrainMdb\node_modules\ejs\lib\ejs.js:701:39)
    at eval ("D:\\Projects\\BioBrainMdb\\views\\pages\\desktop\\admin\\subjects\\subject.ejs":12:17)
    at subject (D:\Projects\BioBrainMdb\node_modules\ejs\lib\ejs.js:703:17)
    at tryHandleCache (D:\Projects\BioBrainMdb\node_modules\ejs\lib\ejs.js:274:36)
    at exports.renderFile [as engine] (D:\Projects\BioBrainMdb\node_modules\ejs\lib\ejs.js:491:10)
    at View.render (D:\Projects\BioBrainMdb\node_modules\express\lib\view.js:139:8)
    at tryRender (D:\Projects\BioBrainMdb\node_modules\express\lib\application.js:627:10)
    at app.render (D:\Projects\BioBrainMdb\node_modules\express\lib\application.js:574:3) {"error":"D:\\Projects\\BioBrainMdb\\views\\pages\\desktop\\admin\\subjects\\subject.ejs:135\n    133| <body>\r\n    134| \r\n >> 135| <%- include('../../../../partials/admin/header') %>\r\n    136| \r\n    137| <div class=\"admin-container\">\r\n    138| \r\n\nD:\\Projects\\BioBrainMdb\\views\\partials\\admin\\header.ejs:8\n    6|     <div class=\"header-right\">\r\n    7|         <span class=\"welcome-text\">\r\n >> 8|             Welcome, <%= username ? username : \"ADMIN\" %>\r\n    9|         </span>\r\n    10| \r\n    11|         <a href=\"/\" class=\"home-btn\">Home</a>\r\n\nusername is not defined"}
2026-03-07 19:16:03 [INFO]: GET / ::1 
2026-03-07 19:16:03 [INFO]: GET /css/desktopStyle.css ::1 
2026-03-07 19:16:03 [INFO]: GET /images/biobrain-logo1.png ::1 
2026-03-07 19:16:03 [INFO]: GET /js/navibar.js ::1 
2026-03-07 19:16:04 [INFO]: GET /admin ::1 
2026-03-07 19:16:04 [INFO]: GET /css/adminStyle.css ::1 
2026-03-07 19:16:04 [INFO]: GET /js/admin.js ::1 
2026-03-07 19:16:05 [INFO]: GET /admin/topics ::1 
2026-03-07 19:16:05 [INFO]: GET /css/adminStyle.css ::1 
2026-03-07 19:16:27 [INFO]: POST /admin/topics/update/69ac2c15dd2a4bf8c406da04 ::1 
2026-03-07 19:16:39 [INFO]: POST /admin/topics/delete ::1 
2026-03-07 19:17:23 [INFO]: GET /admin/subjects ::1 
2026-03-07 19:17:23 [INFO]: GET /css/adminStyle.css ::1 
2026-03-07 19:21:46 [INFO]: 🚀 Server running on port 3000 
2026-03-07 19:21:46 [INFO]: ✅ Connected to MongoDB 
2026-03-07 19:21:46 [INFO]: 🔥  Forced seeding enabled. 
2026-03-07 19:21:46 [INFO]: ⚠ Clearing old Questions... 
2026-03-07 19:21:46 [INFO]: ⚠ Clearing old Topics... 
2026-03-07 19:21:46 [INFO]: ⚠ Clearing old Units... 
2026-03-07 19:21:46 [INFO]: ⚠ Clearing old Subjects... 
2026-03-07 19:21:46 [INFO]: ⚠ Clearing old Exams... 
2026-03-07 19:21:46 [INFO]: ⚠ Clearing old Payments... 
2026-03-07 19:21:46 [INFO]: ⚡ Seeding database... 
2026-03-07 19:21:46 [INFO]: 🔥 Exam seeded: 4 successfully! 
2026-03-07 19:21:46 [INFO]: 🔥 Subject seeded: 4 successfully! 
2026-03-07 19:21:46 [INFO]: 🔥 Unit seeded: 11 successfully! 
2026-03-07 19:21:46 [INFO]: 🔥 Topics seeded: 49 successfully! 
2026-03-07 19:21:46 [INFO]: 🔥 Questions seeded: 200 successfully! 
2026-03-07 19:21:46 [INFO]: ✅ All data seeded successfully! 
2026-03-07 19:21:49 [INFO]: GET / ::1 
2026-03-07 19:21:49 [INFO]: GET /css/desktopStyle.css ::1 
2026-03-07 19:21:49 [INFO]: GET /images/biobrain-logo1.png ::1 
2026-03-07 19:21:49 [INFO]: GET /js/navibar.js ::1 
2026-03-07 19:21:49 [INFO]: GET /images/dna-pattern.png ::1 
2026-03-07 19:21:49 [INFO]: GET /images/molucule-structure.png ::1 
2026-03-07 19:21:51 [INFO]: GET /admin ::1 
2026-03-07 19:21:51 [INFO]: GET /css/adminStyle.css ::1 
2026-03-07 19:21:51 [INFO]: GET /js/admin.js ::1 
2026-03-07 19:21:52 [INFO]: GET /admin/topics ::1 
2026-03-07 19:21:52 [INFO]: GET /css/adminStyle.css ::1 
2026-03-07 19:22:08 [INFO]: POST /admin/topics/update/69ac2d729c04c91176faa1f3 ::1 
2026-03-07 19:22:15 [INFO]: POST /admin/topics/delete ::1 
2026-03-07 19:22:31 [INFO]: GET /admin ::1 
2026-03-07 19:22:32 [INFO]: GET /css/adminStyle.css ::1 
2026-03-07 19:22:32 [INFO]: GET /js/admin.js ::1 
2026-03-07 19:27:27 [INFO]: 🚀 Server running on port 3000 
2026-03-07 19:27:27 [INFO]: ✅ Connected to MongoDB 
2026-03-07 19:27:27 [INFO]: 🔥  Forced seeding enabled. 
2026-03-07 19:27:27 [INFO]: ⚠ Clearing old Questions... 
2026-03-07 19:27:27 [INFO]: ⚠ Clearing old Topics... 
2026-03-07 19:27:27 [INFO]: ⚠ Clearing old Units... 
2026-03-07 19:27:27 [INFO]: ⚠ Clearing old Subjects... 
2026-03-07 19:27:27 [INFO]: ⚠ Clearing old Exams... 
2026-03-07 19:27:27 [INFO]: ⚠ Clearing old Payments... 
2026-03-07 19:27:27 [INFO]: ⚡ Seeding database... 
2026-03-07 19:27:27 [INFO]: 🔥 Exam seeded: 4 successfully! 
2026-03-07 19:27:27 [INFO]: 🔥 Subject seeded: 4 successfully! 
2026-03-07 19:27:27 [INFO]: 🔥 Unit seeded: 11 successfully! 
2026-03-07 19:27:27 [INFO]: 🔥 Topics seeded: 49 successfully! 
2026-03-07 19:27:28 [INFO]: 🔥 Questions seeded: 200 successfully! 
2026-03-07 19:27:28 [INFO]: ✅ All data seeded successfully! 
2026-03-07 19:27:30 [INFO]: GET / ::1 
2026-03-07 19:27:30 [INFO]: GET /css/desktopStyle.css ::1 
2026-03-07 19:27:30 [INFO]: GET /images/biobrain-logo1.png ::1 
2026-03-07 19:27:30 [INFO]: GET /js/navibar.js ::1 
2026-03-07 19:27:30 [INFO]: GET /images/dna-pattern.png ::1 
2026-03-07 19:27:30 [INFO]: GET /images/molucule-structure.png ::1 
2026-03-07 19:27:31 [INFO]: GET /admin ::1 
2026-03-07 19:27:31 [INFO]: GET /css/adminStyle.css ::1 
2026-03-07 19:27:31 [INFO]: GET /js/admin.js ::1 
2026-03-07 19:27:34 [INFO]: GET /admin/units ::1 
2026-03-07 19:27:34 [INFO]: GET /css/adminStyle.css ::1 
2026-03-07 19:27:34 [INFO]: GET /admin/topics ::1 
2026-03-07 19:27:35 [INFO]: GET /css/adminStyle.css ::1 
2026-03-07 19:27:56 [INFO]: POST /admin/topics/update/69ac2ec7f85c56063e875378 ::1 
2026-03-07 19:28:04 [INFO]: POST /admin/topics/delete ::1 
2026-03-07 19:28:06 [INFO]: GET /admin/topics ::1 
2026-03-07 19:28:06 [INFO]: GET /css/adminStyle.css ::1 
2026-03-07 19:28:15 [INFO]: GET /admin ::1 
2026-03-07 19:28:15 [INFO]: GET /css/adminStyle.css ::1 
2026-03-07 19:28:16 [INFO]: GET /js/admin.js ::1 
2026-03-07 19:28:22 [INFO]: GET /admin ::1 
2026-03-07 19:28:22 [INFO]: GET /css/adminStyle.css ::1 
2026-03-07 19:28:22 [INFO]: GET /js/admin.js ::1 
2026-03-07 19:28:24 [INFO]: GET /admin/topics ::1 
2026-03-07 19:28:24 [INFO]: GET /css/adminStyle.css ::1 
2026-03-07 19:29:10 [INFO]: GET /admin/exams ::1 
2026-03-07 19:29:10 [INFO]: GET /css/adminStyle.css ::1 
2026-03-07 19:29:19 [INFO]: POST /admin/exams/create ::1 
2026-03-07 19:29:20 [INFO]: GET /admin/subjects ::1 
2026-03-07 19:29:20 [INFO]: GET /css/adminStyle.css ::1 
2026-03-07 19:29:30 [INFO]: POST /admin/subjects/create ::1 
2026-03-07 19:29:30 [INFO]: GET /admin/subjects ::1 
2026-03-07 19:29:30 [INFO]: GET /css/adminStyle.css ::1 
2026-03-07 19:29:31 [INFO]: GET /admin/units ::1 
2026-03-07 19:29:32 [INFO]: GET /css/adminStyle.css ::1 
2026-03-07 19:29:52 [INFO]: POST /admin/units/create ::1 
2026-03-07 19:29:53 [INFO]: POST /admin/units/create ::1 
2026-03-07 19:30:42 [INFO]: GET /admin/units ::1 
2026-03-07 19:30:42 [INFO]: GET /css/adminStyle.css ::1 
2026-03-07 19:30:54 [INFO]: GET /admin/topics ::1 
2026-03-07 19:30:54 [INFO]: GET /css/adminStyle.css ::1 
2026-03-07 19:31:25 [INFO]: POST /admin/topics/create ::1 
2026-03-07 19:36:00 [INFO]: 🚀 Server running on port 3000 
2026-03-07 19:36:00 [INFO]: ✅ Connected to MongoDB 
2026-03-07 19:36:00 [INFO]: 🔥  Forced seeding enabled. 
2026-03-07 19:36:00 [INFO]: ⚠ Clearing old Questions... 
2026-03-07 19:36:00 [INFO]: ⚠ Clearing old Topics... 
2026-03-07 19:36:00 [INFO]: ⚠ Clearing old Units... 
2026-03-07 19:36:00 [INFO]: ⚠ Clearing old Subjects... 
2026-03-07 19:36:00 [INFO]: ⚠ Clearing old Exams... 
2026-03-07 19:36:00 [INFO]: ⚠ Clearing old Payments... 
2026-03-07 19:36:00 [INFO]: ⚡ Seeding database... 
2026-03-07 19:36:00 [INFO]: 🔥 Exam seeded: 4 successfully! 
2026-03-07 19:36:00 [INFO]: 🔥 Subject seeded: 4 successfully! 
2026-03-07 19:36:00 [INFO]: 🔥 Unit seeded: 11 successfully! 
2026-03-07 19:36:00 [INFO]: 🔥 Topics seeded: 49 successfully! 
2026-03-07 19:36:00 [INFO]: 🔥 Questions seeded: 200 successfully! 
2026-03-07 19:36:00 [INFO]: ✅ All data seeded successfully! 
2026-03-07 19:36:07 [INFO]: POST /admin/topics/create ::1 
2026-03-07 19:38:36 [INFO]: 🚀 Server running on port 3000 
2026-03-07 19:38:36 [INFO]: ✅ Connected to MongoDB 
2026-03-07 19:38:36 [INFO]: 🔥  Forced seeding enabled. 
2026-03-07 19:38:36 [INFO]: ⚠ Clearing old Questions... 
2026-03-07 19:38:36 [INFO]: ⚠ Clearing old Topics... 
2026-03-07 19:38:36 [INFO]: ⚠ Clearing old Units... 
2026-03-07 19:38:36 [INFO]: ⚠ Clearing old Subjects... 
2026-03-07 19:38:36 [INFO]: ⚠ Clearing old Exams... 
2026-03-07 19:38:36 [INFO]: ⚠ Clearing old Payments... 
2026-03-07 19:38:36 [INFO]: ⚡ Seeding database... 
2026-03-07 19:38:36 [INFO]: 🔥 Exam seeded: 4 successfully! 
2026-03-07 19:38:36 [INFO]: 🔥 Subject seeded: 4 successfully! 
2026-03-07 19:38:36 [INFO]: 🔥 Unit seeded: 11 successfully! 
2026-03-07 19:38:36 [INFO]: 🔥 Topics seeded: 49 successfully! 
2026-03-07 19:38:36 [INFO]: 🔥 Questions seeded: 200 successfully! 
2026-03-07 19:38:36 [INFO]: ✅ All data seeded successfully! 
2026-03-07 19:38:42 [INFO]: POST /admin/topics/create ::1 
2026-03-07 19:40:35 [INFO]: 🚀 Server running on port 3000 
2026-03-07 19:40:35 [INFO]: ✅ Connected to MongoDB 
2026-03-07 19:40:35 [INFO]: 🔥  Forced seeding enabled. 
2026-03-07 19:40:35 [INFO]: ⚠ Clearing old Questions... 
2026-03-07 19:40:35 [INFO]: ⚠ Clearing old Topics... 
2026-03-07 19:40:35 [INFO]: ⚠ Clearing old Units... 
2026-03-07 19:40:35 [INFO]: ⚠ Clearing old Subjects... 
2026-03-07 19:40:35 [INFO]: ⚠ Clearing old Exams... 
2026-03-07 19:40:35 [INFO]: ⚠ Clearing old Payments... 
2026-03-07 19:40:35 [INFO]: ⚡ Seeding database... 
2026-03-07 19:40:35 [INFO]: 🔥 Exam seeded: 4 successfully! 
2026-03-07 19:40:35 [INFO]: 🔥 Subject seeded: 4 successfully! 
2026-03-07 19:40:35 [INFO]: 🔥 Unit seeded: 11 successfully! 
2026-03-07 19:40:35 [INFO]: 🔥 Topics seeded: 49 successfully! 
2026-03-07 19:40:35 [INFO]: 🔥 Questions seeded: 200 successfully! 
2026-03-07 19:40:35 [INFO]: ✅ All data seeded successfully! 
2026-03-07 19:40:41 [INFO]: GET / ::1 
2026-03-07 19:40:41 [INFO]: GET /css/desktopStyle.css ::1 
2026-03-07 19:40:41 [INFO]: GET /images/biobrain-logo1.png ::1 
2026-03-07 19:40:41 [INFO]: GET /js/navibar.js ::1 
2026-03-07 19:40:41 [INFO]: GET /images/dna-pattern.png ::1 
2026-03-07 19:40:41 [INFO]: GET /images/molucule-structure.png ::1 
2026-03-07 19:40:42 [INFO]: GET /admin ::1 
2026-03-07 19:40:42 [INFO]: GET /css/adminStyle.css ::1 
2026-03-07 19:40:42 [INFO]: GET /js/admin.js ::1 
2026-03-07 19:40:43 [INFO]: GET /admin/subjects ::1 
2026-03-07 19:40:43 [INFO]: GET /css/adminStyle.css ::1 
2026-03-07 19:40:44 [INFO]: GET /admin/units ::1 
2026-03-07 19:40:44 [INFO]: GET /css/adminStyle.css ::1 
2026-03-07 19:40:44 [INFO]: GET /admin/topics ::1 
2026-03-07 19:40:44 [INFO]: GET /css/adminStyle.css ::1 
2026-03-07 19:40:46 [INFO]: GET /admin/exams ::1 
2026-03-07 19:40:46 [INFO]: GET /css/adminStyle.css ::1 
2026-03-07 19:40:54 [INFO]: POST /admin/exams/create ::1 
2026-03-07 19:40:57 [INFO]: GET /admin/subjects ::1 
2026-03-07 19:40:57 [INFO]: GET /css/adminStyle.css ::1 
2026-03-07 19:41:09 [INFO]: POST /admin/subjects/create ::1 
2026-03-07 19:41:09 [INFO]: GET /admin/subjects ::1 
2026-03-07 19:41:09 [INFO]: GET /css/adminStyle.css ::1 
2026-03-07 19:41:11 [INFO]: GET /admin/units ::1 
2026-03-07 19:41:11 [INFO]: GET /css/adminStyle.css ::1 
2026-03-07 19:41:50 [INFO]: POST /admin/units/create ::1 
2026-03-07 19:42:16 [INFO]: POST /admin/units/create ::1 
2026-03-07 19:42:19 [INFO]: POST /admin/units/create ::1 
2026-03-07 19:43:40 [INFO]: 🚀 Server running on port 3000 
2026-03-07 19:43:40 [INFO]: ✅ Connected to MongoDB 
2026-03-07 19:43:40 [INFO]: 🔥  Forced seeding enabled. 
2026-03-07 19:43:40 [INFO]: ⚠ Clearing old Questions... 
2026-03-07 19:43:40 [INFO]: ⚠ Clearing old Topics... 
2026-03-07 19:43:40 [INFO]: ⚠ Clearing old Units... 
2026-03-07 19:43:40 [INFO]: ⚠ Clearing old Subjects... 
2026-03-07 19:43:40 [INFO]: ⚠ Clearing old Exams... 
2026-03-07 19:43:40 [INFO]: ⚠ Clearing old Payments... 
2026-03-07 19:43:40 [INFO]: ⚡ Seeding database... 
2026-03-07 19:43:40 [INFO]: 🔥 Exam seeded: 4 successfully! 
2026-03-07 19:43:40 [INFO]: 🔥 Subject seeded: 4 successfully! 
2026-03-07 19:43:40 [INFO]: 🔥 Unit seeded: 11 successfully! 
2026-03-07 19:43:40 [INFO]: 🔥 Topics seeded: 49 successfully! 
2026-03-07 19:43:40 [INFO]: 🔥 Questions seeded: 200 successfully! 
2026-03-07 19:43:40 [INFO]: ✅ All data seeded successfully! 
2026-03-07 19:43:44 [INFO]: GET / ::1 
2026-03-07 19:43:44 [INFO]: GET /css/desktopStyle.css ::1 
2026-03-07 19:43:44 [INFO]: GET /images/biobrain-logo1.png ::1 
2026-03-07 19:43:44 [INFO]: GET /js/navibar.js ::1 
2026-03-07 19:43:44 [INFO]: GET /images/dna-pattern.png ::1 
2026-03-07 19:43:44 [INFO]: GET /images/molucule-structure.png ::1 
2026-03-07 19:43:45 [INFO]: GET /admin ::1 
2026-03-07 19:43:45 [INFO]: GET /css/adminStyle.css ::1 
2026-03-07 19:43:45 [INFO]: GET /js/admin.js ::1 
2026-03-07 19:43:47 [INFO]: GET /admin/units ::1 
2026-03-07 19:43:47 [INFO]: GET /css/adminStyle.css ::1 
2026-03-07 19:44:03 [INFO]: POST /admin/units/create ::1 
2026-03-07 19:44:04 [INFO]: GET /admin/units ::1 
2026-03-07 19:44:04 [INFO]: GET /css/adminStyle.css ::1 
2026-03-07 19:44:15 [INFO]: GET /admin/topics ::1 
2026-03-07 19:44:15 [INFO]: GET /css/adminStyle.css ::1 
2026-03-07 19:44:37 [INFO]: GET /admin/subjects ::1 
2026-03-07 19:44:37 [INFO]: GET /css/adminStyle.css ::1 
2026-03-07 19:44:40 [INFO]: GET /admin/exams ::1 
2026-03-07 19:44:40 [INFO]: GET /css/adminStyle.css ::1 
2026-03-07 19:44:43 [INFO]: GET /admin/exams ::1 
2026-03-07 19:44:43 [INFO]: GET /css/adminStyle.css ::1 
2026-03-07 19:44:52 [INFO]: GET /admin/units ::1 
2026-03-07 19:44:52 [INFO]: GET /css/adminStyle.css ::1 
2026-03-07 19:44:57 [INFO]: GET /admin/topics ::1 
2026-03-07 19:44:57 [INFO]: GET /css/adminStyle.css ::1 
2026-03-07 19:45:22 [INFO]: GET /admin/units ::1 
2026-03-07 19:45:22 [INFO]: GET /css/adminStyle.css ::1 
2026-03-07 19:45:39 [INFO]: GET /admin/topics ::1 
2026-03-07 19:45:39 [INFO]: GET /css/adminStyle.css ::1 
2026-03-07 19:46:59 [INFO]: POST /admin/reset/factory ::1 
2026-03-07 19:46:59 [INFO]: 🔥  Forced seeding enabled. 
2026-03-07 19:46:59 [INFO]: ⚠ Clearing old Questions... 
2026-03-07 19:46:59 [INFO]: ⚠ Clearing old Topics... 
2026-03-07 19:46:59 [INFO]: ⚠ Clearing old Units... 
2026-03-07 19:46:59 [INFO]: ⚠ Clearing old Subjects... 
2026-03-07 19:46:59 [INFO]: ⚠ Clearing old Exams... 
2026-03-07 19:46:59 [INFO]: ⚠ Clearing old Payments... 
2026-03-07 19:46:59 [INFO]: ⚡ Seeding database... 
2026-03-07 19:46:59 [INFO]: 🔥 Exam seeded: 4 successfully! 
2026-03-07 19:46:59 [INFO]: 🔥 Subject seeded: 4 successfully! 
2026-03-07 19:47:00 [INFO]: 🔥 Unit seeded: 11 successfully! 
2026-03-07 19:47:00 [INFO]: 🔥 Topics seeded: 49 successfully! 
2026-03-07 19:47:00 [INFO]: 🔥 Questions seeded: 200 successfully! 
2026-03-07 19:47:00 [INFO]: ✅ All data seeded successfully! 
2026-03-07 19:47:01 [INFO]: GET /admin/topics ::1 
2026-03-07 19:47:01 [INFO]: GET /css/adminStyle.css ::1 
2026-03-07 19:47:03 [INFO]: GET /admin/exams ::1 
2026-03-07 19:47:03 [INFO]: GET /css/adminStyle.css ::1 
2026-03-07 19:47:14 [INFO]: POST /admin/exams/create ::1 
2026-03-07 19:47:16 [INFO]: GET /admin/subjects ::1 
2026-03-07 19:47:16 [INFO]: GET /css/adminStyle.css ::1 
2026-03-07 19:47:27 [INFO]: POST /admin/subjects/create ::1 
2026-03-07 19:47:27 [INFO]: GET /admin/subjects ::1 
2026-03-07 19:47:27 [INFO]: GET /css/adminStyle.css ::1 
2026-03-07 19:47:30 [INFO]: GET /admin/units ::1 
2026-03-07 19:47:30 [INFO]: GET /css/adminStyle.css ::1 
2026-03-07 19:47:49 [INFO]: POST /admin/units/create ::1 
2026-03-07 19:47:50 [INFO]: GET /admin/units ::1 
2026-03-07 19:47:50 [INFO]: GET /css/adminStyle.css ::1 
2026-03-07 19:47:54 [INFO]: GET /admin/topics ::1 
2026-03-07 19:47:54 [INFO]: GET /css/adminStyle.css ::1 
2026-03-07 19:48:16 [INFO]: POST /admin/topics/create ::1 
2026-03-07 19:48:54 [INFO]: POST /admin/topics/update/69ac33a86d91969d9abadb15 ::1 
2026-03-07 19:49:00 [INFO]: POST /admin/topics/delete ::1 
2026-03-07 19:49:56 [INFO]: GET /admin/topics ::1 
2026-03-07 19:49:56 [INFO]: GET /css/adminStyle.css ::1 
