2026-03-07 18:58:21 [ERROR]: Error: Failed to lookup view "`pages/${getDevice(req)}/admin/topics/topic`" in views directory "D:\Projects\BioBrainMdb\views"
    at app.render (D:\Projects\BioBrainMdb\node_modules\express\lib\application.js:562:17)
    at ServerResponse.render (D:\Projects\BioBrainMdb\node_modules\express\lib\response.js:923:7)
    at exports.list (D:\Projects\BioBrainMdb\controllers\admin\topicController.js:25:9)
    at process.processTicksAndRejections (node:internal/process/task_queues:103:5) {"error":"Failed to lookup view \"`pages/${getDevice(req)}/admin/topics/topic`\" in views directory \"D:\\Projects\\BioBrainMdb\\views\""}
2026-03-07 19:16:02 [ERROR]: ReferenceError: D:\Projects\BioBrainMdb\views\pages\desktop\admin\subjects\subject.ejs:135
    133| <body>
    134| 
 >> 135| <%- include('../../../../partials/admin/header') %>
    136| 
    137| <div class="admin-container">
    138| 

D:\Projects\BioBrainMdb\views\partials\admin\header.ejs:8
    6|     <div class="header-right">
    7|         <span class="welcome-text">
 >> 8|             Welcome, <%= username ? username : "ADMIN" %>
    9|         </span>
    10| 
    11|         <a href="/" class="home-btn">Home</a>

username is not defined
    at eval ("D:\\Projects\\BioBrainMdb\\views\\partials\\admin\\header.ejs":12:26)
    at header (D:\Projects\BioBrainMdb\node_modules\ejs\lib\ejs.js:703:17)
    at include (D:\Projects\BioBrainMdb\node_modules\ejs\lib\ejs.js:701:39)
    at eval ("D:\\Projects\\BioBrainMdb\\views\\pages\\desktop\\admin\\subjects\\subject.ejs":12:17)
    at subject (D:\Projects\BioBrainMdb\node_modules\ejs\lib\ejs.js:703:17)
    at tryHandleCache (D:\Projects\BioBrainMdb\node_modules\ejs\lib\ejs.js:274:36)
    at exports.renderFile [as engine] (D:\Projects\BioBrainMdb\node_modules\ejs\lib\ejs.js:491:10)
    at View.render (D:\Projects\BioBrainMdb\node_modules\express\lib\view.js:139:8)
    at tryRender (D:\Projects\BioBrainMdb\node_modules\express\lib\application.js:627:10)
    at app.render (D:\Projects\BioBrainMdb\node_modules\express\lib\application.js:574:3) {"error":"D:\\Projects\\BioBrainMdb\\views\\pages\\desktop\\admin\\subjects\\subject.ejs:135\n    133| <body>\r\n    134| \r\n >> 135| <%- include('../../../../partials/admin/header') %>\r\n    136| \r\n    137| <div class=\"admin-container\">\r\n    138| \r\n\nD:\\Projects\\BioBrainMdb\\views\\partials\\admin\\header.ejs:8\n    6|     <div class=\"header-right\">\r\n    7|         <span class=\"welcome-text\">\r\n >> 8|             Welcome, <%= username ? username : \"ADMIN\" %>\r\n    9|         </span>\r\n    10| \r\n    11|         <a href=\"/\" class=\"home-btn\">Home</a>\r\n\nusername is not defined"}
