2026-03-15 11:54:25 [ERROR]: ReferenceError: D:\Projects\BioBrainMdb\views\pages\desktop\startquiz.ejs:264
    262|                 <h4>📊 Your Last 50 Quiz Performances</h4>
    263| 
 >> 264|                 <% if (quizResults && quizResults.length> 0) { %>
    265|                     <div class="table-container">
    266|                         <table>
    267|                             <thead>

quizResults is not defined
    at eval ("D:\\Projects\\BioBrainMdb\\views\\pages\\desktop\\startquiz.ejs":15:8)
    at startquiz (D:\Projects\BioBrainMdb\node_modules\ejs\lib\ejs.js:703:17)
    at tryHandleCache (D:\Projects\BioBrainMdb\node_modules\ejs\lib\ejs.js:274:36)
    at exports.renderFile [as engine] (D:\Projects\BioBrainMdb\node_modules\ejs\lib\ejs.js:491:10)
    at View.render (D:\Projects\BioBrainMdb\node_modules\express\lib\view.js:139:8)
    at tryRender (D:\Projects\BioBrainMdb\node_modules\express\lib\application.js:627:10)
    at app.render (D:\Projects\BioBrainMdb\node_modules\express\lib\application.js:574:3)
    at ServerResponse.render (D:\Projects\BioBrainMdb\node_modules\express\lib\response.js:923:7)
    at exports.init (D:\Projects\BioBrainMdb\controllers\mocktestController.js:11:9)
    at process.processTicksAndRejections (node:internal/process/task_queues:103:5) {"error":"D:\\Projects\\BioBrainMdb\\views\\pages\\desktop\\startquiz.ejs:264\n    262|                 <h4>📊 Your Last 50 Quiz Performances</h4>\r\n    263| \r\n >> 264|                 <% if (quizResults && quizResults.length> 0) { %>\r\n    265|                     <div class=\"table-container\">\r\n    266|                         <table>\r\n    267|                             <thead>\r\n\nquizResults is not defined"}
2026-03-15 16:33:14 [ERROR]: ReferenceError: resultcount is not defined
    at getResultsForPaging (D:\Projects\BioBrainMdb\services\mocktestService.js:70:32)
    at process.processTicksAndRejections (node:internal/process/task_queues:103:5)
    at async exports.init (D:\Projects\BioBrainMdb\services\mocktestService.js:28:7)
    at async exports.init (D:\Projects\BioBrainMdb\controllers\mocktestController.js:6:28) 
2026-03-15 16:33:14 [ERROR]: ReferenceError: examcode is not defined
    at exports.init (D:\Projects\BioBrainMdb\services\mocktestService.js:49:7)
    at process.processTicksAndRejections (node:internal/process/task_queues:103:5)
    at async exports.init (D:\Projects\BioBrainMdb\controllers\mocktestController.js:6:28) {"error":"examcode is not defined"}
2026-03-15 16:34:29 [ERROR]: ReferenceError: pagelimit is not defined
    at getResultsForPaging (D:\Projects\BioBrainMdb\services\mocktestService.js:70:46)
    at process.processTicksAndRejections (node:internal/process/task_queues:103:5)
    at async exports.init (D:\Projects\BioBrainMdb\services\mocktestService.js:28:7)
    at async exports.init (D:\Projects\BioBrainMdb\controllers\mocktestController.js:6:28) 
2026-03-15 16:34:29 [ERROR]: ReferenceError: examcode is not defined
    at exports.init (D:\Projects\BioBrainMdb\services\mocktestService.js:49:7)
    at process.processTicksAndRejections (node:internal/process/task_queues:103:5)
    at async exports.init (D:\Projects\BioBrainMdb\controllers\mocktestController.js:6:28) {"error":"examcode is not defined"}
2026-03-15 16:34:58 [ERROR]: ReferenceError: pageresult is not defined
    at getResultsForPaging (D:\Projects\BioBrainMdb\services\mocktestService.js:81:12)
    at process.processTicksAndRejections (node:internal/process/task_queues:103:5)
    at async exports.init (D:\Projects\BioBrainMdb\services\mocktestService.js:28:7)
    at async exports.init (D:\Projects\BioBrainMdb\controllers\mocktestController.js:6:28) 
2026-03-15 16:34:58 [ERROR]: ReferenceError: examcode is not defined
    at exports.init (D:\Projects\BioBrainMdb\services\mocktestService.js:49:7)
    at process.processTicksAndRejections (node:internal/process/task_queues:103:5)
    at async exports.init (D:\Projects\BioBrainMdb\controllers\mocktestController.js:6:28) {"error":"examcode is not defined"}
2026-03-15 16:35:24 [ERROR]: ReferenceError: totalpages is not defined
    at exports.init (D:\Projects\BioBrainMdb\services\mocktestService.js:38:7)
    at process.processTicksAndRejections (node:internal/process/task_queues:103:5)
    at async exports.init (D:\Projects\BioBrainMdb\controllers\mocktestController.js:6:28) 
2026-03-15 16:35:24 [ERROR]: ReferenceError: examcode is not defined
    at exports.init (D:\Projects\BioBrainMdb\services\mocktestService.js:49:7)
    at process.processTicksAndRejections (node:internal/process/task_queues:103:5)
    at async exports.init (D:\Projects\BioBrainMdb\controllers\mocktestController.js:6:28) {"error":"examcode is not defined"}
2026-03-15 16:36:27 [ERROR]: ReferenceError: resultsforgraph is not defined
    at exports.init (D:\Projects\BioBrainMdb\services\mocktestService.js:39:7)
    at process.processTicksAndRejections (node:internal/process/task_queues:103:5)
    at async exports.init (D:\Projects\BioBrainMdb\controllers\mocktestController.js:6:28) 
2026-03-15 16:36:27 [ERROR]: ReferenceError: examcode is not defined
    at exports.init (D:\Projects\BioBrainMdb\services\mocktestService.js:49:7)
    at process.processTicksAndRejections (node:internal/process/task_queues:103:5)
    at async exports.init (D:\Projects\BioBrainMdb\controllers\mocktestController.js:6:28) {"error":"examcode is not defined"}
2026-03-15 16:37:46 [ERROR]: TypeError: D:\Projects\BioBrainMdb\views\pages\desktop\quiz.ejs:178
    176|             <%= examSession.examName %> &gt; <%= examSession.subjectName %> &gt;
    177|                 <span class="truncate" title="<%= examSession.unitName %>">
 >> 178|                   <%= examSession.unitName.length> 15 ? examSession.unitName.slice(0, 15) + '...' : examSession.unitName
    179|                     %>
    180|                 </span> &gt;
    181|                 <span class="truncate" title="<%= examSession.topicName %>">

Cannot read properties of undefined (reading 'length')
    at eval ("D:\\Projects\\BioBrainMdb\\views\\pages\\desktop\\quiz.ejs":23:47)
    at quiz (D:\Projects\BioBrainMdb\node_modules\ejs\lib\ejs.js:703:17)
    at tryHandleCache (D:\Projects\BioBrainMdb\node_modules\ejs\lib\ejs.js:274:36)
    at exports.renderFile [as engine] (D:\Projects\BioBrainMdb\node_modules\ejs\lib\ejs.js:491:10)
    at View.render (D:\Projects\BioBrainMdb\node_modules\express\lib\view.js:139:8)
    at tryRender (D:\Projects\BioBrainMdb\node_modules\express\lib\application.js:627:10)
    at app.render (D:\Projects\BioBrainMdb\node_modules\express\lib\application.js:574:3)
    at ServerResponse.render (D:\Projects\BioBrainMdb\node_modules\express\lib\response.js:923:7)
    at exports.createOrder (D:\Projects\BioBrainMdb\controllers\mocktestController.js:19:16)
    at process.processTicksAndRejections (node:internal/process/task_queues:103:5) {"error":"D:\\Projects\\BioBrainMdb\\views\\pages\\desktop\\quiz.ejs:178\n    176|             <%= examSession.examName %> &gt; <%= examSession.subjectName %> &gt;\r\n    177|                 <span class=\"truncate\" title=\"<%= examSession.unitName %>\">\r\n >> 178|                   <%= examSession.unitName.length> 15 ? examSession.unitName.slice(0, 15) + '...' : examSession.unitName\r\n    179|                     %>\r\n    180|                 </span> &gt;\r\n    181|                 <span class=\"truncate\" title=\"<%= examSession.topicName %>\">\r\n\nCannot read properties of undefined (reading 'length')"}
